[Exception]: возникла ошибка:
[Exception]: текст: {"error":{"error_code":911,"error_msg":"Keyboard format is invalid: button [3][0] has invalid type","request_params":[{"key":"method","value":"messages.send"},{"key":"oauth","value":"1"},{"key":"peer_id","value":"564375596"},{"key":"keyboard","value":"{\"one_time\":false,\"buttons\":[[{\"action\":{\"type\":\"text\",\"payload\":\"{\\\"command\\\":\\\"zavka\\\"}\",\"label\":\"\u0413\u0434\u0435 \u0437\u0430\u043a\u0430\u0437\u0430\u0442\u044c \u0442\u0440\u0435\u043a? \ud83c\udfb5 \"},\"color\":\"positive\"}],[{\"action\":{\"type\":\"text\",\"payload\":\"{\\\"command\\\":\\\"zavka2\\\"}\",\"label\":\"\u041a\u0430\u043a \u043f\u043e\u043b\u0443\u0447\u0438\u0442\u044c 100 \u0440\u0443\u0431\u043b\u0435\u0439? \ud83d\udcb2 \"},\"color\":\"positive\"}],[{\"action\":{\"type\":\"text\",\"payload\":\"{\\\"command\\\":\\\"zavka3\\\"}\",\"label\":\"\u0417\u0430\u044f\u0432\u043b\u0435\u043d\u0438\u0435 \u043d\u0430 rDJ \ud83d\udcbc\"},\"color\":\"positive\"}],[{\"action\":{\"type\":null}}],[{\"action\":{\"type\":\"text\",\"payload\":\"{\\\"command\\\":\\\"nazad\\\"}\",\"label\":\"\u041d\u0430\u0437\u0430\u0434 \ud83c\udf99 \"},\"color\":\"default\"}]],\"inline\":false}"},{"key":"v","value":"5.103"},{"key":"random_id","value":"1171967686"}]}}
[Exception]: код ошибки: 911
[Exception]: файл: /var/www/lm_1121/data/www/boom-vk.tk/simplevk-master/src/vk_api.php:223
[Exception]: путь ошибки: #0 /var/www/lm_1121/data/www/boom-vk.tk/simplevk-master/src/vk_api.php(420): DigitalStar\vk_api\vk_api->request('messages.send', Array)
#1 /var/www/lm_1121/data/www/boom-vk.tk/bot.php(206): DigitalStar\vk_api\vk_api->sendButton(564375596, '\xD0\x90\xD0\xBB\xD0\xB5\xD0\xBA\xD1\x81\xD0\xB0\xD0\xBD\xD0...', Array)
#2 {main}
[Exception]: возникла ошибка:
[Exception]: текст: {"error":{"error_code":911,"error_msg":"Keyboard format is invalid: button [3][0] has invalid type","request_params":[{"key":"method","value":"messages.send"},{"key":"oauth","value":"1"},{"key":"peer_id","value":"307267314"},{"key":"keyboard","value":"{\"one_time\":false,\"buttons\":[[{\"action\":{\"type\":\"text\",\"payload\":\"{\\\"command\\\":\\\"zavka\\\"}\",\"label\":\"\u0413\u0434\u0435 \u0437\u0430\u043a\u0430\u0437\u0430\u0442\u044c \u0442\u0440\u0435\u043a? \ud83c\udfb5 \"},\"color\":\"positive\"}],[{\"action\":{\"type\":\"text\",\"payload\":\"{\\\"command\\\":\\\"zavka2\\\"}\",\"label\":\"\u041a\u0430\u043a \u043f\u043e\u043b\u0443\u0447\u0438\u0442\u044c 100 \u0440\u0443\u0431\u043b\u0435\u0439? \ud83d\udcb2 \"},\"color\":\"positive\"}],[{\"action\":{\"type\":\"text\",\"payload\":\"{\\\"command\\\":\\\"zavka3\\\"}\",\"label\":\"\u0417\u0430\u044f\u0432\u043b\u0435\u043d\u0438\u0435 \u043d\u0430 rDJ \ud83d\udcbc\"},\"color\":\"positive\"}],[{\"action\":{\"type\":null}}],[{\"action\":{\"type\":\"text\",\"payload\":\"{\\\"command\\\":\\\"nazad\\\"}\",\"label\":\"\u041d\u0430\u0437\u0430\u0434 \ud83c\udf99 \"},\"color\":\"default\"}]],\"inline\":false}"},{"key":"v","value":"5.103"},{"key":"random_id","value":"1932258591"}]}}
[Exception]: код ошибки: 911
[Exception]: файл: /var/www/lm_1121/data/www/boom-vk.tk/simplevk-master/src/vk_api.php:223
[Exception]: путь ошибки: #0 /var/www/lm_1121/data/www/boom-vk.tk/simplevk-master/src/vk_api.php(420): DigitalStar\vk_api\vk_api->request('messages.send', Array)
#1 /var/www/lm_1121/data/www/boom-vk.tk/bot.php(206): DigitalStar\vk_api\vk_api->sendButton(307267314, '\xD0\x9C\xD0\xB0\xD0\xBA\xD1\x81\xD0\xB8\xD0\xBC, \xD0...', Array)
#2 {main}
[Exception]: возникла ошибка:
[Exception]: текст: {"error":{"error_code":911,"error_msg":"Keyboard format is invalid: button [3][0] has invalid type","request_params":[{"key":"method","value":"messages.send"},{"key":"oauth","value":"1"},{"key":"peer_id","value":"307267314"},{"key":"keyboard","value":"{\"one_time\":false,\"buttons\":[[{\"action\":{\"type\":\"text\",\"payload\":\"{\\\"command\\\":\\\"zavka\\\"}\",\"label\":\"\u0413\u0434\u0435 \u0437\u0430\u043a\u0430\u0437\u0430\u0442\u044c \u0442\u0440\u0435\u043a? \ud83c\udfb5 \"},\"color\":\"positive\"}],[{\"action\":{\"type\":\"text\",\"payload\":\"{\\\"command\\\":\\\"zavka2\\\"}\",\"label\":\"\u041a\u0430\u043a \u043f\u043e\u043b\u0443\u0447\u0438\u0442\u044c 100 \u0440\u0443\u0431\u043b\u0435\u0439? \ud83d\udcb2 \"},\"color\":\"positive\"}],[{\"action\":{\"type\":\"text\",\"payload\":\"{\\\"command\\\":\\\"zavka3\\\"}\",\"label\":\"\u0417\u0430\u044f\u0432\u043b\u0435\u043d\u0438\u0435 \u043d\u0430 rDJ \ud83d\udcbc\"},\"color\":\"positive\"}],[{\"action\":{\"type\":null}}],[{\"action\":{\"type\":\"text\",\"payload\":\"{\\\"command\\\":\\\"nazad\\\"}\",\"label\":\"\u041d\u0430\u0437\u0430\u0434 \ud83c\udf99 \"},\"color\":\"default\"}]],\"inline\":false}"},{"key":"v","value":"5.103"},{"key":"random_id","value":"-1589299810"}]}}
[Exception]: код ошибки: 911
[Exception]: файл: /var/www/lm_1121/data/www/boom-vk.tk/simplevk-master/src/vk_api.php:223
[Exception]: путь ошибки: #0 /var/www/lm_1121/data/www/boom-vk.tk/simplevk-master/src/vk_api.php(420): DigitalStar\vk_api\vk_api->request('messages.send', Array)
#1 /var/www/lm_1121/data/www/boom-vk.tk/bot.php(206): DigitalStar\vk_api\vk_api->sendButton(307267314, '\xD0\x9C\xD0\xB0\xD0\xBA\xD1\x81\xD0\xB8\xD0\xBC, \xD0...', Array)
#2 {main}
[Exception]: возникла ошибка:
[Exception]: текст: {"error":{"error_code":911,"error_msg":"Keyboard format is invalid: button [3][0] has invalid type","request_params":[{"key":"method","value":"messages.send"},{"key":"oauth","value":"1"},{"key":"peer_id","value":"307267314"},{"key":"keyboard","value":"{\"one_time\":false,\"buttons\":[[{\"action\":{\"type\":\"text\",\"payload\":\"{\\\"command\\\":\\\"zavka\\\"}\",\"label\":\"\u0413\u0434\u0435 \u0437\u0430\u043a\u0430\u0437\u0430\u0442\u044c \u0442\u0440\u0435\u043a? \ud83c\udfb5 \"},\"color\":\"positive\"}],[{\"action\":{\"type\":\"text\",\"payload\":\"{\\\"command\\\":\\\"zavka2\\\"}\",\"label\":\"\u041a\u0430\u043a \u043f\u043e\u043b\u0443\u0447\u0438\u0442\u044c 100 \u0440\u0443\u0431\u043b\u0435\u0439? \ud83d\udcb2 \"},\"color\":\"positive\"}],[{\"action\":{\"type\":\"text\",\"payload\":\"{\\\"command\\\":\\\"zavka3\\\"}\",\"label\":\"\u0417\u0430\u044f\u0432\u043b\u0435\u043d\u0438\u0435 \u043d\u0430 rDJ \ud83d\udcbc\"},\"color\":\"positive\"}],[{\"action\":{\"type\":null}}],[{\"action\":{\"type\":\"text\",\"payload\":\"{\\\"command\\\":\\\"nazad\\\"}\",\"label\":\"\u041d\u0430\u0437\u0430\u0434 \ud83c\udf99 \"},\"color\":\"default\"}]],\"inline\":false}"},{"key":"v","value":"5.103"},{"key":"random_id","value":"1922951093"}]}}
[Exception]: код ошибки: 911
[Exception]: файл: /var/www/lm_1121/data/www/boom-vk.tk/simplevk-master/src/vk_api.php:223
[Exception]: путь ошибки: #0 /var/www/lm_1121/data/www/boom-vk.tk/simplevk-master/src/vk_api.php(420): DigitalStar\vk_api\vk_api->request('messages.send', Array)
#1 /var/www/lm_1121/data/www/boom-vk.tk/bot.php(206): DigitalStar\vk_api\vk_api->sendButton(307267314, '\xD0\x9C\xD0\xB0\xD0\xBA\xD1\x81\xD0\xB8\xD0\xBC, \xD0...', Array)
#2 {main}
[Exception]: возникла ошибка:
[Exception]: текст: {"error":{"error_code":911,"error_msg":"Keyboard format is invalid: button [3][0] has invalid type","request_params":[{"key":"method","value":"messages.send"},{"key":"oauth","value":"1"},{"key":"peer_id","value":"307267314"},{"key":"keyboard","value":"{\"one_time\":false,\"buttons\":[[{\"action\":{\"type\":\"text\",\"payload\":\"{\\\"command\\\":\\\"zavka\\\"}\",\"label\":\"\u0413\u0434\u0435 \u0437\u0430\u043a\u0430\u0437\u0430\u0442\u044c \u0442\u0440\u0435\u043a? \ud83c\udfb5 \"},\"color\":\"positive\"}],[{\"action\":{\"type\":\"text\",\"payload\":\"{\\\"command\\\":\\\"zavka2\\\"}\",\"label\":\"\u041a\u0430\u043a \u043f\u043e\u043b\u0443\u0447\u0438\u0442\u044c 100 \u0440\u0443\u0431\u043b\u0435\u0439? \ud83d\udcb2 \"},\"color\":\"positive\"}],[{\"action\":{\"type\":\"text\",\"payload\":\"{\\\"command\\\":\\\"zavka3\\\"}\",\"label\":\"\u0417\u0430\u044f\u0432\u043b\u0435\u043d\u0438\u0435 \u043d\u0430 rDJ \ud83d\udcbc\"},\"color\":\"positive\"}],[{\"action\":{\"type\":null}}],[{\"action\":{\"type\":\"text\",\"payload\":\"{\\\"command\\\":\\\"nazad\\\"}\",\"label\":\"\u041d\u0430\u0437\u0430\u0434 \ud83c\udf99 \"},\"color\":\"default\"}]],\"inline\":false}"},{"key":"v","value":"5.103"},{"key":"random_id","value":"-168966155"}]}}
[Exception]: код ошибки: 911
[Exception]: файл: /var/www/lm_1121/data/www/boom-vk.tk/simplevk-master/src/vk_api.php:223
[Exception]: путь ошибки: #0 /var/www/lm_1121/data/www/boom-vk.tk/simplevk-master/src/vk_api.php(420): DigitalStar\vk_api\vk_api->request('messages.send', Array)
#1 /var/www/lm_1121/data/www/boom-vk.tk/bot.php(206): DigitalStar\vk_api\vk_api->sendButton(307267314, '\xD0\x9C\xD0\xB0\xD0\xBA\xD1\x81\xD0\xB8\xD0\xBC, \xD0...', Array)
#2 {main}
[Exception]: возникла ошибка:
[Exception]: текст: {"error":{"error_code":911,"error_msg":"Keyboard format is invalid: button [3][0] has invalid type","request_params":[{"key":"method","value":"messages.send"},{"key":"oauth","value":"1"},{"key":"peer_id","value":"307267314"},{"key":"keyboard","value":"{\"one_time\":false,\"buttons\":[[{\"action\":{\"type\":\"text\",\"payload\":\"{\\\"command\\\":\\\"zavka\\\"}\",\"label\":\"\u0413\u0434\u0435 \u0437\u0430\u043a\u0430\u0437\u0430\u0442\u044c \u0442\u0440\u0435\u043a? \ud83c\udfb5 \"},\"color\":\"positive\"}],[{\"action\":{\"type\":\"text\",\"payload\":\"{\\\"command\\\":\\\"zavka2\\\"}\",\"label\":\"\u041a\u0430\u043a \u043f\u043e\u043b\u0443\u0447\u0438\u0442\u044c 100 \u0440\u0443\u0431\u043b\u0435\u0439? \ud83d\udcb2 \"},\"color\":\"positive\"}],[{\"action\":{\"type\":\"text\",\"payload\":\"{\\\"command\\\":\\\"zavka3\\\"}\",\"label\":\"\u0417\u0430\u044f\u0432\u043b\u0435\u043d\u0438\u0435 \u043d\u0430 rDJ \ud83d\udcbc\"},\"color\":\"positive\"}],[{\"action\":{\"type\":null}}],[{\"action\":{\"type\":\"text\",\"payload\":\"{\\\"command\\\":\\\"nazad\\\"}\",\"label\":\"\u041d\u0430\u0437\u0430\u0434 \ud83c\udf99 \"},\"color\":\"default\"}]],\"inline\":false}"},{"key":"v","value":"5.103"},{"key":"random_id","value":"-256523299"}]}}
[Exception]: код ошибки: 911
[Exception]: файл: /var/www/lm_1121/data/www/boom-vk.tk/simplevk-master/src/vk_api.php:223
[Exception]: путь ошибки: #0 /var/www/lm_1121/data/www/boom-vk.tk/simplevk-master/src/vk_api.php(420): DigitalStar\vk_api\vk_api->request('messages.send', Array)
#1 /var/www/lm_1121/data/www/boom-vk.tk/bot.php(206): DigitalStar\vk_api\vk_api->sendButton(307267314, '\xD0\x9C\xD0\xB0\xD0\xBA\xD1\x81\xD0\xB8\xD0\xBC, \xD0...', Array)
#2 {main}
[Exception]: возникла ошибка:
[Exception]: текст: {"error":{"error_code":911,"error_msg":"Keyboard format is invalid: button [3][0] has invalid type","request_params":[{"key":"method","value":"messages.send"},{"key":"oauth","value":"1"},{"key":"peer_id","value":"307267314"},{"key":"keyboard","value":"{\"one_time\":false,\"buttons\":[[{\"action\":{\"type\":\"text\",\"payload\":\"{\\\"command\\\":\\\"zavka\\\"}\",\"label\":\"\u0413\u0434\u0435 \u0437\u0430\u043a\u0430\u0437\u0430\u0442\u044c \u0442\u0440\u0435\u043a? \ud83c\udfb5 \"},\"color\":\"positive\"}],[{\"action\":{\"type\":\"text\",\"payload\":\"{\\\"command\\\":\\\"zavka2\\\"}\",\"label\":\"\u041a\u0430\u043a \u043f\u043e\u043b\u0443\u0447\u0438\u0442\u044c 100 \u0440\u0443\u0431\u043b\u0435\u0439? \ud83d\udcb2 \"},\"color\":\"positive\"}],[{\"action\":{\"type\":\"text\",\"payload\":\"{\\\"command\\\":\\\"zavka3\\\"}\",\"label\":\"\u0417\u0430\u044f\u0432\u043b\u0435\u043d\u0438\u0435 \u043d\u0430 rDJ \ud83d\udcbc\"},\"color\":\"positive\"}],[{\"action\":{\"type\":null}}],[{\"action\":{\"type\":\"text\",\"payload\":\"{\\\"command\\\":\\\"nazad\\\"}\",\"label\":\"\u041d\u0430\u0437\u0430\u0434 \ud83c\udf99 \"},\"color\":\"default\"}]],\"inline\":false}"},{"key":"v","value":"5.103"},{"key":"random_id","value":"1346238821"}]}}
[Exception]: код ошибки: 911
[Exception]: файл: /var/www/lm_1121/data/www/boom-vk.tk/simplevk-master/src/vk_api.php:223
[Exception]: путь ошибки: #0 /var/www/lm_1121/data/www/boom-vk.tk/simplevk-master/src/vk_api.php(420): DigitalStar\vk_api\vk_api->request('messages.send', Array)
#1 /var/www/lm_1121/data/www/boom-vk.tk/bot.php(206): DigitalStar\vk_api\vk_api->sendButton(307267314, '\xD0\x9C\xD0\xB0\xD0\xBA\xD1\x81\xD0\xB8\xD0\xBC, \xD0...', Array)
#2 {main}
[Exception]: возникла ошибка:
[Exception]: текст: {"error":{"error_code":911,"error_msg":"Keyboard format is invalid: button [3][0] has invalid type","request_params":[{"key":"method","value":"messages.send"},{"key":"oauth","value":"1"},{"key":"peer_id","value":"307267314"},{"key":"keyboard","value":"{\"one_time\":false,\"buttons\":[[{\"action\":{\"type\":\"text\",\"payload\":\"{\\\"command\\\":\\\"zavka\\\"}\",\"label\":\"\u0413\u0434\u0435 \u0437\u0430\u043a\u0430\u0437\u0430\u0442\u044c \u0442\u0440\u0435\u043a? \ud83c\udfb5 \"},\"color\":\"positive\"}],[{\"action\":{\"type\":\"text\",\"payload\":\"{\\\"command\\\":\\\"zavka2\\\"}\",\"label\":\"\u041a\u0430\u043a \u043f\u043e\u043b\u0443\u0447\u0438\u0442\u044c 100 \u0440\u0443\u0431\u043b\u0435\u0439? \ud83d\udcb2 \"},\"color\":\"positive\"}],[{\"action\":{\"type\":\"text\",\"payload\":\"{\\\"command\\\":\\\"zavka3\\\"}\",\"label\":\"\u0417\u0430\u044f\u0432\u043b\u0435\u043d\u0438\u0435 \u043d\u0430 rDJ \ud83d\udcbc\"},\"color\":\"positive\"}],[{\"action\":{\"type\":null}}],[{\"action\":{\"type\":\"text\",\"payload\":\"{\\\"command\\\":\\\"nazad\\\"}\",\"label\":\"\u041d\u0430\u0437\u0430\u0434 \ud83c\udf99 \"},\"color\":\"default\"}]],\"inline\":false}"},{"key":"v","value":"5.103"},{"key":"random_id","value":"1639521651"}]}}
[Exception]: код ошибки: 911
[Exception]: файл: /var/www/lm_1121/data/www/boom-vk.tk/simplevk-master/src/vk_api.php:223
[Exception]: путь ошибки: #0 /var/www/lm_1121/data/www/boom-vk.tk/simplevk-master/src/vk_api.php(420): DigitalStar\vk_api\vk_api->request('messages.send', Array)
#1 /var/www/lm_1121/data/www/boom-vk.tk/bot.php(206): DigitalStar\vk_api\vk_api->sendButton(307267314, '\xD0\x9C\xD0\xB0\xD0\xBA\xD1\x81\xD0\xB8\xD0\xBC, \xD0...', Array)
#2 {main}
[Exception]: возникла ошибка:
[Exception]: текст: {"error":{"error_code":911,"error_msg":"Keyboard format is invalid: button [3][0] has invalid type","request_params":[{"key":"method","value":"messages.send"},{"key":"oauth","value":"1"},{"key":"peer_id","value":"307267314"},{"key":"keyboard","value":"{\"one_time\":false,\"buttons\":[[{\"action\":{\"type\":\"text\",\"payload\":\"{\\\"command\\\":\\\"zavka\\\"}\",\"label\":\"\u0413\u0434\u0435 \u0437\u0430\u043a\u0430\u0437\u0430\u0442\u044c \u0442\u0440\u0435\u043a? \ud83c\udfb5 \"},\"color\":\"positive\"}],[{\"action\":{\"type\":\"text\",\"payload\":\"{\\\"command\\\":\\\"zavka2\\\"}\",\"label\":\"\u041a\u0430\u043a \u043f\u043e\u043b\u0443\u0447\u0438\u0442\u044c 100 \u0440\u0443\u0431\u043b\u0435\u0439? \ud83d\udcb2 \"},\"color\":\"positive\"}],[{\"action\":{\"type\":\"text\",\"payload\":\"{\\\"command\\\":\\\"zavka3\\\"}\",\"label\":\"\u0417\u0430\u044f\u0432\u043b\u0435\u043d\u0438\u0435 \u043d\u0430 rDJ \ud83d\udcbc\"},\"color\":\"positive\"}],[{\"action\":{\"type\":null}}],[{\"action\":{\"type\":\"text\",\"payload\":\"{\\\"command\\\":\\\"nazad\\\"}\",\"label\":\"\u041d\u0430\u0437\u0430\u0434 \ud83c\udf99 \"},\"color\":\"default\"}]],\"inline\":false}"},{"key":"v","value":"5.103"},{"key":"random_id","value":"384062154"}]}}
[Exception]: код ошибки: 911
[Exception]: файл: /var/www/lm_1121/data/www/boom-vk.tk/simplevk-master/src/vk_api.php:223
[Exception]: путь ошибки: #0 /var/www/lm_1121/data/www/boom-vk.tk/simplevk-master/src/vk_api.php(420): DigitalStar\vk_api\vk_api->request('messages.send', Array)
#1 /var/www/lm_1121/data/www/boom-vk.tk/bot.php(206): DigitalStar\vk_api\vk_api->sendButton(307267314, '\xD0\x9C\xD0\xB0\xD0\xBA\xD1\x81\xD0\xB8\xD0\xBC, \xD0...', Array)
#2 {main}
[Exception]: возникла ошибка:
[Exception]: текст: {"error":{"error_code":911,"error_msg":"Keyboard format is invalid: button [3][0] has invalid type","request_params":[{"key":"method","value":"messages.send"},{"key":"oauth","value":"1"},{"key":"peer_id","value":"307267314"},{"key":"keyboard","value":"{\"one_time\":false,\"buttons\":[[{\"action\":{\"type\":\"text\",\"payload\":\"{\\\"command\\\":\\\"zavka\\\"}\",\"label\":\"\u0413\u0434\u0435 \u0437\u0430\u043a\u0430\u0437\u0430\u0442\u044c \u0442\u0440\u0435\u043a? \ud83c\udfb5 \"},\"color\":\"positive\"}],[{\"action\":{\"type\":\"text\",\"payload\":\"{\\\"command\\\":\\\"zavka2\\\"}\",\"label\":\"\u041a\u0430\u043a \u043f\u043e\u043b\u0443\u0447\u0438\u0442\u044c 100 \u0440\u0443\u0431\u043b\u0435\u0439? \ud83d\udcb2 \"},\"color\":\"positive\"}],[{\"action\":{\"type\":\"text\",\"payload\":\"{\\\"command\\\":\\\"zavka3\\\"}\",\"label\":\"\u0417\u0430\u044f\u0432\u043b\u0435\u043d\u0438\u0435 \u043d\u0430 rDJ \ud83d\udcbc\"},\"color\":\"positive\"}],[{\"action\":{\"type\":null}}],[{\"action\":{\"type\":\"text\",\"payload\":\"{\\\"command\\\":\\\"nazad\\\"}\",\"label\":\"\u041d\u0430\u0437\u0430\u0434 \ud83c\udf99 \"},\"color\":\"default\"}]],\"inline\":false}"},{"key":"v","value":"5.103"},{"key":"random_id","value":"1724806010"}]}}
[Exception]: код ошибки: 911
[Exception]: файл: /var/www/lm_1121/data/www/boom-vk.tk/simplevk-master/src/vk_api.php:223
[Exception]: путь ошибки: #0 /var/www/lm_1121/data/www/boom-vk.tk/simplevk-master/src/vk_api.php(420): DigitalStar\vk_api\vk_api->request('messages.send', Array)
#1 /var/www/lm_1121/data/www/boom-vk.tk/bot.php(206): DigitalStar\vk_api\vk_api->sendButton(307267314, '\xD0\x9C\xD0\xB0\xD0\xBA\xD1\x81\xD0\xB8\xD0\xBC, \xD0...', Array)
#2 {main}
[Exception]: возникла ошибка:
[Exception]: текст: {"error":{"error_code":911,"error_msg":"Keyboard format is invalid: button [3][0] has invalid type","request_params":[{"key":"method","value":"messages.send"},{"key":"oauth","value":"1"},{"key":"peer_id","value":"307267314"},{"key":"keyboard","value":"{\"one_time\":false,\"buttons\":[[{\"action\":{\"type\":\"text\",\"payload\":\"{\\\"command\\\":\\\"zavka\\\"}\",\"label\":\"\u0413\u0434\u0435 \u0437\u0430\u043a\u0430\u0437\u0430\u0442\u044c \u0442\u0440\u0435\u043a? \ud83c\udfb5 \"},\"color\":\"positive\"}],[{\"action\":{\"type\":\"text\",\"payload\":\"{\\\"command\\\":\\\"zavka2\\\"}\",\"label\":\"\u041a\u0430\u043a \u043f\u043e\u043b\u0443\u0447\u0438\u0442\u044c 100 \u0440\u0443\u0431\u043b\u0435\u0439? \ud83d\udcb2 \"},\"color\":\"positive\"}],[{\"action\":{\"type\":\"text\",\"payload\":\"{\\\"command\\\":\\\"zavka3\\\"}\",\"label\":\"\u0417\u0430\u044f\u0432\u043b\u0435\u043d\u0438\u0435 \u043d\u0430 rDJ \ud83d\udcbc\"},\"color\":\"positive\"}],[{\"action\":{\"type\":null}}],[{\"action\":{\"type\":\"text\",\"payload\":\"{\\\"command\\\":\\\"nazad\\\"}\",\"label\":\"\u041d\u0430\u0437\u0430\u0434 \ud83c\udf99 \"},\"color\":\"default\"}]],\"inline\":false}"},{"key":"v","value":"5.103"},{"key":"random_id","value":"1993789151"}]}}
[Exception]: код ошибки: 911
[Exception]: файл: /var/www/lm_1121/data/www/boom-vk.tk/simplevk-master/src/vk_api.php:223
[Exception]: путь ошибки: #0 /var/www/lm_1121/data/www/boom-vk.tk/simplevk-master/src/vk_api.php(420): DigitalStar\vk_api\vk_api->request('messages.send', Array)
#1 /var/www/lm_1121/data/www/boom-vk.tk/bot.php(206): DigitalStar\vk_api\vk_api->sendButton(307267314, '\xD0\x9C\xD0\xB0\xD0\xBA\xD1\x81\xD0\xB8\xD0\xBC, \xD0...', Array)
#2 {main}
[Exception]: возникла ошибка:
[Exception]: текст: {"error":{"error_code":911,"error_msg":"Keyboard format is invalid: button [3][0] has invalid type","request_params":[{"key":"method","value":"messages.send"},{"key":"oauth","value":"1"},{"key":"peer_id","value":"307267314"},{"key":"keyboard","value":"{\"one_time\":false,\"buttons\":[[{\"action\":{\"type\":\"text\",\"payload\":\"{\\\"command\\\":\\\"zavka\\\"}\",\"label\":\"\u0413\u0434\u0435 \u0437\u0430\u043a\u0430\u0437\u0430\u0442\u044c \u0442\u0440\u0435\u043a? \ud83c\udfb5 \"},\"color\":\"positive\"}],[{\"action\":{\"type\":\"text\",\"payload\":\"{\\\"command\\\":\\\"zavka2\\\"}\",\"label\":\"\u041a\u0430\u043a \u043f\u043e\u043b\u0443\u0447\u0438\u0442\u044c 100 \u0440\u0443\u0431\u043b\u0435\u0439? \ud83d\udcb2 \"},\"color\":\"positive\"}],[{\"action\":{\"type\":\"text\",\"payload\":\"{\\\"command\\\":\\\"zavka3\\\"}\",\"label\":\"\u0417\u0430\u044f\u0432\u043b\u0435\u043d\u0438\u0435 \u043d\u0430 rDJ \ud83d\udcbc\"},\"color\":\"positive\"}],[{\"action\":{\"type\":null}}],[{\"action\":{\"type\":\"text\",\"payload\":\"{\\\"command\\\":\\\"nazad\\\"}\",\"label\":\"\u041d\u0430\u0437\u0430\u0434 \ud83c\udf99 \"},\"color\":\"default\"}]],\"inline\":false}"},{"key":"v","value":"5.103"},{"key":"random_id","value":"1654341466"}]}}
[Exception]: код ошибки: 911
[Exception]: файл: /var/www/lm_1121/data/www/boom-vk.tk/simplevk-master/src/vk_api.php:223
[Exception]: путь ошибки: #0 /var/www/lm_1121/data/www/boom-vk.tk/simplevk-master/src/vk_api.php(420): DigitalStar\vk_api\vk_api->request('messages.send', Array)
#1 /var/www/lm_1121/data/www/boom-vk.tk/bot.php(206): DigitalStar\vk_api\vk_api->sendButton(307267314, '\xD0\x9C\xD0\xB0\xD0\xBA\xD1\x81\xD0\xB8\xD0\xBC, \xD0...', Array)
#2 {main}
[Exception]: возникла ошибка:
[Exception]: текст: {"error":{"error_code":911,"error_msg":"Keyboard format is invalid: button [3][0] has invalid type","request_params":[{"key":"method","value":"messages.send"},{"key":"oauth","value":"1"},{"key":"peer_id","value":"307267314"},{"key":"keyboard","value":"{\"one_time\":false,\"buttons\":[[{\"action\":{\"type\":\"text\",\"payload\":\"{\\\"command\\\":\\\"zavka\\\"}\",\"label\":\"\u0413\u0434\u0435 \u0437\u0430\u043a\u0430\u0437\u0430\u0442\u044c \u0442\u0440\u0435\u043a? \ud83c\udfb5 \"},\"color\":\"positive\"}],[{\"action\":{\"type\":\"text\",\"payload\":\"{\\\"command\\\":\\\"zavka2\\\"}\",\"label\":\"\u041a\u0430\u043a \u043f\u043e\u043b\u0443\u0447\u0438\u0442\u044c 100 \u0440\u0443\u0431\u043b\u0435\u0439? \ud83d\udcb2 \"},\"color\":\"positive\"}],[{\"action\":{\"type\":\"text\",\"payload\":\"{\\\"command\\\":\\\"zavka3\\\"}\",\"label\":\"\u0417\u0430\u044f\u0432\u043b\u0435\u043d\u0438\u0435 \u043d\u0430 rDJ \ud83d\udcbc\"},\"color\":\"positive\"}],[{\"action\":{\"type\":null}}],[{\"action\":{\"type\":\"text\",\"payload\":\"{\\\"command\\\":\\\"nazad\\\"}\",\"label\":\"\u041d\u0430\u0437\u0430\u0434 \ud83c\udf99 \"},\"color\":\"default\"}]],\"inline\":false}"},{"key":"v","value":"5.103"},{"key":"random_id","value":"868442867"}]}}
[Exception]: код ошибки: 911
[Exception]: файл: /var/www/lm_1121/data/www/boom-vk.tk/simplevk-master/src/vk_api.php:223
[Exception]: путь ошибки: #0 /var/www/lm_1121/data/www/boom-vk.tk/simplevk-master/src/vk_api.php(420): DigitalStar\vk_api\vk_api->request('messages.send', Array)
#1 /var/www/lm_1121/data/www/boom-vk.tk/bot.php(206): DigitalStar\vk_api\vk_api->sendButton(307267314, '\xD0\x9C\xD0\xB0\xD0\xBA\xD1\x81\xD0\xB8\xD0\xBC, \xD0...', Array)
#2 {main}
[Exception]: возникла ошибка:
[Exception]: текст: {"error":{"error_code":911,"error_msg":"Keyboard format is invalid: button [3][0] has invalid type","request_params":[{"key":"method","value":"messages.send"},{"key":"oauth","value":"1"},{"key":"peer_id","value":"307267314"},{"key":"keyboard","value":"{\"one_time\":false,\"buttons\":[[{\"action\":{\"type\":\"text\",\"payload\":\"{\\\"command\\\":\\\"zavka\\\"}\",\"label\":\"\u0413\u0434\u0435 \u0437\u0430\u043a\u0430\u0437\u0430\u0442\u044c \u0442\u0440\u0435\u043a? \ud83c\udfb5 \"},\"color\":\"positive\"}],[{\"action\":{\"type\":\"text\",\"payload\":\"{\\\"command\\\":\\\"zavka2\\\"}\",\"label\":\"\u041a\u0430\u043a \u043f\u043e\u043b\u0443\u0447\u0438\u0442\u044c 100 \u0440\u0443\u0431\u043b\u0435\u0439? \ud83d\udcb2 \"},\"color\":\"positive\"}],[{\"action\":{\"type\":\"text\",\"payload\":\"{\\\"command\\\":\\\"zavka3\\\"}\",\"label\":\"\u0417\u0430\u044f\u0432\u043b\u0435\u043d\u0438\u0435 \u043d\u0430 rDJ \ud83d\udcbc\"},\"color\":\"positive\"}],[{\"action\":{\"type\":null}}],[{\"action\":{\"type\":\"text\",\"payload\":\"{\\\"command\\\":\\\"nazad\\\"}\",\"label\":\"\u041d\u0430\u0437\u0430\u0434 \ud83c\udf99 \"},\"color\":\"default\"}]],\"inline\":false}"},{"key":"v","value":"5.103"},{"key":"random_id","value":"-12088917"}]}}
[Exception]: код ошибки: 911
[Exception]: файл: /var/www/lm_1121/data/www/boom-vk.tk/simplevk-master/src/vk_api.php:223
[Exception]: путь ошибки: #0 /var/www/lm_1121/data/www/boom-vk.tk/simplevk-master/src/vk_api.php(420): DigitalStar\vk_api\vk_api->request('messages.send', Array)
#1 /var/www/lm_1121/data/www/boom-vk.tk/bot.php(206): DigitalStar\vk_api\vk_api->sendButton(307267314, '\xD0\x9C\xD0\xB0\xD0\xBA\xD1\x81\xD0\xB8\xD0\xBC, \xD0...', Array)
#2 {main}
[Exception]: возникла ошибка:
[Exception]: текст: {"error":{"error_code":911,"error_msg":"Keyboard format is invalid: button [3][0] has invalid type","request_params":[{"key":"method","value":"messages.send"},{"key":"oauth","value":"1"},{"key":"peer_id","value":"307267314"},{"key":"keyboard","value":"{\"one_time\":false,\"buttons\":[[{\"action\":{\"type\":\"text\",\"payload\":\"{\\\"command\\\":\\\"zavka\\\"}\",\"label\":\"\u0413\u0434\u0435 \u0437\u0430\u043a\u0430\u0437\u0430\u0442\u044c \u0442\u0440\u0435\u043a? \ud83c\udfb5 \"},\"color\":\"positive\"}],[{\"action\":{\"type\":\"text\",\"payload\":\"{\\\"command\\\":\\\"zavka2\\\"}\",\"label\":\"\u041a\u0430\u043a \u043f\u043e\u043b\u0443\u0447\u0438\u0442\u044c 100 \u0440\u0443\u0431\u043b\u0435\u0439? \ud83d\udcb2 \"},\"color\":\"positive\"}],[{\"action\":{\"type\":\"text\",\"payload\":\"{\\\"command\\\":\\\"zavka3\\\"}\",\"label\":\"\u0417\u0430\u044f\u0432\u043b\u0435\u043d\u0438\u0435 \u043d\u0430 rDJ \ud83d\udcbc\"},\"color\":\"positive\"}],[{\"action\":{\"type\":null}}],[{\"action\":{\"type\":\"text\",\"payload\":\"{\\\"command\\\":\\\"nazad\\\"}\",\"label\":\"\u041d\u0430\u0437\u0430\u0434 \ud83c\udf99 \"},\"color\":\"default\"}]],\"inline\":false}"},{"key":"v","value":"5.103"},{"key":"random_id","value":"-2095311738"}]}}
[Exception]: код ошибки: 911
[Exception]: файл: /var/www/lm_1121/data/www/boom-vk.tk/simplevk-master/src/vk_api.php:223
[Exception]: путь ошибки: #0 /var/www/lm_1121/data/www/boom-vk.tk/simplevk-master/src/vk_api.php(420): DigitalStar\vk_api\vk_api->request('messages.send', Array)
#1 /var/www/lm_1121/data/www/boom-vk.tk/bot.php(206): DigitalStar\vk_api\vk_api->sendButton(307267314, '\xD0\x9C\xD0\xB0\xD0\xBA\xD1\x81\xD0\xB8\xD0\xBC, \xD0...', Array)
#2 {main}
[Exception]: возникла ошибка:
[Exception]: текст: {"error":{"error_code":911,"error_msg":"Keyboard format is invalid: button [3][0] has invalid type","request_params":[{"key":"method","value":"messages.send"},{"key":"oauth","value":"1"},{"key":"peer_id","value":"307267314"},{"key":"keyboard","value":"{\"one_time\":false,\"buttons\":[[{\"action\":{\"type\":\"text\",\"payload\":\"{\\\"command\\\":\\\"zavka\\\"}\",\"label\":\"\u0413\u0434\u0435 \u0437\u0430\u043a\u0430\u0437\u0430\u0442\u044c \u0442\u0440\u0435\u043a? \ud83c\udfb5 \"},\"color\":\"positive\"}],[{\"action\":{\"type\":\"text\",\"payload\":\"{\\\"command\\\":\\\"zavka2\\\"}\",\"label\":\"\u041a\u0430\u043a \u043f\u043e\u043b\u0443\u0447\u0438\u0442\u044c 100 \u0440\u0443\u0431\u043b\u0435\u0439? \ud83d\udcb2 \"},\"color\":\"positive\"}],[{\"action\":{\"type\":\"text\",\"payload\":\"{\\\"command\\\":\\\"zavka3\\\"}\",\"label\":\"\u0417\u0430\u044f\u0432\u043b\u0435\u043d\u0438\u0435 \u043d\u0430 rDJ \ud83d\udcbc\"},\"color\":\"positive\"}],[{\"action\":{\"type\":null}}],[{\"action\":{\"type\":\"text\",\"payload\":\"{\\\"command\\\":\\\"nazad\\\"}\",\"label\":\"\u041d\u0430\u0437\u0430\u0434 \ud83c\udf99 \"},\"color\":\"default\"}]],\"inline\":false}"},{"key":"v","value":"5.103"},{"key":"random_id","value":"-1396539749"}]}}
[Exception]: код ошибки: 911
[Exception]: файл: /var/www/lm_1121/data/www/boom-vk.tk/simplevk-master/src/vk_api.php:223
[Exception]: путь ошибки: #0 /var/www/lm_1121/data/www/boom-vk.tk/simplevk-master/src/vk_api.php(420): DigitalStar\vk_api\vk_api->request('messages.send', Array)
#1 /var/www/lm_1121/data/www/boom-vk.tk/bot.php(206): DigitalStar\vk_api\vk_api->sendButton(307267314, '\xD0\x9C\xD0\xB0\xD0\xBA\xD1\x81\xD0\xB8\xD0\xBC, \xD0...', Array)
#2 {main}
[Exception]: возникла ошибка:
[Exception]: текст: {"error":{"error_code":911,"error_msg":"Keyboard format is invalid: button [3][0] has invalid type","request_params":[{"key":"method","value":"messages.send"},{"key":"oauth","value":"1"},{"key":"peer_id","value":"307267314"},{"key":"keyboard","value":"{\"one_time\":false,\"buttons\":[[{\"action\":{\"type\":\"text\",\"payload\":\"{\\\"command\\\":\\\"zavka\\\"}\",\"label\":\"\u0413\u0434\u0435 \u0437\u0430\u043a\u0430\u0437\u0430\u0442\u044c \u0442\u0440\u0435\u043a? \ud83c\udfb5 \"},\"color\":\"positive\"}],[{\"action\":{\"type\":\"text\",\"payload\":\"{\\\"command\\\":\\\"zavka2\\\"}\",\"label\":\"\u041a\u0430\u043a \u043f\u043e\u043b\u0443\u0447\u0438\u0442\u044c 100 \u0440\u0443\u0431\u043b\u0435\u0439? \ud83d\udcb2 \"},\"color\":\"positive\"}],[{\"action\":{\"type\":\"text\",\"payload\":\"{\\\"command\\\":\\\"zavka3\\\"}\",\"label\":\"\u0417\u0430\u044f\u0432\u043b\u0435\u043d\u0438\u0435 \u043d\u0430 rDJ \ud83d\udcbc\"},\"color\":\"positive\"}],[{\"action\":{\"type\":null}}],[{\"action\":{\"type\":\"text\",\"payload\":\"{\\\"command\\\":\\\"nazad\\\"}\",\"label\":\"\u041d\u0430\u0437\u0430\u0434 \ud83c\udf99 \"},\"color\":\"default\"}]],\"inline\":false}"},{"key":"v","value":"5.103"},{"key":"random_id","value":"1134068933"}]}}
[Exception]: код ошибки: 911
[Exception]: файл: /var/www/lm_1121/data/www/boom-vk.tk/simplevk-master/src/vk_api.php:223
[Exception]: путь ошибки: #0 /var/www/lm_1121/data/www/boom-vk.tk/simplevk-master/src/vk_api.php(420): DigitalStar\vk_api\vk_api->request('messages.send', Array)
#1 /var/www/lm_1121/data/www/boom-vk.tk/bot.php(206): DigitalStar\vk_api\vk_api->sendButton(307267314, '\xD0\x9C\xD0\xB0\xD0\xBA\xD1\x81\xD0\xB8\xD0\xBC, \xD0...', Array)
#2 {main}
[Exception]: возникла ошибка:
[Exception]: текст: {"error":{"error_code":911,"error_msg":"Keyboard format is invalid: button [3][0] has invalid type","request_params":[{"key":"method","value":"messages.send"},{"key":"oauth","value":"1"},{"key":"peer_id","value":"307267314"},{"key":"keyboard","value":"{\"one_time\":false,\"buttons\":[[{\"action\":{\"type\":\"text\",\"payload\":\"{\\\"command\\\":\\\"zavka\\\"}\",\"label\":\"\u0413\u0434\u0435 \u0437\u0430\u043a\u0430\u0437\u0430\u0442\u044c \u0442\u0440\u0435\u043a? \ud83c\udfb5 \"},\"color\":\"positive\"}],[{\"action\":{\"type\":\"text\",\"payload\":\"{\\\"command\\\":\\\"zavka2\\\"}\",\"label\":\"\u041a\u0430\u043a \u043f\u043e\u043b\u0443\u0447\u0438\u0442\u044c 100 \u0440\u0443\u0431\u043b\u0435\u0439? \ud83d\udcb2 \"},\"color\":\"positive\"}],[{\"action\":{\"type\":\"text\",\"payload\":\"{\\\"command\\\":\\\"zavka3\\\"}\",\"label\":\"\u0417\u0430\u044f\u0432\u043b\u0435\u043d\u0438\u0435 \u043d\u0430 rDJ \ud83d\udcbc\"},\"color\":\"positive\"}],[{\"action\":{\"type\":null}}],[{\"action\":{\"type\":\"text\",\"payload\":\"{\\\"command\\\":\\\"nazad\\\"}\",\"label\":\"\u041d\u0430\u0437\u0430\u0434 \ud83c\udf99 \"},\"color\":\"default\"}]],\"inline\":false}"},{"key":"v","value":"5.103"},{"key":"random_id","value":"972374006"}]}}
[Exception]: код ошибки: 911
[Exception]: файл: /var/www/lm_1121/data/www/boom-vk.tk/simplevk-master/src/vk_api.php:223
[Exception]: путь ошибки: #0 /var/www/lm_1121/data/www/boom-vk.tk/simplevk-master/src/vk_api.php(420): DigitalStar\vk_api\vk_api->request('messages.send', Array)
#1 /var/www/lm_1121/data/www/boom-vk.tk/bot.php(206): DigitalStar\vk_api\vk_api->sendButton(307267314, '\xD0\x9C\xD0\xB0\xD0\xBA\xD1\x81\xD0\xB8\xD0\xBC, \xD0...', Array)
#2 {main}
[Exception]: возникла ошибка:
[Exception]: текст: {"error":{"error_code":911,"error_msg":"Keyboard format is invalid: button [3][0] has invalid type","request_params":[{"key":"method","value":"messages.send"},{"key":"oauth","value":"1"},{"key":"peer_id","value":"307267314"},{"key":"keyboard","value":"{\"one_time\":false,\"buttons\":[[{\"action\":{\"type\":\"text\",\"payload\":\"{\\\"command\\\":\\\"zavka\\\"}\",\"label\":\"\u0413\u0434\u0435 \u0437\u0430\u043a\u0430\u0437\u0430\u0442\u044c \u0442\u0440\u0435\u043a? \ud83c\udfb5 \"},\"color\":\"positive\"}],[{\"action\":{\"type\":\"text\",\"payload\":\"{\\\"command\\\":\\\"zavka2\\\"}\",\"label\":\"\u041a\u0430\u043a \u043f\u043e\u043b\u0443\u0447\u0438\u0442\u044c 100 \u0440\u0443\u0431\u043b\u0435\u0439? \ud83d\udcb2 \"},\"color\":\"positive\"}],[{\"action\":{\"type\":\"text\",\"payload\":\"{\\\"command\\\":\\\"zavka3\\\"}\",\"label\":\"\u0417\u0430\u044f\u0432\u043b\u0435\u043d\u0438\u0435 \u043d\u0430 rDJ \ud83d\udcbc\"},\"color\":\"positive\"}],[{\"action\":{\"type\":null}}],[{\"action\":{\"type\":\"text\",\"payload\":\"{\\\"command\\\":\\\"nazad\\\"}\",\"label\":\"\u041d\u0430\u0437\u0430\u0434 \ud83c\udf99 \"},\"color\":\"default\"}]],\"inline\":false}"},{"key":"v","value":"5.103"},{"key":"random_id","value":"-986246920"}]}}
[Exception]: код ошибки: 911
[Exception]: файл: /var/www/lm_1121/data/www/boom-vk.tk/simplevk-master/src/vk_api.php:223
[Exception]: путь ошибки: #0 /var/www/lm_1121/data/www/boom-vk.tk/simplevk-master/src/vk_api.php(420): DigitalStar\vk_api\vk_api->request('messages.send', Array)
#1 /var/www/lm_1121/data/www/boom-vk.tk/bot.php(206): DigitalStar\vk_api\vk_api->sendButton(307267314, '\xD0\x9C\xD0\xB0\xD0\xBA\xD1\x81\xD0\xB8\xD0\xBC, \xD0...', Array)
#2 {main}
[Exception]: возникла ошибка:
[Exception]: текст: {"error":{"error_code":911,"error_msg":"Keyboard format is invalid: button [3][0] has invalid type","request_params":[{"key":"method","value":"messages.send"},{"key":"oauth","value":"1"},{"key":"peer_id","value":"307267314"},{"key":"keyboard","value":"{\"one_time\":false,\"buttons\":[[{\"action\":{\"type\":\"text\",\"payload\":\"{\\\"command\\\":\\\"zavka\\\"}\",\"label\":\"\u0413\u0434\u0435 \u0437\u0430\u043a\u0430\u0437\u0430\u0442\u044c \u0442\u0440\u0435\u043a? \ud83c\udfb5 \"},\"color\":\"positive\"}],[{\"action\":{\"type\":\"text\",\"payload\":\"{\\\"command\\\":\\\"zavka2\\\"}\",\"label\":\"\u041a\u0430\u043a \u043f\u043e\u043b\u0443\u0447\u0438\u0442\u044c 100 \u0440\u0443\u0431\u043b\u0435\u0439? \ud83d\udcb2 \"},\"color\":\"positive\"}],[{\"action\":{\"type\":\"text\",\"payload\":\"{\\\"command\\\":\\\"zavka3\\\"}\",\"label\":\"\u0417\u0430\u044f\u0432\u043b\u0435\u043d\u0438\u0435 \u043d\u0430 rDJ \ud83d\udcbc\"},\"color\":\"positive\"}],[{\"action\":{\"type\":null}}],[{\"action\":{\"type\":\"text\",\"payload\":\"{\\\"command\\\":\\\"nazad\\\"}\",\"label\":\"\u041d\u0430\u0437\u0430\u0434 \ud83c\udf99 \"},\"color\":\"default\"}]],\"inline\":false}"},{"key":"v","value":"5.103"},{"key":"random_id","value":"-301542542"}]}}
[Exception]: код ошибки: 911
[Exception]: файл: /var/www/lm_1121/data/www/boom-vk.tk/simplevk-master/src/vk_api.php:223
[Exception]: путь ошибки: #0 /var/www/lm_1121/data/www/boom-vk.tk/simplevk-master/src/vk_api.php(420): DigitalStar\vk_api\vk_api->request('messages.send', Array)
#1 /var/www/lm_1121/data/www/boom-vk.tk/bot.php(206): DigitalStar\vk_api\vk_api->sendButton(307267314, '\xD0\x9C\xD0\xB0\xD0\xBA\xD1\x81\xD0\xB8\xD0\xBC, \xD0...', Array)
#2 {main}
[Exception]: возникла ошибка:
[Exception]: текст: {"error":{"error_code":911,"error_msg":"Keyboard format is invalid: button [3][0] has invalid type","request_params":[{"key":"method","value":"messages.send"},{"key":"oauth","value":"1"},{"key":"peer_id","value":"307267314"},{"key":"keyboard","value":"{\"one_time\":false,\"buttons\":[[{\"action\":{\"type\":\"text\",\"payload\":\"{\\\"command\\\":\\\"zavka\\\"}\",\"label\":\"\u0413\u0434\u0435 \u0437\u0430\u043a\u0430\u0437\u0430\u0442\u044c \u0442\u0440\u0435\u043a? \ud83c\udfb5 \"},\"color\":\"positive\"}],[{\"action\":{\"type\":\"text\",\"payload\":\"{\\\"command\\\":\\\"zavka2\\\"}\",\"label\":\"\u041a\u0430\u043a \u043f\u043e\u043b\u0443\u0447\u0438\u0442\u044c 100 \u0440\u0443\u0431\u043b\u0435\u0439? \ud83d\udcb2 \"},\"color\":\"positive\"}],[{\"action\":{\"type\":\"text\",\"payload\":\"{\\\"command\\\":\\\"zavka3\\\"}\",\"label\":\"\u0417\u0430\u044f\u0432\u043b\u0435\u043d\u0438\u0435 \u043d\u0430 rDJ \ud83d\udcbc\"},\"color\":\"positive\"}],[{\"action\":{\"type\":null}}],[{\"action\":{\"type\":\"text\",\"payload\":\"{\\\"command\\\":\\\"nazad\\\"}\",\"label\":\"\u041d\u0430\u0437\u0430\u0434 \ud83c\udf99 \"},\"color\":\"default\"}]],\"inline\":false}"},{"key":"v","value":"5.103"},{"key":"random_id","value":"-96988069"}]}}
[Exception]: код ошибки: 911
[Exception]: файл: /var/www/lm_1121/data/www/boom-vk.tk/simplevk-master/src/vk_api.php:223
[Exception]: путь ошибки: #0 /var/www/lm_1121/data/www/boom-vk.tk/simplevk-master/src/vk_api.php(420): DigitalStar\vk_api\vk_api->request('messages.send', Array)
#1 /var/www/lm_1121/data/www/boom-vk.tk/bot.php(206): DigitalStar\vk_api\vk_api->sendButton(307267314, '\xD0\x9C\xD0\xB0\xD0\xBA\xD1\x81\xD0\xB8\xD0\xBC, \xD0...', Array)
#2 {main}
[Exception]: возникла ошибка:
[Exception]: текст: {"error":{"error_code":911,"error_msg":"Keyboard format is invalid: button [3][0] has invalid type","request_params":[{"key":"method","value":"messages.send"},{"key":"oauth","value":"1"},{"key":"peer_id","value":"307267314"},{"key":"keyboard","value":"{\"one_time\":false,\"buttons\":[[{\"action\":{\"type\":\"text\",\"payload\":\"{\\\"command\\\":\\\"zavka\\\"}\",\"label\":\"\u0413\u0434\u0435 \u0437\u0430\u043a\u0430\u0437\u0430\u0442\u044c \u0442\u0440\u0435\u043a? \ud83c\udfb5 \"},\"color\":\"positive\"}],[{\"action\":{\"type\":\"text\",\"payload\":\"{\\\"command\\\":\\\"zavka2\\\"}\",\"label\":\"\u041a\u0430\u043a \u043f\u043e\u043b\u0443\u0447\u0438\u0442\u044c 100 \u0440\u0443\u0431\u043b\u0435\u0439? \ud83d\udcb2 \"},\"color\":\"positive\"}],[{\"action\":{\"type\":\"text\",\"payload\":\"{\\\"command\\\":\\\"zavka3\\\"}\",\"label\":\"\u0417\u0430\u044f\u0432\u043b\u0435\u043d\u0438\u0435 \u043d\u0430 rDJ \ud83d\udcbc\"},\"color\":\"positive\"}],[{\"action\":{\"type\":null}}],[{\"action\":{\"type\":\"text\",\"payload\":\"{\\\"command\\\":\\\"nazad\\\"}\",\"label\":\"\u041d\u0430\u0437\u0430\u0434 \ud83c\udf99 \"},\"color\":\"default\"}]],\"inline\":false}"},{"key":"v","value":"5.103"},{"key":"random_id","value":"-1230361153"}]}}
[Exception]: код ошибки: 911
[Exception]: файл: /var/www/lm_1121/data/www/boom-vk.tk/simplevk-master/src/vk_api.php:223
[Exception]: путь ошибки: #0 /var/www/lm_1121/data/www/boom-vk.tk/simplevk-master/src/vk_api.php(420): DigitalStar\vk_api\vk_api->request('messages.send', Array)
#1 /var/www/lm_1121/data/www/boom-vk.tk/bot.php(206): DigitalStar\vk_api\vk_api->sendButton(307267314, '\xD0\x9C\xD0\xB0\xD0\xBA\xD1\x81\xD0\xB8\xD0\xBC, \xD0...', Array)
#2 {main}
[Exception]: возникла ошибка:
[Exception]: текст: {"error":{"error_code":911,"error_msg":"Keyboard format is invalid: button [3][0] has invalid type","request_params":[{"key":"method","value":"messages.send"},{"key":"oauth","value":"1"},{"key":"peer_id","value":"307267314"},{"key":"keyboard","value":"{\"one_time\":false,\"buttons\":[[{\"action\":{\"type\":\"text\",\"payload\":\"{\\\"command\\\":\\\"zavka\\\"}\",\"label\":\"\u0413\u0434\u0435 \u0437\u0430\u043a\u0430\u0437\u0430\u0442\u044c \u0442\u0440\u0435\u043a? \ud83c\udfb5 \"},\"color\":\"positive\"}],[{\"action\":{\"type\":\"text\",\"payload\":\"{\\\"command\\\":\\\"zavka2\\\"}\",\"label\":\"\u041a\u0430\u043a \u043f\u043e\u043b\u0443\u0447\u0438\u0442\u044c 100 \u0440\u0443\u0431\u043b\u0435\u0439? \ud83d\udcb2 \"},\"color\":\"positive\"}],[{\"action\":{\"type\":\"text\",\"payload\":\"{\\\"command\\\":\\\"zavka3\\\"}\",\"label\":\"\u0417\u0430\u044f\u0432\u043b\u0435\u043d\u0438\u0435 \u043d\u0430 rDJ \ud83d\udcbc\"},\"color\":\"positive\"}],[{\"action\":{\"type\":null}}],[{\"action\":{\"type\":\"text\",\"payload\":\"{\\\"command\\\":\\\"nazad\\\"}\",\"label\":\"\u041d\u0430\u0437\u0430\u0434 \ud83c\udf99 \"},\"color\":\"default\"}]],\"inline\":false}"},{"key":"v","value":"5.103"},{"key":"random_id","value":"-1352975250"}]}}
[Exception]: код ошибки: 911
[Exception]: файл: /var/www/lm_1121/data/www/boom-vk.tk/simplevk-master/src/vk_api.php:223
[Exception]: путь ошибки: #0 /var/www/lm_1121/data/www/boom-vk.tk/simplevk-master/src/vk_api.php(420): DigitalStar\vk_api\vk_api->request('messages.send', Array)
#1 /var/www/lm_1121/data/www/boom-vk.tk/bot.php(206): DigitalStar\vk_api\vk_api->sendButton(307267314, '\xD0\x9C\xD0\xB0\xD0\xBA\xD1\x81\xD0\xB8\xD0\xBC, \xD0...', Array)
#2 {main}
[Exception]: возникла ошибка:
[Exception]: текст: {"error":{"error_code":911,"error_msg":"Keyboard format is invalid: button [3][0] has invalid type","request_params":[{"key":"method","value":"messages.send"},{"key":"oauth","value":"1"},{"key":"peer_id","value":"307267314"},{"key":"keyboard","value":"{\"one_time\":false,\"buttons\":[[{\"action\":{\"type\":\"text\",\"payload\":\"{\\\"command\\\":\\\"zavka\\\"}\",\"label\":\"\u0413\u0434\u0435 \u0437\u0430\u043a\u0430\u0437\u0430\u0442\u044c \u0442\u0440\u0435\u043a? \ud83c\udfb5 \"},\"color\":\"positive\"}],[{\"action\":{\"type\":\"text\",\"payload\":\"{\\\"command\\\":\\\"zavka2\\\"}\",\"label\":\"\u041a\u0430\u043a \u043f\u043e\u043b\u0443\u0447\u0438\u0442\u044c 100 \u0440\u0443\u0431\u043b\u0435\u0439? \ud83d\udcb2 \"},\"color\":\"positive\"}],[{\"action\":{\"type\":\"text\",\"payload\":\"{\\\"command\\\":\\\"zavka3\\\"}\",\"label\":\"\u0417\u0430\u044f\u0432\u043b\u0435\u043d\u0438\u0435 \u043d\u0430 rDJ \ud83d\udcbc\"},\"color\":\"positive\"}],[{\"action\":{\"type\":null}}],[{\"action\":{\"type\":\"text\",\"payload\":\"{\\\"command\\\":\\\"nazad\\\"}\",\"label\":\"\u041d\u0430\u0437\u0430\u0434 \ud83c\udf99 \"},\"color\":\"default\"}]],\"inline\":false}"},{"key":"v","value":"5.103"},{"key":"random_id","value":"-722313872"}]}}
[Exception]: код ошибки: 911
[Exception]: файл: /var/www/lm_1121/data/www/boom-vk.tk/simplevk-master/src/vk_api.php:223
[Exception]: путь ошибки: #0 /var/www/lm_1121/data/www/boom-vk.tk/simplevk-master/src/vk_api.php(420): DigitalStar\vk_api\vk_api->request('messages.send', Array)
#1 /var/www/lm_1121/data/www/boom-vk.tk/bot.php(206): DigitalStar\vk_api\vk_api->sendButton(307267314, '\xD0\x9C\xD0\xB0\xD0\xBA\xD1\x81\xD0\xB8\xD0\xBC, \xD0...', Array)
#2 {main}
[Exception]: возникла ошибка:
[Exception]: текст: {"error":{"error_code":911,"error_msg":"Keyboard format is invalid: button [3][0] has invalid type","request_params":[{"key":"method","value":"messages.send"},{"key":"oauth","value":"1"},{"key":"peer_id","value":"307267314"},{"key":"keyboard","value":"{\"one_time\":false,\"buttons\":[[{\"action\":{\"type\":\"text\",\"payload\":\"{\\\"command\\\":\\\"zavka\\\"}\",\"label\":\"\u0413\u0434\u0435 \u0437\u0430\u043a\u0430\u0437\u0430\u0442\u044c \u0442\u0440\u0435\u043a? \ud83c\udfb5 \"},\"color\":\"positive\"}],[{\"action\":{\"type\":\"text\",\"payload\":\"{\\\"command\\\":\\\"zavka2\\\"}\",\"label\":\"\u041a\u0430\u043a \u043f\u043e\u043b\u0443\u0447\u0438\u0442\u044c 100 \u0440\u0443\u0431\u043b\u0435\u0439? \ud83d\udcb2 \"},\"color\":\"positive\"}],[{\"action\":{\"type\":\"text\",\"payload\":\"{\\\"command\\\":\\\"zavka3\\\"}\",\"label\":\"\u0417\u0430\u044f\u0432\u043b\u0435\u043d\u0438\u0435 \u043d\u0430 rDJ \ud83d\udcbc\"},\"color\":\"positive\"}],[{\"action\":{\"type\":null}}],[{\"action\":{\"type\":\"text\",\"payload\":\"{\\\"command\\\":\\\"nazad\\\"}\",\"label\":\"\u041d\u0430\u0437\u0430\u0434 \ud83c\udf99 \"},\"color\":\"default\"}]],\"inline\":false}"},{"key":"v","value":"5.103"},{"key":"random_id","value":"486392740"}]}}
[Exception]: код ошибки: 911
[Exception]: файл: /var/www/lm_1121/data/www/boom-vk.tk/simplevk-master/src/vk_api.php:223
[Exception]: путь ошибки: #0 /var/www/lm_1121/data/www/boom-vk.tk/simplevk-master/src/vk_api.php(420): DigitalStar\vk_api\vk_api->request('messages.send', Array)
#1 /var/www/lm_1121/data/www/boom-vk.tk/bot.php(206): DigitalStar\vk_api\vk_api->sendButton(307267314, '\xD0\x9C\xD0\xB0\xD0\xBA\xD1\x81\xD0\xB8\xD0\xBC, \xD0...', Array)
#2 {main}
[Exception]: возникла ошибка:
[Exception]: текст: {"error":{"error_code":911,"error_msg":"Keyboard format is invalid: button [3][0] has invalid type","request_params":[{"key":"method","value":"messages.send"},{"key":"oauth","value":"1"},{"key":"peer_id","value":"307267314"},{"key":"keyboard","value":"{\"one_time\":false,\"buttons\":[[{\"action\":{\"type\":\"text\",\"payload\":\"{\\\"command\\\":\\\"zavka\\\"}\",\"label\":\"\u0413\u0434\u0435 \u0437\u0430\u043a\u0430\u0437\u0430\u0442\u044c \u0442\u0440\u0435\u043a? \ud83c\udfb5 \"},\"color\":\"positive\"}],[{\"action\":{\"type\":\"text\",\"payload\":\"{\\\"command\\\":\\\"zavka2\\\"}\",\"label\":\"\u041a\u0430\u043a \u043f\u043e\u043b\u0443\u0447\u0438\u0442\u044c 100 \u0440\u0443\u0431\u043b\u0435\u0439? \ud83d\udcb2 \"},\"color\":\"positive\"}],[{\"action\":{\"type\":\"text\",\"payload\":\"{\\\"command\\\":\\\"zavka3\\\"}\",\"label\":\"\u0417\u0430\u044f\u0432\u043b\u0435\u043d\u0438\u0435 \u043d\u0430 rDJ \ud83d\udcbc\"},\"color\":\"positive\"}],[{\"action\":{\"type\":null}}],[{\"action\":{\"type\":\"text\",\"payload\":\"{\\\"command\\\":\\\"nazad\\\"}\",\"label\":\"\u041d\u0430\u0437\u0430\u0434 \ud83c\udf99 \"},\"color\":\"default\"}]],\"inline\":false}"},{"key":"v","value":"5.103"},{"key":"random_id","value":"300470611"}]}}
[Exception]: код ошибки: 911
[Exception]: файл: /var/www/lm_1121/data/www/boom-vk.tk/simplevk-master/src/vk_api.php:223
[Exception]: путь ошибки: #0 /var/www/lm_1121/data/www/boom-vk.tk/simplevk-master/src/vk_api.php(420): DigitalStar\vk_api\vk_api->request('messages.send', Array)
#1 /var/www/lm_1121/data/www/boom-vk.tk/bot.php(206): DigitalStar\vk_api\vk_api->sendButton(307267314, '\xD0\x9C\xD0\xB0\xD0\xBA\xD1\x81\xD0\xB8\xD0\xBC, \xD0...', Array)
#2 {main}
[Exception]: возникла ошибка:
[Exception]: текст: {"error":{"error_code":911,"error_msg":"Keyboard format is invalid: button [3][0] has invalid type","request_params":[{"key":"method","value":"messages.send"},{"key":"oauth","value":"1"},{"key":"peer_id","value":"307267314"},{"key":"keyboard","value":"{\"one_time\":false,\"buttons\":[[{\"action\":{\"type\":\"text\",\"payload\":\"{\\\"command\\\":\\\"zavka\\\"}\",\"label\":\"\u0413\u0434\u0435 \u0437\u0430\u043a\u0430\u0437\u0430\u0442\u044c \u0442\u0440\u0435\u043a? \ud83c\udfb5 \"},\"color\":\"positive\"}],[{\"action\":{\"type\":\"text\",\"payload\":\"{\\\"command\\\":\\\"zavka2\\\"}\",\"label\":\"\u041a\u0430\u043a \u043f\u043e\u043b\u0443\u0447\u0438\u0442\u044c 100 \u0440\u0443\u0431\u043b\u0435\u0439? \ud83d\udcb2 \"},\"color\":\"positive\"}],[{\"action\":{\"type\":\"text\",\"payload\":\"{\\\"command\\\":\\\"zavka3\\\"}\",\"label\":\"\u0417\u0430\u044f\u0432\u043b\u0435\u043d\u0438\u0435 \u043d\u0430 rDJ \ud83d\udcbc\"},\"color\":\"positive\"}],[{\"action\":{\"type\":null}}],[{\"action\":{\"type\":\"text\",\"payload\":\"{\\\"command\\\":\\\"nazad\\\"}\",\"label\":\"\u041d\u0430\u0437\u0430\u0434 \ud83c\udf99 \"},\"color\":\"default\"}]],\"inline\":false}"},{"key":"v","value":"5.103"},{"key":"random_id","value":"239233947"}]}}
[Exception]: код ошибки: 911
[Exception]: файл: /var/www/lm_1121/data/www/boom-vk.tk/simplevk-master/src/vk_api.php:223
[Exception]: путь ошибки: #0 /var/www/lm_1121/data/www/boom-vk.tk/simplevk-master/src/vk_api.php(420): DigitalStar\vk_api\vk_api->request('messages.send', Array)
#1 /var/www/lm_1121/data/www/boom-vk.tk/bot.php(206): DigitalStar\vk_api\vk_api->sendButton(307267314, '\xD0\x9C\xD0\xB0\xD0\xBA\xD1\x81\xD0\xB8\xD0\xBC, \xD0...', Array)
#2 {main}
[Exception]: возникла ошибка:
[Exception]: текст: {"error":{"error_code":911,"error_msg":"Keyboard format is invalid: button [3][0] has invalid type","request_params":[{"key":"method","value":"messages.send"},{"key":"oauth","value":"1"},{"key":"peer_id","value":"307267314"},{"key":"keyboard","value":"{\"one_time\":false,\"buttons\":[[{\"action\":{\"type\":\"text\",\"payload\":\"{\\\"command\\\":\\\"zavka\\\"}\",\"label\":\"\u0413\u0434\u0435 \u0437\u0430\u043a\u0430\u0437\u0430\u0442\u044c \u0442\u0440\u0435\u043a? \ud83c\udfb5 \"},\"color\":\"positive\"}],[{\"action\":{\"type\":\"text\",\"payload\":\"{\\\"command\\\":\\\"zavka2\\\"}\",\"label\":\"\u041a\u0430\u043a \u043f\u043e\u043b\u0443\u0447\u0438\u0442\u044c 100 \u0440\u0443\u0431\u043b\u0435\u0439? \ud83d\udcb2 \"},\"color\":\"positive\"}],[{\"action\":{\"type\":\"text\",\"payload\":\"{\\\"command\\\":\\\"zavka3\\\"}\",\"label\":\"\u0417\u0430\u044f\u0432\u043b\u0435\u043d\u0438\u0435 \u043d\u0430 rDJ \ud83d\udcbc\"},\"color\":\"positive\"}],[{\"action\":{\"type\":null}}],[{\"action\":{\"type\":\"text\",\"payload\":\"{\\\"command\\\":\\\"nazad\\\"}\",\"label\":\"\u041d\u0430\u0437\u0430\u0434 \ud83c\udf99 \"},\"color\":\"default\"}]],\"inline\":false}"},{"key":"v","value":"5.103"},{"key":"random_id","value":"-1487782581"}]}}
[Exception]: код ошибки: 911
[Exception]: файл: /var/www/lm_1121/data/www/boom-vk.tk/simplevk-master/src/vk_api.php:223
[Exception]: путь ошибки: #0 /var/www/lm_1121/data/www/boom-vk.tk/simplevk-master/src/vk_api.php(420): DigitalStar\vk_api\vk_api->request('messages.send', Array)
#1 /var/www/lm_1121/data/www/boom-vk.tk/bot.php(206): DigitalStar\vk_api\vk_api->sendButton(307267314, '\xD0\x9C\xD0\xB0\xD0\xBA\xD1\x81\xD0\xB8\xD0\xBC, \xD0...', Array)
#2 {main}
[Exception]: возникла ошибка:
[Exception]: текст: {"error":{"error_code":911,"error_msg":"Keyboard format is invalid: button [3][0] has invalid type","request_params":[{"key":"method","value":"messages.send"},{"key":"oauth","value":"1"},{"key":"peer_id","value":"307267314"},{"key":"keyboard","value":"{\"one_time\":false,\"buttons\":[[{\"action\":{\"type\":\"text\",\"payload\":\"{\\\"command\\\":\\\"zavka\\\"}\",\"label\":\"\u0413\u0434\u0435 \u0437\u0430\u043a\u0430\u0437\u0430\u0442\u044c \u0442\u0440\u0435\u043a? \ud83c\udfb5 \"},\"color\":\"positive\"}],[{\"action\":{\"type\":\"text\",\"payload\":\"{\\\"command\\\":\\\"zavka2\\\"}\",\"label\":\"\u041a\u0430\u043a \u043f\u043e\u043b\u0443\u0447\u0438\u0442\u044c 100 \u0440\u0443\u0431\u043b\u0435\u0439? \ud83d\udcb2 \"},\"color\":\"positive\"}],[{\"action\":{\"type\":\"text\",\"payload\":\"{\\\"command\\\":\\\"zavka3\\\"}\",\"label\":\"\u0417\u0430\u044f\u0432\u043b\u0435\u043d\u0438\u0435 \u043d\u0430 rDJ \ud83d\udcbc\"},\"color\":\"positive\"}],[{\"action\":{\"type\":null}}],[{\"action\":{\"type\":\"text\",\"payload\":\"{\\\"command\\\":\\\"nazad\\\"}\",\"label\":\"\u041d\u0430\u0437\u0430\u0434 \ud83c\udf99 \"},\"color\":\"default\"}]],\"inline\":false}"},{"key":"v","value":"5.103"},{"key":"random_id","value":"853496944"}]}}
[Exception]: код ошибки: 911
[Exception]: файл: /var/www/lm_1121/data/www/boom-vk.tk/simplevk-master/src/vk_api.php:223
[Exception]: путь ошибки: #0 /var/www/lm_1121/data/www/boom-vk.tk/simplevk-master/src/vk_api.php(420): DigitalStar\vk_api\vk_api->request('messages.send', Array)
#1 /var/www/lm_1121/data/www/boom-vk.tk/bot.php(206): DigitalStar\vk_api\vk_api->sendButton(307267314, '\xD0\x9C\xD0\xB0\xD0\xBA\xD1\x81\xD0\xB8\xD0\xBC, \xD0...', Array)
#2 {main}
[Exception]: возникла ошибка:
[Exception]: текст: {"error":{"error_code":911,"error_msg":"Keyboard format is invalid: button [3][0] has invalid type","request_params":[{"key":"method","value":"messages.send"},{"key":"oauth","value":"1"},{"key":"peer_id","value":"307267314"},{"key":"keyboard","value":"{\"one_time\":false,\"buttons\":[[{\"action\":{\"type\":\"text\",\"payload\":\"{\\\"command\\\":\\\"zavka\\\"}\",\"label\":\"\u0413\u0434\u0435 \u0437\u0430\u043a\u0430\u0437\u0430\u0442\u044c \u0442\u0440\u0435\u043a? \ud83c\udfb5 \"},\"color\":\"positive\"}],[{\"action\":{\"type\":\"text\",\"payload\":\"{\\\"command\\\":\\\"zavka2\\\"}\",\"label\":\"\u041a\u0430\u043a \u043f\u043e\u043b\u0443\u0447\u0438\u0442\u044c 100 \u0440\u0443\u0431\u043b\u0435\u0439? \ud83d\udcb2 \"},\"color\":\"positive\"}],[{\"action\":{\"type\":\"text\",\"payload\":\"{\\\"command\\\":\\\"zavka3\\\"}\",\"label\":\"\u0417\u0430\u044f\u0432\u043b\u0435\u043d\u0438\u0435 \u043d\u0430 rDJ \ud83d\udcbc\"},\"color\":\"positive\"}],[{\"action\":{\"type\":null}}],[{\"action\":{\"type\":\"text\",\"payload\":\"{\\\"command\\\":\\\"nazad\\\"}\",\"label\":\"\u041d\u0430\u0437\u0430\u0434 \ud83c\udf99 \"},\"color\":\"default\"}]],\"inline\":false}"},{"key":"v","value":"5.103"},{"key":"random_id","value":"605065539"}]}}
[Exception]: код ошибки: 911
[Exception]: файл: /var/www/lm_1121/data/www/boom-vk.tk/simplevk-master/src/vk_api.php:223
[Exception]: путь ошибки: #0 /var/www/lm_1121/data/www/boom-vk.tk/simplevk-master/src/vk_api.php(420): DigitalStar\vk_api\vk_api->request('messages.send', Array)
#1 /var/www/lm_1121/data/www/boom-vk.tk/bot.php(206): DigitalStar\vk_api\vk_api->sendButton(307267314, '\xD0\x9C\xD0\xB0\xD0\xBA\xD1\x81\xD0\xB8\xD0\xBC, \xD0...', Array)
#2 {main}
[Exception]: возникла ошибка:
[Exception]: текст: {"error":{"error_code":911,"error_msg":"Keyboard format is invalid: button [3][0] has invalid type","request_params":[{"key":"method","value":"messages.send"},{"key":"oauth","value":"1"},{"key":"peer_id","value":"307267314"},{"key":"keyboard","value":"{\"one_time\":false,\"buttons\":[[{\"action\":{\"type\":\"text\",\"payload\":\"{\\\"command\\\":\\\"zavka\\\"}\",\"label\":\"\u0413\u0434\u0435 \u0437\u0430\u043a\u0430\u0437\u0430\u0442\u044c \u0442\u0440\u0435\u043a? \ud83c\udfb5 \"},\"color\":\"positive\"}],[{\"action\":{\"type\":\"text\",\"payload\":\"{\\\"command\\\":\\\"zavka2\\\"}\",\"label\":\"\u041a\u0430\u043a \u043f\u043e\u043b\u0443\u0447\u0438\u0442\u044c 100 \u0440\u0443\u0431\u043b\u0435\u0439? \ud83d\udcb2 \"},\"color\":\"positive\"}],[{\"action\":{\"type\":\"text\",\"payload\":\"{\\\"command\\\":\\\"zavka3\\\"}\",\"label\":\"\u0417\u0430\u044f\u0432\u043b\u0435\u043d\u0438\u0435 \u043d\u0430 rDJ \ud83d\udcbc\"},\"color\":\"positive\"}],[{\"action\":{\"type\":null}}],[{\"action\":{\"type\":\"text\",\"payload\":\"{\\\"command\\\":\\\"nazad\\\"}\",\"label\":\"\u041d\u0430\u0437\u0430\u0434 \ud83c\udf99 \"},\"color\":\"default\"}]],\"inline\":false}"},{"key":"v","value":"5.103"},{"key":"random_id","value":"-406709350"}]}}
[Exception]: код ошибки: 911
[Exception]: файл: /var/www/lm_1121/data/www/boom-vk.tk/simplevk-master/src/vk_api.php:223
[Exception]: путь ошибки: #0 /var/www/lm_1121/data/www/boom-vk.tk/simplevk-master/src/vk_api.php(420): DigitalStar\vk_api\vk_api->request('messages.send', Array)
#1 /var/www/lm_1121/data/www/boom-vk.tk/bot.php(206): DigitalStar\vk_api\vk_api->sendButton(307267314, '\xD0\x9C\xD0\xB0\xD0\xBA\xD1\x81\xD0\xB8\xD0\xBC, \xD0...', Array)
#2 {main}
[Exception]: возникла ошибка:
[Exception]: текст: {"error":{"error_code":911,"error_msg":"Keyboard format is invalid: button [3][0] has invalid type","request_params":[{"key":"method","value":"messages.send"},{"key":"oauth","value":"1"},{"key":"peer_id","value":"307267314"},{"key":"keyboard","value":"{\"one_time\":false,\"buttons\":[[{\"action\":{\"type\":\"text\",\"payload\":\"{\\\"command\\\":\\\"zavka\\\"}\",\"label\":\"\u0413\u0434\u0435 \u0437\u0430\u043a\u0430\u0437\u0430\u0442\u044c \u0442\u0440\u0435\u043a? \ud83c\udfb5 \"},\"color\":\"positive\"}],[{\"action\":{\"type\":\"text\",\"payload\":\"{\\\"command\\\":\\\"zavka2\\\"}\",\"label\":\"\u041a\u0430\u043a \u043f\u043e\u043b\u0443\u0447\u0438\u0442\u044c 100 \u0440\u0443\u0431\u043b\u0435\u0439? \ud83d\udcb2 \"},\"color\":\"positive\"}],[{\"action\":{\"type\":\"text\",\"payload\":\"{\\\"command\\\":\\\"zavka3\\\"}\",\"label\":\"\u0417\u0430\u044f\u0432\u043b\u0435\u043d\u0438\u0435 \u043d\u0430 rDJ \ud83d\udcbc\"},\"color\":\"positive\"}],[{\"action\":{\"type\":null}}],[{\"action\":{\"type\":\"text\",\"payload\":\"{\\\"command\\\":\\\"nazad\\\"}\",\"label\":\"\u041d\u0430\u0437\u0430\u0434 \ud83c\udf99 \"},\"color\":\"default\"}]],\"inline\":false}"},{"key":"v","value":"5.103"},{"key":"random_id","value":"1159972840"}]}}
[Exception]: код ошибки: 911
[Exception]: файл: /var/www/lm_1121/data/www/boom-vk.tk/simplevk-master/src/vk_api.php:223
[Exception]: путь ошибки: #0 /var/www/lm_1121/data/www/boom-vk.tk/simplevk-master/src/vk_api.php(420): DigitalStar\vk_api\vk_api->request('messages.send', Array)
#1 /var/www/lm_1121/data/www/boom-vk.tk/bot.php(206): DigitalStar\vk_api\vk_api->sendButton(307267314, '\xD0\x9C\xD0\xB0\xD0\xBA\xD1\x81\xD0\xB8\xD0\xBC, \xD0...', Array)
#2 {main}
[Exception]: возникла ошибка:
[Exception]: текст: {"error":{"error_code":911,"error_msg":"Keyboard format is invalid: button [3][0] has invalid type","request_params":[{"key":"method","value":"messages.send"},{"key":"oauth","value":"1"},{"key":"peer_id","value":"307267314"},{"key":"keyboard","value":"{\"one_time\":false,\"buttons\":[[{\"action\":{\"type\":\"text\",\"payload\":\"{\\\"command\\\":\\\"zavka\\\"}\",\"label\":\"\u0413\u0434\u0435 \u0437\u0430\u043a\u0430\u0437\u0430\u0442\u044c \u0442\u0440\u0435\u043a? \ud83c\udfb5 \"},\"color\":\"positive\"}],[{\"action\":{\"type\":\"text\",\"payload\":\"{\\\"command\\\":\\\"zavka2\\\"}\",\"label\":\"\u041a\u0430\u043a \u043f\u043e\u043b\u0443\u0447\u0438\u0442\u044c 100 \u0440\u0443\u0431\u043b\u0435\u0439? \ud83d\udcb2 \"},\"color\":\"positive\"}],[{\"action\":{\"type\":\"text\",\"payload\":\"{\\\"command\\\":\\\"zavka3\\\"}\",\"label\":\"\u0417\u0430\u044f\u0432\u043b\u0435\u043d\u0438\u0435 \u043d\u0430 rDJ \ud83d\udcbc\"},\"color\":\"positive\"}],[{\"action\":{\"type\":null}}],[{\"action\":{\"type\":\"text\",\"payload\":\"{\\\"command\\\":\\\"nazad\\\"}\",\"label\":\"\u041d\u0430\u0437\u0430\u0434 \ud83c\udf99 \"},\"color\":\"default\"}]],\"inline\":false}"},{"key":"v","value":"5.103"},{"key":"random_id","value":"-542286354"}]}}
[Exception]: код ошибки: 911
[Exception]: файл: /var/www/lm_1121/data/www/boom-vk.tk/simplevk-master/src/vk_api.php:223
[Exception]: путь ошибки: #0 /var/www/lm_1121/data/www/boom-vk.tk/simplevk-master/src/vk_api.php(420): DigitalStar\vk_api\vk_api->request('messages.send', Array)
#1 /var/www/lm_1121/data/www/boom-vk.tk/bot.php(206): DigitalStar\vk_api\vk_api->sendButton(307267314, '\xD0\x9C\xD0\xB0\xD0\xBA\xD1\x81\xD0\xB8\xD0\xBC, \xD0...', Array)
#2 {main}
[Exception]: возникла ошибка:
[Exception]: текст: {"error":{"error_code":911,"error_msg":"Keyboard format is invalid: button [3][0] has invalid type","request_params":[{"key":"method","value":"messages.send"},{"key":"oauth","value":"1"},{"key":"peer_id","value":"307267314"},{"key":"keyboard","value":"{\"one_time\":false,\"buttons\":[[{\"action\":{\"type\":\"text\",\"payload\":\"{\\\"command\\\":\\\"zavka\\\"}\",\"label\":\"\u0413\u0434\u0435 \u0437\u0430\u043a\u0430\u0437\u0430\u0442\u044c \u0442\u0440\u0435\u043a? \ud83c\udfb5 \"},\"color\":\"positive\"}],[{\"action\":{\"type\":\"text\",\"payload\":\"{\\\"command\\\":\\\"zavka2\\\"}\",\"label\":\"\u041a\u0430\u043a \u043f\u043e\u043b\u0443\u0447\u0438\u0442\u044c 100 \u0440\u0443\u0431\u043b\u0435\u0439? \ud83d\udcb2 \"},\"color\":\"positive\"}],[{\"action\":{\"type\":\"text\",\"payload\":\"{\\\"command\\\":\\\"zavka3\\\"}\",\"label\":\"\u0417\u0430\u044f\u0432\u043b\u0435\u043d\u0438\u0435 \u043d\u0430 rDJ \ud83d\udcbc\"},\"color\":\"positive\"}],[{\"action\":{\"type\":null}}],[{\"action\":{\"type\":\"text\",\"payload\":\"{\\\"command\\\":\\\"nazad\\\"}\",\"label\":\"\u041d\u0430\u0437\u0430\u0434 \ud83c\udf99 \"},\"color\":\"default\"}]],\"inline\":false}"},{"key":"v","value":"5.103"},{"key":"random_id","value":"-2064605202"}]}}
[Exception]: код ошибки: 911
[Exception]: файл: /var/www/lm_1121/data/www/boom-vk.tk/simplevk-master/src/vk_api.php:223
[Exception]: путь ошибки: #0 /var/www/lm_1121/data/www/boom-vk.tk/simplevk-master/src/vk_api.php(420): DigitalStar\vk_api\vk_api->request('messages.send', Array)
#1 /var/www/lm_1121/data/www/boom-vk.tk/bot.php(206): DigitalStar\vk_api\vk_api->sendButton(307267314, '\xD0\x9C\xD0\xB0\xD0\xBA\xD1\x81\xD0\xB8\xD0\xBC, \xD0...', Array)
#2 {main}
[Exception]: возникла ошибка:
[Exception]: текст: {"error":{"error_code":911,"error_msg":"Keyboard format is invalid: button [3][0] has invalid type","request_params":[{"key":"method","value":"messages.send"},{"key":"oauth","value":"1"},{"key":"peer_id","value":"307267314"},{"key":"keyboard","value":"{\"one_time\":false,\"buttons\":[[{\"action\":{\"type\":\"text\",\"payload\":\"{\\\"command\\\":\\\"zavka\\\"}\",\"label\":\"\u0413\u0434\u0435 \u0437\u0430\u043a\u0430\u0437\u0430\u0442\u044c \u0442\u0440\u0435\u043a? \ud83c\udfb5 \"},\"color\":\"positive\"}],[{\"action\":{\"type\":\"text\",\"payload\":\"{\\\"command\\\":\\\"zavka2\\\"}\",\"label\":\"\u041a\u0430\u043a \u043f\u043e\u043b\u0443\u0447\u0438\u0442\u044c 100 \u0440\u0443\u0431\u043b\u0435\u0439? \ud83d\udcb2 \"},\"color\":\"positive\"}],[{\"action\":{\"type\":\"text\",\"payload\":\"{\\\"command\\\":\\\"zavka3\\\"}\",\"label\":\"\u0417\u0430\u044f\u0432\u043b\u0435\u043d\u0438\u0435 \u043d\u0430 rDJ \ud83d\udcbc\"},\"color\":\"positive\"}],[{\"action\":{\"type\":null}}],[{\"action\":{\"type\":\"text\",\"payload\":\"{\\\"command\\\":\\\"nazad\\\"}\",\"label\":\"\u041d\u0430\u0437\u0430\u0434 \ud83c\udf99 \"},\"color\":\"default\"}]],\"inline\":false}"},{"key":"v","value":"5.103"},{"key":"random_id","value":"-564105499"}]}}
[Exception]: код ошибки: 911
[Exception]: файл: /var/www/lm_1121/data/www/boom-vk.tk/simplevk-master/src/vk_api.php:223
[Exception]: путь ошибки: #0 /var/www/lm_1121/data/www/boom-vk.tk/simplevk-master/src/vk_api.php(420): DigitalStar\vk_api\vk_api->request('messages.send', Array)
#1 /var/www/lm_1121/data/www/boom-vk.tk/bot.php(206): DigitalStar\vk_api\vk_api->sendButton(307267314, '\xD0\x9C\xD0\xB0\xD0\xBA\xD1\x81\xD0\xB8\xD0\xBC, \xD0...', Array)
#2 {main}
[Exception]: возникла ошибка:
[Exception]: текст: {"error":{"error_code":911,"error_msg":"Keyboard format is invalid: button [3][0] has invalid type","request_params":[{"key":"method","value":"messages.send"},{"key":"oauth","value":"1"},{"key":"peer_id","value":"307267314"},{"key":"keyboard","value":"{\"one_time\":false,\"buttons\":[[{\"action\":{\"type\":\"text\",\"payload\":\"{\\\"command\\\":\\\"zavka\\\"}\",\"label\":\"\u0413\u0434\u0435 \u0437\u0430\u043a\u0430\u0437\u0430\u0442\u044c \u0442\u0440\u0435\u043a? \ud83c\udfb5 \"},\"color\":\"positive\"}],[{\"action\":{\"type\":\"text\",\"payload\":\"{\\\"command\\\":\\\"zavka2\\\"}\",\"label\":\"\u041a\u0430\u043a \u043f\u043e\u043b\u0443\u0447\u0438\u0442\u044c 100 \u0440\u0443\u0431\u043b\u0435\u0439? \ud83d\udcb2 \"},\"color\":\"positive\"}],[{\"action\":{\"type\":\"text\",\"payload\":\"{\\\"command\\\":\\\"zavka3\\\"}\",\"label\":\"\u0417\u0430\u044f\u0432\u043b\u0435\u043d\u0438\u0435 \u043d\u0430 rDJ \ud83d\udcbc\"},\"color\":\"positive\"}],[{\"action\":{\"type\":null}}],[{\"action\":{\"type\":\"text\",\"payload\":\"{\\\"command\\\":\\\"nazad\\\"}\",\"label\":\"\u041d\u0430\u0437\u0430\u0434 \ud83c\udf99 \"},\"color\":\"default\"}]],\"inline\":false}"},{"key":"v","value":"5.103"},{"key":"random_id","value":"742496529"}]}}
[Exception]: код ошибки: 911
[Exception]: файл: /var/www/lm_1121/data/www/boom-vk.tk/simplevk-master/src/vk_api.php:223
[Exception]: путь ошибки: #0 /var/www/lm_1121/data/www/boom-vk.tk/simplevk-master/src/vk_api.php(420): DigitalStar\vk_api\vk_api->request('messages.send', Array)
#1 /var/www/lm_1121/data/www/boom-vk.tk/bot.php(206): DigitalStar\vk_api\vk_api->sendButton(307267314, '\xD0\x9C\xD0\xB0\xD0\xBA\xD1\x81\xD0\xB8\xD0\xBC, \xD0...', Array)
#2 {main}
[Exception]: возникла ошибка:
[Exception]: текст: {"error":{"error_code":911,"error_msg":"Keyboard format is invalid: button [3][0] has invalid type","request_params":[{"key":"method","value":"messages.send"},{"key":"oauth","value":"1"},{"key":"peer_id","value":"307267314"},{"key":"keyboard","value":"{\"one_time\":false,\"buttons\":[[{\"action\":{\"type\":\"text\",\"payload\":\"{\\\"command\\\":\\\"zavka\\\"}\",\"label\":\"\u0413\u0434\u0435 \u0437\u0430\u043a\u0430\u0437\u0430\u0442\u044c \u0442\u0440\u0435\u043a? \ud83c\udfb5 \"},\"color\":\"positive\"}],[{\"action\":{\"type\":\"text\",\"payload\":\"{\\\"command\\\":\\\"zavka2\\\"}\",\"label\":\"\u041a\u0430\u043a \u043f\u043e\u043b\u0443\u0447\u0438\u0442\u044c 100 \u0440\u0443\u0431\u043b\u0435\u0439? \ud83d\udcb2 \"},\"color\":\"positive\"}],[{\"action\":{\"type\":\"text\",\"payload\":\"{\\\"command\\\":\\\"zavka3\\\"}\",\"label\":\"\u0417\u0430\u044f\u0432\u043b\u0435\u043d\u0438\u0435 \u043d\u0430 rDJ \ud83d\udcbc\"},\"color\":\"positive\"}],[{\"action\":{\"type\":null}}],[{\"action\":{\"type\":\"text\",\"payload\":\"{\\\"command\\\":\\\"nazad\\\"}\",\"label\":\"\u041d\u0430\u0437\u0430\u0434 \ud83c\udf99 \"},\"color\":\"default\"}]],\"inline\":false}"},{"key":"v","value":"5.103"},{"key":"random_id","value":"-402908757"}]}}
[Exception]: код ошибки: 911
[Exception]: файл: /var/www/lm_1121/data/www/boom-vk.tk/simplevk-master/src/vk_api.php:223
[Exception]: путь ошибки: #0 /var/www/lm_1121/data/www/boom-vk.tk/simplevk-master/src/vk_api.php(420): DigitalStar\vk_api\vk_api->request('messages.send', Array)
#1 /var/www/lm_1121/data/www/boom-vk.tk/bot.php(206): DigitalStar\vk_api\vk_api->sendButton(307267314, '\xD0\x9C\xD0\xB0\xD0\xBA\xD1\x81\xD0\xB8\xD0\xBC, \xD0...', Array)
#2 {main}
[Exception]: возникла ошибка:
[Exception]: текст: {"error":{"error_code":911,"error_msg":"Keyboard format is invalid: button [3][0] has invalid type","request_params":[{"key":"method","value":"messages.send"},{"key":"oauth","value":"1"},{"key":"peer_id","value":"307267314"},{"key":"keyboard","value":"{\"one_time\":false,\"buttons\":[[{\"action\":{\"type\":\"text\",\"payload\":\"{\\\"command\\\":\\\"zavka\\\"}\",\"label\":\"\u0413\u0434\u0435 \u0437\u0430\u043a\u0430\u0437\u0430\u0442\u044c \u0442\u0440\u0435\u043a? \ud83c\udfb5 \"},\"color\":\"positive\"}],[{\"action\":{\"type\":\"text\",\"payload\":\"{\\\"command\\\":\\\"zavka2\\\"}\",\"label\":\"\u041a\u0430\u043a \u043f\u043e\u043b\u0443\u0447\u0438\u0442\u044c 100 \u0440\u0443\u0431\u043b\u0435\u0439? \ud83d\udcb2 \"},\"color\":\"positive\"}],[{\"action\":{\"type\":\"text\",\"payload\":\"{\\\"command\\\":\\\"zavka3\\\"}\",\"label\":\"\u0417\u0430\u044f\u0432\u043b\u0435\u043d\u0438\u0435 \u043d\u0430 rDJ \ud83d\udcbc\"},\"color\":\"positive\"}],[{\"action\":{\"type\":null}}],[{\"action\":{\"type\":\"text\",\"payload\":\"{\\\"command\\\":\\\"nazad\\\"}\",\"label\":\"\u041d\u0430\u0437\u0430\u0434 \ud83c\udf99 \"},\"color\":\"default\"}]],\"inline\":false}"},{"key":"v","value":"5.103"},{"key":"random_id","value":"1558580894"}]}}
[Exception]: код ошибки: 911
[Exception]: файл: /var/www/lm_1121/data/www/boom-vk.tk/simplevk-master/src/vk_api.php:223
[Exception]: путь ошибки: #0 /var/www/lm_1121/data/www/boom-vk.tk/simplevk-master/src/vk_api.php(420): DigitalStar\vk_api\vk_api->request('messages.send', Array)
#1 /var/www/lm_1121/data/www/boom-vk.tk/bot.php(206): DigitalStar\vk_api\vk_api->sendButton(307267314, '\xD0\x9C\xD0\xB0\xD0\xBA\xD1\x81\xD0\xB8\xD0\xBC, \xD0...', Array)
#2 {main}
[Exception]: возникла ошибка:
[Exception]: текст: {"error":{"error_code":911,"error_msg":"Keyboard format is invalid: button [3][0] has invalid type","request_params":[{"key":"method","value":"messages.send"},{"key":"oauth","value":"1"},{"key":"peer_id","value":"307267314"},{"key":"keyboard","value":"{\"one_time\":false,\"buttons\":[[{\"action\":{\"type\":\"text\",\"payload\":\"{\\\"command\\\":\\\"zavka\\\"}\",\"label\":\"\u0413\u0434\u0435 \u0437\u0430\u043a\u0430\u0437\u0430\u0442\u044c \u0442\u0440\u0435\u043a? \ud83c\udfb5 \"},\"color\":\"positive\"}],[{\"action\":{\"type\":\"text\",\"payload\":\"{\\\"command\\\":\\\"zavka2\\\"}\",\"label\":\"\u041a\u0430\u043a \u043f\u043e\u043b\u0443\u0447\u0438\u0442\u044c 100 \u0440\u0443\u0431\u043b\u0435\u0439? \ud83d\udcb2 \"},\"color\":\"positive\"}],[{\"action\":{\"type\":\"text\",\"payload\":\"{\\\"command\\\":\\\"zavka3\\\"}\",\"label\":\"\u0417\u0430\u044f\u0432\u043b\u0435\u043d\u0438\u0435 \u043d\u0430 rDJ \ud83d\udcbc\"},\"color\":\"positive\"}],[{\"action\":{\"type\":null}}],[{\"action\":{\"type\":\"text\",\"payload\":\"{\\\"command\\\":\\\"nazad\\\"}\",\"label\":\"\u041d\u0430\u0437\u0430\u0434 \ud83c\udf99 \"},\"color\":\"default\"}]],\"inline\":false}"},{"key":"v","value":"5.103"},{"key":"random_id","value":"-166050875"}]}}
[Exception]: код ошибки: 911
[Exception]: файл: /var/www/lm_1121/data/www/boom-vk.tk/simplevk-master/src/vk_api.php:223
[Exception]: путь ошибки: #0 /var/www/lm_1121/data/www/boom-vk.tk/simplevk-master/src/vk_api.php(420): DigitalStar\vk_api\vk_api->request('messages.send', Array)
#1 /var/www/lm_1121/data/www/boom-vk.tk/bot.php(206): DigitalStar\vk_api\vk_api->sendButton(307267314, '\xD0\x9C\xD0\xB0\xD0\xBA\xD1\x81\xD0\xB8\xD0\xBC, \xD0...', Array)
#2 {main}
[Exception]: возникла ошибка:
[Exception]: текст: {"error":{"error_code":911,"error_msg":"Keyboard format is invalid: button [3][0] has invalid type","request_params":[{"key":"method","value":"messages.send"},{"key":"oauth","value":"1"},{"key":"peer_id","value":"307267314"},{"key":"keyboard","value":"{\"one_time\":false,\"buttons\":[[{\"action\":{\"type\":\"text\",\"payload\":\"{\\\"command\\\":\\\"zavka\\\"}\",\"label\":\"\u0413\u0434\u0435 \u0437\u0430\u043a\u0430\u0437\u0430\u0442\u044c \u0442\u0440\u0435\u043a? \ud83c\udfb5 \"},\"color\":\"positive\"}],[{\"action\":{\"type\":\"text\",\"payload\":\"{\\\"command\\\":\\\"zavka2\\\"}\",\"label\":\"\u041a\u0430\u043a \u043f\u043e\u043b\u0443\u0447\u0438\u0442\u044c 100 \u0440\u0443\u0431\u043b\u0435\u0439? \ud83d\udcb2 \"},\"color\":\"positive\"}],[{\"action\":{\"type\":\"text\",\"payload\":\"{\\\"command\\\":\\\"zavka3\\\"}\",\"label\":\"\u0417\u0430\u044f\u0432\u043b\u0435\u043d\u0438\u0435 \u043d\u0430 rDJ \ud83d\udcbc\"},\"color\":\"positive\"}],[{\"action\":{\"type\":null}}],[{\"action\":{\"type\":\"text\",\"payload\":\"{\\\"command\\\":\\\"nazad\\\"}\",\"label\":\"\u041d\u0430\u0437\u0430\u0434 \ud83c\udf99 \"},\"color\":\"default\"}]],\"inline\":false}"},{"key":"v","value":"5.103"},{"key":"random_id","value":"-994304886"}]}}
[Exception]: код ошибки: 911
[Exception]: файл: /var/www/lm_1121/data/www/boom-vk.tk/simplevk-master/src/vk_api.php:223
[Exception]: путь ошибки: #0 /var/www/lm_1121/data/www/boom-vk.tk/simplevk-master/src/vk_api.php(420): DigitalStar\vk_api\vk_api->request('messages.send', Array)
#1 /var/www/lm_1121/data/www/boom-vk.tk/bot.php(206): DigitalStar\vk_api\vk_api->sendButton(307267314, '\xD0\x9C\xD0\xB0\xD0\xBA\xD1\x81\xD0\xB8\xD0\xBC, \xD0...', Array)
#2 {main}
[Exception]: возникла ошибка:
[Exception]: текст: {"error":{"error_code":911,"error_msg":"Keyboard format is invalid: button [3][0] has invalid type","request_params":[{"key":"method","value":"messages.send"},{"key":"oauth","value":"1"},{"key":"peer_id","value":"193649641"},{"key":"keyboard","value":"{\"one_time\":false,\"buttons\":[[{\"action\":{\"type\":\"text\",\"payload\":\"{\\\"command\\\":\\\"zavka\\\"}\",\"label\":\"\u0413\u0434\u0435 \u0437\u0430\u043a\u0430\u0437\u0430\u0442\u044c \u0442\u0440\u0435\u043a? \ud83c\udfb5 \"},\"color\":\"positive\"}],[{\"action\":{\"type\":\"text\",\"payload\":\"{\\\"command\\\":\\\"zavka2\\\"}\",\"label\":\"\u041a\u0430\u043a \u043f\u043e\u043b\u0443\u0447\u0438\u0442\u044c 100 \u0440\u0443\u0431\u043b\u0435\u0439? \ud83d\udcb2 \"},\"color\":\"positive\"}],[{\"action\":{\"type\":\"text\",\"payload\":\"{\\\"command\\\":\\\"zavka3\\\"}\",\"label\":\"\u0417\u0430\u044f\u0432\u043b\u0435\u043d\u0438\u0435 \u043d\u0430 rDJ \ud83d\udcbc\"},\"color\":\"positive\"}],[{\"action\":{\"type\":null}}],[{\"action\":{\"type\":\"text\",\"payload\":\"{\\\"command\\\":\\\"nazad\\\"}\",\"label\":\"\u041d\u0430\u0437\u0430\u0434 \ud83c\udf99 \"},\"color\":\"default\"}]],\"inline\":false}"},{"key":"v","value":"5.103"},{"key":"random_id","value":"2105999783"}]}}
[Exception]: код ошибки: 911
[Exception]: файл: /var/www/lm_1121/data/www/boom-vk.tk/simplevk-master/src/vk_api.php:223
[Exception]: путь ошибки: #0 /var/www/lm_1121/data/www/boom-vk.tk/simplevk-master/src/vk_api.php(420): DigitalStar\vk_api\vk_api->request('messages.send', Array)
#1 /var/www/lm_1121/data/www/boom-vk.tk/bot.php(206): DigitalStar\vk_api\vk_api->sendButton(193649641, '\xD0\x9A\xD0\xBE\xD0\xBD\xD1\x81\xD1\x82\xD0\xB0\xD0\xBD\xD1...', Array)
#2 {main}
[Exception]: возникла ошибка:
[Exception]: текст: {"error":{"error_code":911,"error_msg":"Keyboard format is invalid: button [3][0] has invalid type","request_params":[{"key":"method","value":"messages.send"},{"key":"oauth","value":"1"},{"key":"peer_id","value":"307267314"},{"key":"keyboard","value":"{\"one_time\":false,\"buttons\":[[{\"action\":{\"type\":\"text\",\"payload\":\"{\\\"command\\\":\\\"zavka\\\"}\",\"label\":\"\u0413\u0434\u0435 \u0437\u0430\u043a\u0430\u0437\u0430\u0442\u044c \u0442\u0440\u0435\u043a? \ud83c\udfb5 \"},\"color\":\"positive\"}],[{\"action\":{\"type\":\"text\",\"payload\":\"{\\\"command\\\":\\\"zavka2\\\"}\",\"label\":\"\u041a\u0430\u043a \u043f\u043e\u043b\u0443\u0447\u0438\u0442\u044c 100 \u0440\u0443\u0431\u043b\u0435\u0439? \ud83d\udcb2 \"},\"color\":\"positive\"}],[{\"action\":{\"type\":\"text\",\"payload\":\"{\\\"command\\\":\\\"zavka3\\\"}\",\"label\":\"\u0417\u0430\u044f\u0432\u043b\u0435\u043d\u0438\u0435 \u043d\u0430 rDJ \ud83d\udcbc\"},\"color\":\"positive\"}],[{\"action\":{\"type\":null}}],[{\"action\":{\"type\":\"text\",\"payload\":\"{\\\"command\\\":\\\"nazad\\\"}\",\"label\":\"\u041d\u0430\u0437\u0430\u0434 \ud83c\udf99 \"},\"color\":\"default\"}]],\"inline\":false}"},{"key":"v","value":"5.103"},{"key":"random_id","value":"-876714112"}]}}
[Exception]: код ошибки: 911
[Exception]: файл: /var/www/lm_1121/data/www/boom-vk.tk/simplevk-master/src/vk_api.php:223
[Exception]: путь ошибки: #0 /var/www/lm_1121/data/www/boom-vk.tk/simplevk-master/src/vk_api.php(420): DigitalStar\vk_api\vk_api->request('messages.send', Array)
#1 /var/www/lm_1121/data/www/boom-vk.tk/bot.php(206): DigitalStar\vk_api\vk_api->sendButton(307267314, '\xD0\x9C\xD0\xB0\xD0\xBA\xD1\x81\xD0\xB8\xD0\xBC, \xD0...', Array)
#2 {main}
[Exception]: возникла ошибка:
[Exception]: текст: {"error":{"error_code":911,"error_msg":"Keyboard format is invalid: button [3][0] has invalid type","request_params":[{"key":"method","value":"messages.send"},{"key":"oauth","value":"1"},{"key":"peer_id","value":"307267314"},{"key":"keyboard","value":"{\"one_time\":false,\"buttons\":[[{\"action\":{\"type\":\"text\",\"payload\":\"{\\\"command\\\":\\\"zavka\\\"}\",\"label\":\"\u0413\u0434\u0435 \u0437\u0430\u043a\u0430\u0437\u0430\u0442\u044c \u0442\u0440\u0435\u043a? \ud83c\udfb5 \"},\"color\":\"positive\"}],[{\"action\":{\"type\":\"text\",\"payload\":\"{\\\"command\\\":\\\"zavka2\\\"}\",\"label\":\"\u041a\u0430\u043a \u043f\u043e\u043b\u0443\u0447\u0438\u0442\u044c 100 \u0440\u0443\u0431\u043b\u0435\u0439? \ud83d\udcb2 \"},\"color\":\"positive\"}],[{\"action\":{\"type\":\"text\",\"payload\":\"{\\\"command\\\":\\\"zavka3\\\"}\",\"label\":\"\u0417\u0430\u044f\u0432\u043b\u0435\u043d\u0438\u0435 \u043d\u0430 rDJ \ud83d\udcbc\"},\"color\":\"positive\"}],[{\"action\":{\"type\":null}}],[{\"action\":{\"type\":\"text\",\"payload\":\"{\\\"command\\\":\\\"nazad\\\"}\",\"label\":\"\u041d\u0430\u0437\u0430\u0434 \ud83c\udf99 \"},\"color\":\"default\"}]],\"inline\":false}"},{"key":"v","value":"5.103"},{"key":"random_id","value":"-1984619534"}]}}
[Exception]: код ошибки: 911
[Exception]: файл: /var/www/lm_1121/data/www/boom-vk.tk/simplevk-master/src/vk_api.php:223
[Exception]: путь ошибки: #0 /var/www/lm_1121/data/www/boom-vk.tk/simplevk-master/src/vk_api.php(420): DigitalStar\vk_api\vk_api->request('messages.send', Array)
#1 /var/www/lm_1121/data/www/boom-vk.tk/bot.php(206): DigitalStar\vk_api\vk_api->sendButton(307267314, '\xD0\x9C\xD0\xB0\xD0\xBA\xD1\x81\xD0\xB8\xD0\xBC, \xD0...', Array)
#2 {main}
[Exception]: возникла ошибка:
[Exception]: текст: {"error":{"error_code":911,"error_msg":"Keyboard format is invalid: button [3][0] has invalid type","request_params":[{"key":"method","value":"messages.send"},{"key":"oauth","value":"1"},{"key":"peer_id","value":"307267314"},{"key":"keyboard","value":"{\"one_time\":false,\"buttons\":[[{\"action\":{\"type\":\"text\",\"payload\":\"{\\\"command\\\":\\\"zavka\\\"}\",\"label\":\"\u0413\u0434\u0435 \u0437\u0430\u043a\u0430\u0437\u0430\u0442\u044c \u0442\u0440\u0435\u043a? \ud83c\udfb5 \"},\"color\":\"positive\"}],[{\"action\":{\"type\":\"text\",\"payload\":\"{\\\"command\\\":\\\"zavka2\\\"}\",\"label\":\"\u041a\u0430\u043a \u043f\u043e\u043b\u0443\u0447\u0438\u0442\u044c 100 \u0440\u0443\u0431\u043b\u0435\u0439? \ud83d\udcb2 \"},\"color\":\"positive\"}],[{\"action\":{\"type\":\"text\",\"payload\":\"{\\\"command\\\":\\\"zavka3\\\"}\",\"label\":\"\u0417\u0430\u044f\u0432\u043b\u0435\u043d\u0438\u0435 \u043d\u0430 rDJ \ud83d\udcbc\"},\"color\":\"positive\"}],[{\"action\":{\"type\":null}}],[{\"action\":{\"type\":\"text\",\"payload\":\"{\\\"command\\\":\\\"nazad\\\"}\",\"label\":\"\u041d\u0430\u0437\u0430\u0434 \ud83c\udf99 \"},\"color\":\"default\"}]],\"inline\":false}"},{"key":"v","value":"5.103"},{"key":"random_id","value":"-1282962088"}]}}
[Exception]: код ошибки: 911
[Exception]: файл: /var/www/lm_1121/data/www/boom-vk.tk/simplevk-master/src/vk_api.php:223
[Exception]: путь ошибки: #0 /var/www/lm_1121/data/www/boom-vk.tk/simplevk-master/src/vk_api.php(420): DigitalStar\vk_api\vk_api->request('messages.send', Array)
#1 /var/www/lm_1121/data/www/boom-vk.tk/bot.php(206): DigitalStar\vk_api\vk_api->sendButton(307267314, '\xD0\x9C\xD0\xB0\xD0\xBA\xD1\x81\xD0\xB8\xD0\xBC, \xD0...', Array)
#2 {main}
[Exception]: возникла ошибка:
[Exception]: текст: {"error":{"error_code":911,"error_msg":"Keyboard format is invalid: button [3][0] has invalid type","request_params":[{"key":"method","value":"messages.send"},{"key":"oauth","value":"1"},{"key":"peer_id","value":"307267314"},{"key":"keyboard","value":"{\"one_time\":false,\"buttons\":[[{\"action\":{\"type\":\"text\",\"payload\":\"{\\\"command\\\":\\\"zavka\\\"}\",\"label\":\"\u0413\u0434\u0435 \u0437\u0430\u043a\u0430\u0437\u0430\u0442\u044c \u0442\u0440\u0435\u043a? \ud83c\udfb5 \"},\"color\":\"positive\"}],[{\"action\":{\"type\":\"text\",\"payload\":\"{\\\"command\\\":\\\"zavka2\\\"}\",\"label\":\"\u041a\u0430\u043a \u043f\u043e\u043b\u0443\u0447\u0438\u0442\u044c 100 \u0440\u0443\u0431\u043b\u0435\u0439? \ud83d\udcb2 \"},\"color\":\"positive\"}],[{\"action\":{\"type\":\"text\",\"payload\":\"{\\\"command\\\":\\\"zavka3\\\"}\",\"label\":\"\u0417\u0430\u044f\u0432\u043b\u0435\u043d\u0438\u0435 \u043d\u0430 rDJ \ud83d\udcbc\"},\"color\":\"positive\"}],[{\"action\":{\"type\":null}}],[{\"action\":{\"type\":\"text\",\"payload\":\"{\\\"command\\\":\\\"nazad\\\"}\",\"label\":\"\u041d\u0430\u0437\u0430\u0434 \ud83c\udf99 \"},\"color\":\"default\"}]],\"inline\":false}"},{"key":"v","value":"5.103"},{"key":"random_id","value":"62196198"}]}}
[Exception]: код ошибки: 911
[Exception]: файл: /var/www/lm_1121/data/www/boom-vk.tk/simplevk-master/src/vk_api.php:223
[Exception]: путь ошибки: #0 /var/www/lm_1121/data/www/boom-vk.tk/simplevk-master/src/vk_api.php(420): DigitalStar\vk_api\vk_api->request('messages.send', Array)
#1 /var/www/lm_1121/data/www/boom-vk.tk/bot.php(206): DigitalStar\vk_api\vk_api->sendButton(307267314, '\xD0\x9C\xD0\xB0\xD0\xBA\xD1\x81\xD0\xB8\xD0\xBC, \xD0...', Array)
#2 {main}
[Exception]: возникла ошибка:
[Exception]: текст: {"error":{"error_code":911,"error_msg":"Keyboard format is invalid: button [3][0] has invalid type","request_params":[{"key":"method","value":"messages.send"},{"key":"oauth","value":"1"},{"key":"peer_id","value":"307267314"},{"key":"keyboard","value":"{\"one_time\":false,\"buttons\":[[{\"action\":{\"type\":\"text\",\"payload\":\"{\\\"command\\\":\\\"zavka\\\"}\",\"label\":\"\u0413\u0434\u0435 \u0437\u0430\u043a\u0430\u0437\u0430\u0442\u044c \u0442\u0440\u0435\u043a? \ud83c\udfb5 \"},\"color\":\"positive\"}],[{\"action\":{\"type\":\"text\",\"payload\":\"{\\\"command\\\":\\\"zavka2\\\"}\",\"label\":\"\u041a\u0430\u043a \u043f\u043e\u043b\u0443\u0447\u0438\u0442\u044c 100 \u0440\u0443\u0431\u043b\u0435\u0439? \ud83d\udcb2 \"},\"color\":\"positive\"}],[{\"action\":{\"type\":\"text\",\"payload\":\"{\\\"command\\\":\\\"zavka3\\\"}\",\"label\":\"\u0417\u0430\u044f\u0432\u043b\u0435\u043d\u0438\u0435 \u043d\u0430 rDJ \ud83d\udcbc\"},\"color\":\"positive\"}],[{\"action\":{\"type\":null}}],[{\"action\":{\"type\":\"text\",\"payload\":\"{\\\"command\\\":\\\"nazad\\\"}\",\"label\":\"\u041d\u0430\u0437\u0430\u0434 \ud83c\udf99 \"},\"color\":\"default\"}]],\"inline\":false}"},{"key":"v","value":"5.103"},{"key":"random_id","value":"195466415"}]}}
[Exception]: код ошибки: 911
[Exception]: файл: /var/www/lm_1121/data/www/boom-vk.tk/simplevk-master/src/vk_api.php:223
[Exception]: путь ошибки: #0 /var/www/lm_1121/data/www/boom-vk.tk/simplevk-master/src/vk_api.php(420): DigitalStar\vk_api\vk_api->request('messages.send', Array)
#1 /var/www/lm_1121/data/www/boom-vk.tk/bot.php(206): DigitalStar\vk_api\vk_api->sendButton(307267314, '\xD0\x9C\xD0\xB0\xD0\xBA\xD1\x81\xD0\xB8\xD0\xBC, \xD0...', Array)
#2 {main}
[Exception]: возникла ошибка:
[Exception]: текст: {"error":{"error_code":911,"error_msg":"Keyboard format is invalid: button [3][0] has invalid type","request_params":[{"key":"method","value":"messages.send"},{"key":"oauth","value":"1"},{"key":"peer_id","value":"307267314"},{"key":"keyboard","value":"{\"one_time\":false,\"buttons\":[[{\"action\":{\"type\":\"text\",\"payload\":\"{\\\"command\\\":\\\"zavka\\\"}\",\"label\":\"\u0413\u0434\u0435 \u0437\u0430\u043a\u0430\u0437\u0430\u0442\u044c \u0442\u0440\u0435\u043a? \ud83c\udfb5 \"},\"color\":\"positive\"}],[{\"action\":{\"type\":\"text\",\"payload\":\"{\\\"command\\\":\\\"zavka2\\\"}\",\"label\":\"\u041a\u0430\u043a \u043f\u043e\u043b\u0443\u0447\u0438\u0442\u044c 100 \u0440\u0443\u0431\u043b\u0435\u0439? \ud83d\udcb2 \"},\"color\":\"positive\"}],[{\"action\":{\"type\":\"text\",\"payload\":\"{\\\"command\\\":\\\"zavka3\\\"}\",\"label\":\"\u0417\u0430\u044f\u0432\u043b\u0435\u043d\u0438\u0435 \u043d\u0430 rDJ \ud83d\udcbc\"},\"color\":\"positive\"}],[{\"action\":{\"type\":null}}],[{\"action\":{\"type\":\"text\",\"payload\":\"{\\\"command\\\":\\\"nazad\\\"}\",\"label\":\"\u041d\u0430\u0437\u0430\u0434 \ud83c\udf99 \"},\"color\":\"default\"}]],\"inline\":false}"},{"key":"v","value":"5.103"},{"key":"random_id","value":"1248468271"}]}}
[Exception]: код ошибки: 911
[Exception]: файл: /var/www/lm_1121/data/www/boom-vk.tk/simplevk-master/src/vk_api.php:223
[Exception]: путь ошибки: #0 /var/www/lm_1121/data/www/boom-vk.tk/simplevk-master/src/vk_api.php(420): DigitalStar\vk_api\vk_api->request('messages.send', Array)
#1 /var/www/lm_1121/data/www/boom-vk.tk/bot.php(206): DigitalStar\vk_api\vk_api->sendButton(307267314, '\xD0\x9C\xD0\xB0\xD0\xBA\xD1\x81\xD0\xB8\xD0\xBC, \xD0...', Array)
#2 {main}
[Exception]: возникла ошибка:
[Exception]: текст: {"error":{"error_code":911,"error_msg":"Keyboard format is invalid: button [3][0] has invalid type","request_params":[{"key":"method","value":"messages.send"},{"key":"oauth","value":"1"},{"key":"peer_id","value":"307267314"},{"key":"keyboard","value":"{\"one_time\":false,\"buttons\":[[{\"action\":{\"type\":\"text\",\"payload\":\"{\\\"command\\\":\\\"zavka\\\"}\",\"label\":\"\u0413\u0434\u0435 \u0437\u0430\u043a\u0430\u0437\u0430\u0442\u044c \u0442\u0440\u0435\u043a? \ud83c\udfb5 \"},\"color\":\"positive\"}],[{\"action\":{\"type\":\"text\",\"payload\":\"{\\\"command\\\":\\\"zavka2\\\"}\",\"label\":\"\u041a\u0430\u043a \u043f\u043e\u043b\u0443\u0447\u0438\u0442\u044c 100 \u0440\u0443\u0431\u043b\u0435\u0439? \ud83d\udcb2 \"},\"color\":\"positive\"}],[{\"action\":{\"type\":\"text\",\"payload\":\"{\\\"command\\\":\\\"zavka3\\\"}\",\"label\":\"\u0417\u0430\u044f\u0432\u043b\u0435\u043d\u0438\u0435 \u043d\u0430 rDJ \ud83d\udcbc\"},\"color\":\"positive\"}],[{\"action\":{\"type\":null}}],[{\"action\":{\"type\":\"text\",\"payload\":\"{\\\"command\\\":\\\"nazad\\\"}\",\"label\":\"\u041d\u0430\u0437\u0430\u0434 \ud83c\udf99 \"},\"color\":\"default\"}]],\"inline\":false}"},{"key":"v","value":"5.103"},{"key":"random_id","value":"-1734103464"}]}}
[Exception]: код ошибки: 911
[Exception]: файл: /var/www/lm_1121/data/www/boom-vk.tk/simplevk-master/src/vk_api.php:223
[Exception]: путь ошибки: #0 /var/www/lm_1121/data/www/boom-vk.tk/simplevk-master/src/vk_api.php(420): DigitalStar\vk_api\vk_api->request('messages.send', Array)
#1 /var/www/lm_1121/data/www/boom-vk.tk/bot.php(206): DigitalStar\vk_api\vk_api->sendButton(307267314, '\xD0\x9C\xD0\xB0\xD0\xBA\xD1\x81\xD0\xB8\xD0\xBC, \xD0...', Array)
#2 {main}
[Exception]: возникла ошибка:
[Exception]: текст: {"error":{"error_code":911,"error_msg":"Keyboard format is invalid: button [3][0] has invalid type","request_params":[{"key":"method","value":"messages.send"},{"key":"oauth","value":"1"},{"key":"peer_id","value":"307267314"},{"key":"keyboard","value":"{\"one_time\":false,\"buttons\":[[{\"action\":{\"type\":\"text\",\"payload\":\"{\\\"command\\\":\\\"zavka\\\"}\",\"label\":\"\u0413\u0434\u0435 \u0437\u0430\u043a\u0430\u0437\u0430\u0442\u044c \u0442\u0440\u0435\u043a? \ud83c\udfb5 \"},\"color\":\"positive\"}],[{\"action\":{\"type\":\"text\",\"payload\":\"{\\\"command\\\":\\\"zavka2\\\"}\",\"label\":\"\u041a\u0430\u043a \u043f\u043e\u043b\u0443\u0447\u0438\u0442\u044c 100 \u0440\u0443\u0431\u043b\u0435\u0439? \ud83d\udcb2 \"},\"color\":\"positive\"}],[{\"action\":{\"type\":\"text\",\"payload\":\"{\\\"command\\\":\\\"zavka3\\\"}\",\"label\":\"\u0417\u0430\u044f\u0432\u043b\u0435\u043d\u0438\u0435 \u043d\u0430 rDJ \ud83d\udcbc\"},\"color\":\"positive\"}],[{\"action\":{\"type\":null}}],[{\"action\":{\"type\":\"text\",\"payload\":\"{\\\"command\\\":\\\"nazad\\\"}\",\"label\":\"\u041d\u0430\u0437\u0430\u0434 \ud83c\udf99 \"},\"color\":\"default\"}]],\"inline\":false}"},{"key":"v","value":"5.103"},{"key":"random_id","value":"1146984611"}]}}
[Exception]: код ошибки: 911
[Exception]: файл: /var/www/lm_1121/data/www/boom-vk.tk/simplevk-master/src/vk_api.php:223
[Exception]: путь ошибки: #0 /var/www/lm_1121/data/www/boom-vk.tk/simplevk-master/src/vk_api.php(420): DigitalStar\vk_api\vk_api->request('messages.send', Array)
#1 /var/www/lm_1121/data/www/boom-vk.tk/bot.php(206): DigitalStar\vk_api\vk_api->sendButton(307267314, '\xD0\x9C\xD0\xB0\xD0\xBA\xD1\x81\xD0\xB8\xD0\xBC, \xD0...', Array)
#2 {main}
[Exception]: возникла ошибка:
[Exception]: текст: {"error":{"error_code":911,"error_msg":"Keyboard format is invalid: button [3][0] has invalid type","request_params":[{"key":"method","value":"messages.send"},{"key":"oauth","value":"1"},{"key":"peer_id","value":"307267314"},{"key":"keyboard","value":"{\"one_time\":false,\"buttons\":[[{\"action\":{\"type\":\"text\",\"payload\":\"{\\\"command\\\":\\\"zavka\\\"}\",\"label\":\"\u0413\u0434\u0435 \u0437\u0430\u043a\u0430\u0437\u0430\u0442\u044c \u0442\u0440\u0435\u043a? \ud83c\udfb5 \"},\"color\":\"positive\"}],[{\"action\":{\"type\":\"text\",\"payload\":\"{\\\"command\\\":\\\"zavka2\\\"}\",\"label\":\"\u041a\u0430\u043a \u043f\u043e\u043b\u0443\u0447\u0438\u0442\u044c 100 \u0440\u0443\u0431\u043b\u0435\u0439? \ud83d\udcb2 \"},\"color\":\"positive\"}],[{\"action\":{\"type\":\"text\",\"payload\":\"{\\\"command\\\":\\\"zavka3\\\"}\",\"label\":\"\u0417\u0430\u044f\u0432\u043b\u0435\u043d\u0438\u0435 \u043d\u0430 rDJ \ud83d\udcbc\"},\"color\":\"positive\"}],[{\"action\":{\"type\":null}}],[{\"action\":{\"type\":\"text\",\"payload\":\"{\\\"command\\\":\\\"nazad\\\"}\",\"label\":\"\u041d\u0430\u0437\u0430\u0434 \ud83c\udf99 \"},\"color\":\"default\"}]],\"inline\":false}"},{"key":"v","value":"5.103"},{"key":"random_id","value":"1669639608"}]}}
[Exception]: код ошибки: 911
[Exception]: файл: /var/www/lm_1121/data/www/boom-vk.tk/simplevk-master/src/vk_api.php:223
[Exception]: путь ошибки: #0 /var/www/lm_1121/data/www/boom-vk.tk/simplevk-master/src/vk_api.php(420): DigitalStar\vk_api\vk_api->request('messages.send', Array)
#1 /var/www/lm_1121/data/www/boom-vk.tk/bot.php(206): DigitalStar\vk_api\vk_api->sendButton(307267314, '\xD0\x9C\xD0\xB0\xD0\xBA\xD1\x81\xD0\xB8\xD0\xBC, \xD0...', Array)
#2 {main}
[Exception]: возникла ошибка:
[Exception]: текст: {"error":{"error_code":911,"error_msg":"Keyboard format is invalid: button [3][0] has invalid type","request_params":[{"key":"method","value":"messages.send"},{"key":"oauth","value":"1"},{"key":"peer_id","value":"307267314"},{"key":"keyboard","value":"{\"one_time\":false,\"buttons\":[[{\"action\":{\"type\":\"text\",\"payload\":\"{\\\"command\\\":\\\"zavka\\\"}\",\"label\":\"\u0413\u0434\u0435 \u0437\u0430\u043a\u0430\u0437\u0430\u0442\u044c \u0442\u0440\u0435\u043a? \ud83c\udfb5 \"},\"color\":\"positive\"}],[{\"action\":{\"type\":\"text\",\"payload\":\"{\\\"command\\\":\\\"zavka2\\\"}\",\"label\":\"\u041a\u0430\u043a \u043f\u043e\u043b\u0443\u0447\u0438\u0442\u044c 100 \u0440\u0443\u0431\u043b\u0435\u0439? \ud83d\udcb2 \"},\"color\":\"positive\"}],[{\"action\":{\"type\":\"text\",\"payload\":\"{\\\"command\\\":\\\"zavka3\\\"}\",\"label\":\"\u0417\u0430\u044f\u0432\u043b\u0435\u043d\u0438\u0435 \u043d\u0430 rDJ \ud83d\udcbc\"},\"color\":\"positive\"}],[{\"action\":{\"type\":null}}],[{\"action\":{\"type\":\"text\",\"payload\":\"{\\\"command\\\":\\\"nazad\\\"}\",\"label\":\"\u041d\u0430\u0437\u0430\u0434 \ud83c\udf99 \"},\"color\":\"default\"}]],\"inline\":false}"},{"key":"v","value":"5.103"},{"key":"random_id","value":"1579997861"}]}}
[Exception]: код ошибки: 911
[Exception]: файл: /var/www/lm_1121/data/www/boom-vk.tk/simplevk-master/src/vk_api.php:223
[Exception]: путь ошибки: #0 /var/www/lm_1121/data/www/boom-vk.tk/simplevk-master/src/vk_api.php(420): DigitalStar\vk_api\vk_api->request('messages.send', Array)
#1 /var/www/lm_1121/data/www/boom-vk.tk/bot.php(206): DigitalStar\vk_api\vk_api->sendButton(307267314, '\xD0\x9C\xD0\xB0\xD0\xBA\xD1\x81\xD0\xB8\xD0\xBC, \xD0...', Array)
#2 {main}
[Exception]: возникла ошибка:
[Exception]: текст: {"error":{"error_code":911,"error_msg":"Keyboard format is invalid: button [3][0] has invalid type","request_params":[{"key":"method","value":"messages.send"},{"key":"oauth","value":"1"},{"key":"peer_id","value":"307267314"},{"key":"keyboard","value":"{\"one_time\":false,\"buttons\":[[{\"action\":{\"type\":\"text\",\"payload\":\"{\\\"command\\\":\\\"zavka\\\"}\",\"label\":\"\u0413\u0434\u0435 \u0437\u0430\u043a\u0430\u0437\u0430\u0442\u044c \u0442\u0440\u0435\u043a? \ud83c\udfb5 \"},\"color\":\"positive\"}],[{\"action\":{\"type\":\"text\",\"payload\":\"{\\\"command\\\":\\\"zavka2\\\"}\",\"label\":\"\u041a\u0430\u043a \u043f\u043e\u043b\u0443\u0447\u0438\u0442\u044c 100 \u0440\u0443\u0431\u043b\u0435\u0439? \ud83d\udcb2 \"},\"color\":\"positive\"}],[{\"action\":{\"type\":\"text\",\"payload\":\"{\\\"command\\\":\\\"zavka3\\\"}\",\"label\":\"\u0417\u0430\u044f\u0432\u043b\u0435\u043d\u0438\u0435 \u043d\u0430 rDJ \ud83d\udcbc\"},\"color\":\"positive\"}],[{\"action\":{\"type\":null}}],[{\"action\":{\"type\":\"text\",\"payload\":\"{\\\"command\\\":\\\"nazad\\\"}\",\"label\":\"\u041d\u0430\u0437\u0430\u0434 \ud83c\udf99 \"},\"color\":\"default\"}]],\"inline\":false}"},{"key":"v","value":"5.103"},{"key":"random_id","value":"182233867"}]}}
[Exception]: код ошибки: 911
[Exception]: файл: /var/www/lm_1121/data/www/boom-vk.tk/simplevk-master/src/vk_api.php:223
[Exception]: путь ошибки: #0 /var/www/lm_1121/data/www/boom-vk.tk/simplevk-master/src/vk_api.php(420): DigitalStar\vk_api\vk_api->request('messages.send', Array)
#1 /var/www/lm_1121/data/www/boom-vk.tk/bot.php(206): DigitalStar\vk_api\vk_api->sendButton(307267314, '\xD0\x9C\xD0\xB0\xD0\xBA\xD1\x81\xD0\xB8\xD0\xBC, \xD0...', Array)
#2 {main}
[Exception]: возникла ошибка:
[Exception]: текст: {"error":{"error_code":911,"error_msg":"Keyboard format is invalid: button [3][0] has invalid type","request_params":[{"key":"method","value":"messages.send"},{"key":"oauth","value":"1"},{"key":"peer_id","value":"307267314"},{"key":"keyboard","value":"{\"one_time\":false,\"buttons\":[[{\"action\":{\"type\":\"text\",\"payload\":\"{\\\"command\\\":\\\"zavka\\\"}\",\"label\":\"\u0413\u0434\u0435 \u0437\u0430\u043a\u0430\u0437\u0430\u0442\u044c \u0442\u0440\u0435\u043a? \ud83c\udfb5 \"},\"color\":\"positive\"}],[{\"action\":{\"type\":\"text\",\"payload\":\"{\\\"command\\\":\\\"zavka2\\\"}\",\"label\":\"\u041a\u0430\u043a \u043f\u043e\u043b\u0443\u0447\u0438\u0442\u044c 100 \u0440\u0443\u0431\u043b\u0435\u0439? \ud83d\udcb2 \"},\"color\":\"positive\"}],[{\"action\":{\"type\":\"text\",\"payload\":\"{\\\"command\\\":\\\"zavka3\\\"}\",\"label\":\"\u0417\u0430\u044f\u0432\u043b\u0435\u043d\u0438\u0435 \u043d\u0430 rDJ \ud83d\udcbc\"},\"color\":\"positive\"}],[{\"action\":{\"type\":null}}],[{\"action\":{\"type\":\"text\",\"payload\":\"{\\\"command\\\":\\\"nazad\\\"}\",\"label\":\"\u041d\u0430\u0437\u0430\u0434 \ud83c\udf99 \"},\"color\":\"default\"}]],\"inline\":false}"},{"key":"v","value":"5.103"},{"key":"random_id","value":"-730943456"}]}}
[Exception]: код ошибки: 911
[Exception]: файл: /var/www/lm_1121/data/www/boom-vk.tk/simplevk-master/src/vk_api.php:223
[Exception]: путь ошибки: #0 /var/www/lm_1121/data/www/boom-vk.tk/simplevk-master/src/vk_api.php(420): DigitalStar\vk_api\vk_api->request('messages.send', Array)
#1 /var/www/lm_1121/data/www/boom-vk.tk/bot.php(206): DigitalStar\vk_api\vk_api->sendButton(307267314, '\xD0\x9C\xD0\xB0\xD0\xBA\xD1\x81\xD0\xB8\xD0\xBC, \xD0...', Array)
#2 {main}
[Exception]: возникла ошибка:
[Exception]: текст: {"error":{"error_code":911,"error_msg":"Keyboard format is invalid: button [3][0] has invalid type","request_params":[{"key":"method","value":"messages.send"},{"key":"oauth","value":"1"},{"key":"peer_id","value":"307267314"},{"key":"keyboard","value":"{\"one_time\":false,\"buttons\":[[{\"action\":{\"type\":\"text\",\"payload\":\"{\\\"command\\\":\\\"zavka\\\"}\",\"label\":\"\u0413\u0434\u0435 \u0437\u0430\u043a\u0430\u0437\u0430\u0442\u044c \u0442\u0440\u0435\u043a? \ud83c\udfb5 \"},\"color\":\"positive\"}],[{\"action\":{\"type\":\"text\",\"payload\":\"{\\\"command\\\":\\\"zavka2\\\"}\",\"label\":\"\u041a\u0430\u043a \u043f\u043e\u043b\u0443\u0447\u0438\u0442\u044c 100 \u0440\u0443\u0431\u043b\u0435\u0439? \ud83d\udcb2 \"},\"color\":\"positive\"}],[{\"action\":{\"type\":\"text\",\"payload\":\"{\\\"command\\\":\\\"zavka3\\\"}\",\"label\":\"\u0417\u0430\u044f\u0432\u043b\u0435\u043d\u0438\u0435 \u043d\u0430 rDJ \ud83d\udcbc\"},\"color\":\"positive\"}],[{\"action\":{\"type\":null}}],[{\"action\":{\"type\":\"text\",\"payload\":\"{\\\"command\\\":\\\"nazad\\\"}\",\"label\":\"\u041d\u0430\u0437\u0430\u0434 \ud83c\udf99 \"},\"color\":\"default\"}]],\"inline\":false}"},{"key":"v","value":"5.103"},{"key":"random_id","value":"-1148301527"}]}}
[Exception]: код ошибки: 911
[Exception]: файл: /var/www/lm_1121/data/www/boom-vk.tk/simplevk-master/src/vk_api.php:223
[Exception]: путь ошибки: #0 /var/www/lm_1121/data/www/boom-vk.tk/simplevk-master/src/vk_api.php(420): DigitalStar\vk_api\vk_api->request('messages.send', Array)
#1 /var/www/lm_1121/data/www/boom-vk.tk/bot.php(206): DigitalStar\vk_api\vk_api->sendButton(307267314, '\xD0\x9C\xD0\xB0\xD0\xBA\xD1\x81\xD0\xB8\xD0\xBC, \xD0...', Array)
#2 {main}
[Exception]: возникла ошибка:
[Exception]: текст: {"error":{"error_code":911,"error_msg":"Keyboard format is invalid: button [3][0] has invalid type","request_params":[{"key":"method","value":"messages.send"},{"key":"oauth","value":"1"},{"key":"peer_id","value":"307267314"},{"key":"keyboard","value":"{\"one_time\":false,\"buttons\":[[{\"action\":{\"type\":\"text\",\"payload\":\"{\\\"command\\\":\\\"zavka\\\"}\",\"label\":\"\u0413\u0434\u0435 \u0437\u0430\u043a\u0430\u0437\u0430\u0442\u044c \u0442\u0440\u0435\u043a? \ud83c\udfb5 \"},\"color\":\"positive\"}],[{\"action\":{\"type\":\"text\",\"payload\":\"{\\\"command\\\":\\\"zavka2\\\"}\",\"label\":\"\u041a\u0430\u043a \u043f\u043e\u043b\u0443\u0447\u0438\u0442\u044c 100 \u0440\u0443\u0431\u043b\u0435\u0439? \ud83d\udcb2 \"},\"color\":\"positive\"}],[{\"action\":{\"type\":\"text\",\"payload\":\"{\\\"command\\\":\\\"zavka3\\\"}\",\"label\":\"\u0417\u0430\u044f\u0432\u043b\u0435\u043d\u0438\u0435 \u043d\u0430 rDJ \ud83d\udcbc\"},\"color\":\"positive\"}],[{\"action\":{\"type\":null}}],[{\"action\":{\"type\":\"text\",\"payload\":\"{\\\"command\\\":\\\"nazad\\\"}\",\"label\":\"\u041d\u0430\u0437\u0430\u0434 \ud83c\udf99 \"},\"color\":\"default\"}]],\"inline\":false}"},{"key":"v","value":"5.103"},{"key":"random_id","value":"1110377794"}]}}
[Exception]: код ошибки: 911
[Exception]: файл: /var/www/lm_1121/data/www/boom-vk.tk/simplevk-master/src/vk_api.php:223
[Exception]: путь ошибки: #0 /var/www/lm_1121/data/www/boom-vk.tk/simplevk-master/src/vk_api.php(420): DigitalStar\vk_api\vk_api->request('messages.send', Array)
#1 /var/www/lm_1121/data/www/boom-vk.tk/bot.php(206): DigitalStar\vk_api\vk_api->sendButton(307267314, '\xD0\x9C\xD0\xB0\xD0\xBA\xD1\x81\xD0\xB8\xD0\xBC, \xD0...', Array)
#2 {main}
[Exception]: возникла ошибка:
[Exception]: текст: {"error":{"error_code":911,"error_msg":"Keyboard format is invalid: button [3][0] has invalid type","request_params":[{"key":"method","value":"messages.send"},{"key":"oauth","value":"1"},{"key":"peer_id","value":"307267314"},{"key":"keyboard","value":"{\"one_time\":false,\"buttons\":[[{\"action\":{\"type\":\"text\",\"payload\":\"{\\\"command\\\":\\\"zavka\\\"}\",\"label\":\"\u0413\u0434\u0435 \u0437\u0430\u043a\u0430\u0437\u0430\u0442\u044c \u0442\u0440\u0435\u043a? \ud83c\udfb5 \"},\"color\":\"positive\"}],[{\"action\":{\"type\":\"text\",\"payload\":\"{\\\"command\\\":\\\"zavka2\\\"}\",\"label\":\"\u041a\u0430\u043a \u043f\u043e\u043b\u0443\u0447\u0438\u0442\u044c 100 \u0440\u0443\u0431\u043b\u0435\u0439? \ud83d\udcb2 \"},\"color\":\"positive\"}],[{\"action\":{\"type\":\"text\",\"payload\":\"{\\\"command\\\":\\\"zavka3\\\"}\",\"label\":\"\u0417\u0430\u044f\u0432\u043b\u0435\u043d\u0438\u0435 \u043d\u0430 rDJ \ud83d\udcbc\"},\"color\":\"positive\"}],[{\"action\":{\"type\":null}}],[{\"action\":{\"type\":\"text\",\"payload\":\"{\\\"command\\\":\\\"nazad\\\"}\",\"label\":\"\u041d\u0430\u0437\u0430\u0434 \ud83c\udf99 \"},\"color\":\"default\"}]],\"inline\":false}"},{"key":"v","value":"5.103"},{"key":"random_id","value":"-2055092924"}]}}
[Exception]: код ошибки: 911
[Exception]: файл: /var/www/lm_1121/data/www/boom-vk.tk/simplevk-master/src/vk_api.php:223
[Exception]: путь ошибки: #0 /var/www/lm_1121/data/www/boom-vk.tk/simplevk-master/src/vk_api.php(420): DigitalStar\vk_api\vk_api->request('messages.send', Array)
#1 /var/www/lm_1121/data/www/boom-vk.tk/bot.php(206): DigitalStar\vk_api\vk_api->sendButton(307267314, '\xD0\x9C\xD0\xB0\xD0\xBA\xD1\x81\xD0\xB8\xD0\xBC, \xD0...', Array)
#2 {main}
