[Exception]: возникла ошибка:
[Exception]: текст: {"error":{"error_code":100,"error_msg":"One of the parameters specified was missing or invalid: message is empty or invalid","request_params":[{"key":"method","value":"messages.send"},{"key":"oauth","value":"1"},{"key":"peer_id","value":"564375596"},{"key":"v","value":"5.103"},{"key":"random_id","value":"561410782"}]}}
[Exception]: код ошибки: 100
[Exception]: файл: /home/f0457801/domains/f0457801.xsph.ru/public_html/simplevk-master/src/vk_api.php:223
[Exception]: путь ошибки: #0 /home/f0457801/domains/f0457801.xsph.ru/public_html/simplevk-master/src/vk_api.php(393): DigitalStar\vk_api\vk_api->request('messages.send', Array)
#1 /home/f0457801/domains/f0457801.xsph.ru/public_html/bot.php(99): DigitalStar\vk_api\vk_api->sendMessage(564375596, '')
#2 {main}
[Exception]: возникла ошибка:
[Exception]: текст: {"error":{"error_code":100,"error_msg":"One of the parameters specified was missing or invalid: message is empty or invalid","request_params":[{"key":"method","value":"messages.send"},{"key":"oauth","value":"1"},{"key":"peer_id","value":"564375596"},{"key":"v","value":"5.103"},{"key":"random_id","value":"1162228382"}]}}
[Exception]: код ошибки: 100
[Exception]: файл: /home/f0457801/domains/f0457801.xsph.ru/public_html/simplevk-master/src/vk_api.php:223
[Exception]: путь ошибки: #0 /home/f0457801/domains/f0457801.xsph.ru/public_html/simplevk-master/src/vk_api.php(393): DigitalStar\vk_api\vk_api->request('messages.send', Array)
#1 /home/f0457801/domains/f0457801.xsph.ru/public_html/bot.php(99): DigitalStar\vk_api\vk_api->sendMessage(564375596, '')
#2 {main}
[Exception]: возникла ошибка:
[Exception]: текст: {"error":{"error_code":100,"error_msg":"One of the parameters specified was missing or invalid: message is empty or invalid","request_params":[{"key":"method","value":"messages.send"},{"key":"oauth","value":"1"},{"key":"peer_id","value":"564375596"},{"key":"v","value":"5.103"},{"key":"random_id","value":"1022436980"}]}}
[Exception]: код ошибки: 100
[Exception]: файл: /home/f0457801/domains/f0457801.xsph.ru/public_html/simplevk-master/src/vk_api.php:223
[Exception]: путь ошибки: #0 /home/f0457801/domains/f0457801.xsph.ru/public_html/simplevk-master/src/vk_api.php(393): DigitalStar\vk_api\vk_api->request('messages.send', Array)
#1 /home/f0457801/domains/f0457801.xsph.ru/public_html/bot.php(99): DigitalStar\vk_api\vk_api->sendMessage(564375596, '')
#2 {main}
[Exception]: возникла ошибка:
[Exception]: текст: {"error":{"error_code":100,"error_msg":"One of the parameters specified was missing or invalid: message is empty or invalid","request_params":[{"key":"method","value":"messages.send"},{"key":"oauth","value":"1"},{"key":"peer_id","value":"564375596"},{"key":"v","value":"5.103"},{"key":"random_id","value":"156456268"}]}}
[Exception]: код ошибки: 100
[Exception]: файл: /home/f0457801/domains/f0457801.xsph.ru/public_html/simplevk-master/src/vk_api.php:223
[Exception]: путь ошибки: #0 /home/f0457801/domains/f0457801.xsph.ru/public_html/simplevk-master/src/vk_api.php(393): DigitalStar\vk_api\vk_api->request('messages.send', Array)
#1 /home/f0457801/domains/f0457801.xsph.ru/public_html/bot.php(99): DigitalStar\vk_api\vk_api->sendMessage(564375596, '')
#2 {main}
[Exception]: возникла ошибка:
[Exception]: текст: {"error":{"error_code":100,"error_msg":"One of the parameters specified was missing or invalid: message is empty or invalid","request_params":[{"key":"method","value":"messages.send"},{"key":"oauth","value":"1"},{"key":"peer_id","value":"564375596"},{"key":"v","value":"5.103"},{"key":"random_id","value":"797609733"}]}}
[Exception]: код ошибки: 100
[Exception]: файл: /home/f0457801/domains/f0457801.xsph.ru/public_html/simplevk-master/src/vk_api.php:223
[Exception]: путь ошибки: #0 /home/f0457801/domains/f0457801.xsph.ru/public_html/simplevk-master/src/vk_api.php(393): DigitalStar\vk_api\vk_api->request('messages.send', Array)
#1 /home/f0457801/domains/f0457801.xsph.ru/public_html/bot.php(99): DigitalStar\vk_api\vk_api->sendMessage(564375596, '')
#2 {main}
[Exception]: возникла ошибка:
[Exception]: текст: {"error":{"error_code":100,"error_msg":"One of the parameters specified was missing or invalid: message is empty or invalid","request_params":[{"key":"method","value":"messages.send"},{"key":"oauth","value":"1"},{"key":"peer_id","value":"564375596"},{"key":"v","value":"5.103"},{"key":"random_id","value":"-813518637"}]}}
[Exception]: код ошибки: 100
[Exception]: файл: /home/f0457801/domains/f0457801.xsph.ru/public_html/simplevk-master/src/vk_api.php:223
[Exception]: путь ошибки: #0 /home/f0457801/domains/f0457801.xsph.ru/public_html/simplevk-master/src/vk_api.php(393): DigitalStar\vk_api\vk_api->request('messages.send', Array)
#1 /home/f0457801/domains/f0457801.xsph.ru/public_html/bot.php(99): DigitalStar\vk_api\vk_api->sendMessage(564375596, '')
#2 {main}
