[Exception]: возникла ошибка:
[Exception]: текст: {"error":{"error_code":5,"error_msg":"User authorization failed: invalid access_token (4).","request_params":[{"key":"method","value":"messages.send"},{"key":"oauth","value":"1"},{"key":"peer_id","value":"2000000009"},{"key":"v","value":"5.103"},{"key":"random_id","value":"14011575"}]}}
[Exception]: код ошибки: 5
[Exception]: файл: /home/f0457801/domains/f0457801.xsph.ru/public_html/simplevk-master/src/vk_api.php:223
[Exception]: путь ошибки: #0 /home/f0457801/domains/f0457801.xsph.ru/public_html/simplevk-master/src/vk_api.php(393): DigitalStar\vk_api\vk_api->request('messages.send', Array)
#1 /home/f0457801/domains/f0457801.xsph.ru/public_html/bot.php(177): DigitalStar\vk_api\vk_api->sendMessage(2000000009, '\xD0\x92\xD1\x8B \xD0\xB2\xD0\xB7\xD1\x8F\xD0\xBB\xD0\xB8...')
#2 {main}
[Exception]: возникла ошибка:
[Exception]: текст: {"error":{"error_code":5,"error_msg":"User authorization failed: invalid access_token (4).","request_params":[{"key":"method","value":"messages.send"},{"key":"oauth","value":"1"},{"key":"peer_id","value":"2000000009"},{"key":"v","value":"5.103"},{"key":"random_id","value":"-1982282358"}]}}
[Exception]: код ошибки: 5
[Exception]: файл: /home/f0457801/domains/f0457801.xsph.ru/public_html/simplevk-master/src/vk_api.php:223
[Exception]: путь ошибки: #0 /home/f0457801/domains/f0457801.xsph.ru/public_html/simplevk-master/src/vk_api.php(393): DigitalStar\vk_api\vk_api->request('messages.send', Array)
#1 /home/f0457801/domains/f0457801.xsph.ru/public_html/bot.php(361): DigitalStar\vk_api\vk_api->sendMessage(2000000009, '\xD0\x92\xD0\xB0\xD1\x88 \xD0\xBF\xD1\x80\xD0\xBE\xD1\x84...')
#2 {main}
[Exception]: возникла ошибка:
[Exception]: текст: {"error":{"error_code":5,"error_msg":"User authorization failed: invalid access_token (4).","request_params":[{"key":"method","value":"messages.send"},{"key":"oauth","value":"1"},{"key":"peer_id","value":"2000000009"},{"key":"v","value":"5.103"},{"key":"random_id","value":"472638885"}]}}
[Exception]: код ошибки: 5
[Exception]: файл: /home/f0457801/domains/f0457801.xsph.ru/public_html/simplevk-master/src/vk_api.php:223
[Exception]: путь ошибки: #0 /home/f0457801/domains/f0457801.xsph.ru/public_html/simplevk-master/src/vk_api.php(393): DigitalStar\vk_api\vk_api->request('messages.send', Array)
#1 /home/f0457801/domains/f0457801.xsph.ru/public_html/bot.php(181): DigitalStar\vk_api\vk_api->sendMessage(2000000009, '\xD0\x92\xD1\x8B \xD1\x83\xD0\xB6\xD0\xB5 \xD0\xB1\xD1...')
#2 {main}
[Exception]: возникла ошибка:
[Exception]: текст: {"error":{"error_code":5,"error_msg":"User authorization failed: invalid access_token (4).","request_params":[{"key":"method","value":"messages.send"},{"key":"oauth","value":"1"},{"key":"peer_id","value":"2000000009"},{"key":"v","value":"5.103"},{"key":"random_id","value":"477967794"}]}}
[Exception]: код ошибки: 5
[Exception]: файл: /home/f0457801/domains/f0457801.xsph.ru/public_html/simplevk-master/src/vk_api.php:223
[Exception]: путь ошибки: #0 /home/f0457801/domains/f0457801.xsph.ru/public_html/simplevk-master/src/vk_api.php(393): DigitalStar\vk_api\vk_api->request('messages.send', Array)
#1 /home/f0457801/domains/f0457801.xsph.ru/public_html/bot.php(177): DigitalStar\vk_api\vk_api->sendMessage(2000000009, '\xD0\x92\xD1\x8B \xD0\xB2\xD0\xB7\xD1\x8F\xD0\xBB\xD0\xB8...')
#2 {main}
[Exception]: возникла ошибка:
[Exception]: текст: {"error":{"error_code":5,"error_msg":"User authorization failed: invalid access_token (4).","request_params":[{"key":"method","value":"messages.send"},{"key":"oauth","value":"1"},{"key":"peer_id","value":"2000000009"},{"key":"keyboard","value":"{\"one_time\":false,\"buttons\":[[{\"action\":{\"type\":\"text\",\"payload\":\"{\\\"command\\\":\\\"prid\\\"}\",\"label\":\"\ud83d\udd25 \u041f\u0440\u043e\u043c\u043e\u043a\u043e\u0434\u044b\"},\"color\":\"negative\"}],[{\"action\":{\"type\":\"text\",\"payload\":\"{\\\"command\\\":\\\"helpme\\\"}\",\"label\":\"\u041f\u043e\u043c\u043e\u0449\u044c\"},\"color\":\"positive\"}],[{\"action\":{\"type\":\"text\",\"payload\":\"{\\\"command\\\":\\\"nazad\\\"}\",\"label\":\"\u041d\u0430\u0437\u0430\u0434 \ud83c\udf99 \"},\"color\":\"default\"}]],\"inline\":false}"},{"key":"v","value":"5.103"},{"key":"random_id","value":"-579714115"}]}}
[Exception]: код ошибки: 5
[Exception]: файл: /home/f0457801/domains/f0457801.xsph.ru/public_html/simplevk-master/src/vk_api.php:223
[Exception]: путь ошибки: #0 /home/f0457801/domains/f0457801.xsph.ru/public_html/simplevk-master/src/vk_api.php(420): DigitalStar\vk_api\vk_api->request('messages.send', Array)
#1 /home/f0457801/domains/f0457801.xsph.ru/public_html/bot.php(187): DigitalStar\vk_api\vk_api->sendButton(2000000009, '\xD0\x92\xD1\x8B \xD0\xBF\xD0\xBE\xD0\xBF\xD0\xB0\xD0\xBB...', Array)
#2 {main}
[Exception]: возникла ошибка:
[Exception]: текст: {"error":{"error_code":5,"error_msg":"User authorization failed: invalid access_token (4).","request_params":[{"key":"method","value":"messages.send"},{"key":"oauth","value":"1"},{"key":"peer_id","value":"2000000009"},{"key":"v","value":"5.103"},{"key":"random_id","value":"109467695"}]}}
[Exception]: код ошибки: 5
[Exception]: файл: /home/f0457801/domains/f0457801.xsph.ru/public_html/simplevk-master/src/vk_api.php:223
[Exception]: путь ошибки: #0 /home/f0457801/domains/f0457801.xsph.ru/public_html/simplevk-master/src/vk_api.php(393): DigitalStar\vk_api\vk_api->request('messages.send', Array)
#1 /home/f0457801/domains/f0457801.xsph.ru/public_html/bot.php(361): DigitalStar\vk_api\vk_api->sendMessage(2000000009, '\xD0\x92\xD0\xB0\xD1\x88 \xD0\xBF\xD1\x80\xD0\xBE\xD1\x84...')
#2 {main}
[Exception]: возникла ошибка:
[Exception]: текст: {"error":{"error_code":5,"error_msg":"User authorization failed: invalid access_token (4).","request_params":[{"key":"method","value":"messages.send"},{"key":"oauth","value":"1"},{"key":"peer_id","value":"2000000009"},{"key":"keyboard","value":"{\"one_time\":false,\"buttons\":[[{\"action\":{\"type\":\"text\",\"payload\":\"{\\\"command\\\":\\\"kazik\\\"}\",\"label\":\"\ud83d\udcb4 \u041a\u0430\u0437\u0438\u043d\u043e\"},\"color\":\"primary\"}],[{\"action\":{\"type\":\"text\",\"payload\":\"{\\\"command\\\":\\\"cases\\\"}\",\"label\":\"\ud83d\udce6 \u041a\u0435\u0439\u0441\u044b\"},\"color\":\"positive\"}],[{\"action\":{\"type\":\"text\",\"payload\":\"{\\\"command\\\":\\\"nazad\\\"}\",\"label\":\"\u041d\u0430\u0437\u0430\u0434 \ud83c\udf99 \"},\"color\":\"default\"}]],\"inline\":false}"},{"key":"v","value":"5.103"},{"key":"random_id","value":"-236210280"}]}}
[Exception]: код ошибки: 5
[Exception]: файл: /home/f0457801/domains/f0457801.xsph.ru/public_html/simplevk-master/src/vk_api.php:223
[Exception]: путь ошибки: #0 /home/f0457801/domains/f0457801.xsph.ru/public_html/simplevk-master/src/vk_api.php(420): DigitalStar\vk_api\vk_api->request('messages.send', Array)
#1 /home/f0457801/domains/f0457801.xsph.ru/public_html/bot.php(374): DigitalStar\vk_api\vk_api->sendButton(2000000009, '\xD0\x92\xD1\x8B \xD0\xBF\xD0\xBE\xD0\xBF\xD0\xB0\xD0\xBB...', Array)
#2 {main}
[Exception]: возникла ошибка:
[Exception]: текст: {"error":{"error_code":5,"error_msg":"User authorization failed: invalid access_token (4).","request_params":[{"key":"method","value":"messages.send"},{"key":"oauth","value":"1"},{"key":"peer_id","value":"2000000009"},{"key":"keyboard","value":"{\"one_time\":false,\"buttons\":[[{\"action\":{\"type\":\"text\",\"payload\":\"{\\\"command\\\":\\\"prid\\\"}\",\"label\":\"\ud83d\udd25 \u041f\u0440\u043e\u043c\u043e\u043a\u043e\u0434\u044b\"},\"color\":\"negative\"}],[{\"action\":{\"type\":\"text\",\"payload\":\"{\\\"command\\\":\\\"helpme\\\"}\",\"label\":\"\u041f\u043e\u043c\u043e\u0449\u044c\"},\"color\":\"positive\"}],[{\"action\":{\"type\":\"text\",\"payload\":\"{\\\"command\\\":\\\"nazad\\\"}\",\"label\":\"\u041d\u0430\u0437\u0430\u0434 \ud83c\udf99 \"},\"color\":\"default\"}]],\"inline\":false}"},{"key":"v","value":"5.103"},{"key":"random_id","value":"1200543245"}]}}
[Exception]: код ошибки: 5
[Exception]: файл: /home/f0457801/domains/f0457801.xsph.ru/public_html/simplevk-master/src/vk_api.php:223
[Exception]: путь ошибки: #0 /home/f0457801/domains/f0457801.xsph.ru/public_html/simplevk-master/src/vk_api.php(420): DigitalStar\vk_api\vk_api->request('messages.send', Array)
#1 /home/f0457801/domains/f0457801.xsph.ru/public_html/bot.php(187): DigitalStar\vk_api\vk_api->sendButton(2000000009, '\xD0\x92\xD1\x8B \xD0\xBF\xD0\xBE\xD0\xBF\xD0\xB0\xD0\xBB...', Array)
#2 {main}
[Exception]: возникла ошибка:
[Exception]: текст: {"error":{"error_code":5,"error_msg":"User authorization failed: invalid access_token (4).","request_params":[{"key":"method","value":"messages.send"},{"key":"oauth","value":"1"},{"key":"peer_id","value":"2000000009"},{"key":"v","value":"5.103"},{"key":"random_id","value":"2058161866"}]}}
[Exception]: код ошибки: 5
[Exception]: файл: /home/f0457801/domains/f0457801.xsph.ru/public_html/simplevk-master/src/vk_api.php:223
[Exception]: путь ошибки: #0 /home/f0457801/domains/f0457801.xsph.ru/public_html/simplevk-master/src/vk_api.php(393): DigitalStar\vk_api\vk_api->request('messages.send', Array)
#1 /home/f0457801/domains/f0457801.xsph.ru/public_html/bot.php(361): DigitalStar\vk_api\vk_api->sendMessage(2000000009, '\xD0\x92\xD0\xB0\xD1\x88 \xD0\xBF\xD1\x80\xD0\xBE\xD1\x84...')
#2 {main}
[Exception]: возникла ошибка:
[Exception]: текст: {"error":{"error_code":5,"error_msg":"User authorization failed: invalid access_token (4).","request_params":[{"key":"method","value":"messages.send"},{"key":"oauth","value":"1"},{"key":"peer_id","value":"2000000009"},{"key":"v","value":"5.103"},{"key":"random_id","value":"-588010196"}]}}
[Exception]: код ошибки: 5
[Exception]: файл: /home/f0457801/domains/f0457801.xsph.ru/public_html/simplevk-master/src/vk_api.php:223
[Exception]: путь ошибки: #0 /home/f0457801/domains/f0457801.xsph.ru/public_html/simplevk-master/src/vk_api.php(393): DigitalStar\vk_api\vk_api->request('messages.send', Array)
#1 /home/f0457801/domains/f0457801.xsph.ru/public_html/bot.php(361): DigitalStar\vk_api\vk_api->sendMessage(2000000009, '\xD0\x92\xD0\xB0\xD1\x88 \xD0\xBF\xD1\x80\xD0\xBE\xD1\x84...')
#2 {main}
[Exception]: возникла ошибка:
[Exception]: текст: {"error":{"error_code":5,"error_msg":"User authorization failed: invalid access_token (4).","request_params":[{"key":"method","value":"messages.send"},{"key":"oauth","value":"1"},{"key":"peer_id","value":"2000000009"},{"key":"v","value":"5.103"},{"key":"random_id","value":"-2008905932"}]}}
[Exception]: код ошибки: 5
[Exception]: файл: /home/f0457801/domains/f0457801.xsph.ru/public_html/simplevk-master/src/vk_api.php:223
[Exception]: путь ошибки: #0 /home/f0457801/domains/f0457801.xsph.ru/public_html/simplevk-master/src/vk_api.php(393): DigitalStar\vk_api\vk_api->request('messages.send', Array)
#1 /home/f0457801/domains/f0457801.xsph.ru/public_html/bot.php(181): DigitalStar\vk_api\vk_api->sendMessage(2000000009, '\xD0\x92\xD1\x8B \xD1\x83\xD0\xB6\xD0\xB5 \xD0\xB1\xD1...')
#2 {main}
[Exception]: возникла ошибка:
[Exception]: текст: {"error":{"error_code":5,"error_msg":"User authorization failed: invalid access_token (4).","request_params":[{"key":"method","value":"messages.send"},{"key":"oauth","value":"1"},{"key":"peer_id","value":"2000000009"},{"key":"keyboard","value":"{\"one_time\":false,\"buttons\":[[{\"action\":{\"type\":\"text\",\"payload\":\"{\\\"command\\\":\\\"vivod\\\"}\",\"label\":\"\u0412\u044b\u0432\u043e\u0434 EFM Coins \u043d\u0430 \u041b\u041a - 1000 EFM Coins\"},\"color\":\"positive\"}],[{\"action\":{\"type\":\"text\",\"payload\":\"{\\\"command\\\":\\\"nazad\\\"}\",\"label\":\"\u041d\u0430\u0437\u0430\u0434 \ud83c\udf99 \"},\"color\":\"default\"}]],\"inline\":false}"},{"key":"v","value":"5.103"},{"key":"random_id","value":"1837097366"}]}}
[Exception]: код ошибки: 5
[Exception]: файл: /home/f0457801/domains/f0457801.xsph.ru/public_html/simplevk-master/src/vk_api.php:223
[Exception]: путь ошибки: #0 /home/f0457801/domains/f0457801.xsph.ru/public_html/simplevk-master/src/vk_api.php(420): DigitalStar\vk_api\vk_api->request('messages.send', Array)
#1 /home/f0457801/domains/f0457801.xsph.ru/public_html/bot.php(495): DigitalStar\vk_api\vk_api->sendButton(2000000009, '\xD0\x92\xD1\x8B\xD0\xB1\xD0\xB5\xD1\x80\xD0\xB8\xD1\x82\xD0...', Array)
#2 {main}
[Exception]: возникла ошибка:
[Exception]: текст: {"error":{"error_code":5,"error_msg":"User authorization failed: invalid access_token (4).","request_params":[{"key":"method","value":"messages.send"},{"key":"oauth","value":"1"},{"key":"peer_id","value":"2000000009"},{"key":"v","value":"5.103"},{"key":"random_id","value":"-1867733454"}]}}
[Exception]: код ошибки: 5
[Exception]: файл: /home/f0457801/domains/f0457801.xsph.ru/public_html/simplevk-master/src/vk_api.php:223
[Exception]: путь ошибки: #0 /home/f0457801/domains/f0457801.xsph.ru/public_html/simplevk-master/src/vk_api.php(393): DigitalStar\vk_api\vk_api->request('messages.send', Array)
#1 /home/f0457801/domains/f0457801.xsph.ru/public_html/bot.php(361): DigitalStar\vk_api\vk_api->sendMessage(2000000009, '\xD0\x92\xD0\xB0\xD1\x88 \xD0\xBF\xD1\x80\xD0\xBE\xD1\x84...')
#2 {main}
[Exception]: возникла ошибка:
[Exception]: текст: {"error":{"error_code":5,"error_msg":"User authorization failed: invalid access_token (4).","request_params":[{"key":"method","value":"messages.send"},{"key":"oauth","value":"1"},{"key":"peer_id","value":"2000000009"},{"key":"keyboard","value":"{\"one_time\":false,\"buttons\":[[{\"action\":{\"type\":\"text\",\"payload\":\"{\\\"command\\\":\\\"vivod\\\"}\",\"label\":\"\u0412\u044b\u0432\u043e\u0434 EFM Coins \u043d\u0430 \u041b\u041a - 1000 EFM Coins\"},\"color\":\"positive\"}],[{\"action\":{\"type\":\"text\",\"payload\":\"{\\\"command\\\":\\\"nazad\\\"}\",\"label\":\"\u041d\u0430\u0437\u0430\u0434 \ud83c\udf99 \"},\"color\":\"default\"}]],\"inline\":false}"},{"key":"v","value":"5.103"},{"key":"random_id","value":"-472773140"}]}}
[Exception]: код ошибки: 5
[Exception]: файл: /home/f0457801/domains/f0457801.xsph.ru/public_html/simplevk-master/src/vk_api.php:223
[Exception]: путь ошибки: #0 /home/f0457801/domains/f0457801.xsph.ru/public_html/simplevk-master/src/vk_api.php(420): DigitalStar\vk_api\vk_api->request('messages.send', Array)
#1 /home/f0457801/domains/f0457801.xsph.ru/public_html/bot.php(495): DigitalStar\vk_api\vk_api->sendButton(2000000009, '\xD0\x92\xD1\x8B\xD0\xB1\xD0\xB5\xD1\x80\xD0\xB8\xD1\x82\xD0...', Array)
#2 {main}
[Exception]: возникла ошибка:
[Exception]: текст: {"error":{"error_code":5,"error_msg":"User authorization failed: invalid access_token (4).","request_params":[{"key":"method","value":"messages.send"},{"key":"oauth","value":"1"},{"key":"peer_id","value":"2000000009"},{"key":"v","value":"5.103"},{"key":"random_id","value":"-1648007605"}]}}
[Exception]: код ошибки: 5
[Exception]: файл: /home/f0457801/domains/f0457801.xsph.ru/public_html/simplevk-master/src/vk_api.php:223
[Exception]: путь ошибки: #0 /home/f0457801/domains/f0457801.xsph.ru/public_html/simplevk-master/src/vk_api.php(393): DigitalStar\vk_api\vk_api->request('messages.send', Array)
#1 /home/f0457801/domains/f0457801.xsph.ru/public_html/bot.php(181): DigitalStar\vk_api\vk_api->sendMessage(2000000009, '\xD0\x92\xD1\x8B \xD1\x83\xD0\xB6\xD0\xB5 \xD0\xB1\xD1...')
#2 {main}
[Exception]: возникла ошибка:
[Exception]: текст: {"error":{"error_code":5,"error_msg":"User authorization failed: invalid access_token (4).","request_params":[{"key":"method","value":"messages.send"},{"key":"oauth","value":"1"},{"key":"peer_id","value":"2000000009"},{"key":"keyboard","value":"{\"one_time\":false,\"buttons\":[[{\"action\":{\"type\":\"text\",\"payload\":\"{\\\"command\\\":\\\"prid\\\"}\",\"label\":\"\ud83d\udd25 \u041f\u0440\u043e\u043c\u043e\u043a\u043e\u0434\u044b\"},\"color\":\"negative\"}],[{\"action\":{\"type\":\"text\",\"payload\":\"{\\\"command\\\":\\\"helpme\\\"}\",\"label\":\"\u041f\u043e\u043c\u043e\u0449\u044c\"},\"color\":\"positive\"}],[{\"action\":{\"type\":\"text\",\"payload\":\"{\\\"command\\\":\\\"nazad\\\"}\",\"label\":\"\u041d\u0430\u0437\u0430\u0434 \ud83c\udf99 \"},\"color\":\"default\"}]],\"inline\":false}"},{"key":"v","value":"5.103"},{"key":"random_id","value":"412690779"}]}}
[Exception]: код ошибки: 5
[Exception]: файл: /home/f0457801/domains/f0457801.xsph.ru/public_html/simplevk-master/src/vk_api.php:223
[Exception]: путь ошибки: #0 /home/f0457801/domains/f0457801.xsph.ru/public_html/simplevk-master/src/vk_api.php(420): DigitalStar\vk_api\vk_api->request('messages.send', Array)
#1 /home/f0457801/domains/f0457801.xsph.ru/public_html/bot.php(187): DigitalStar\vk_api\vk_api->sendButton(2000000009, '\xD0\x92\xD1\x8B \xD0\xBF\xD0\xBE\xD0\xBF\xD0\xB0\xD0\xBB...', Array)
#2 {main}
[Exception]: возникла ошибка:
[Exception]: текст: {"error":{"error_code":5,"error_msg":"User authorization failed: invalid access_token (4).","request_params":[{"key":"method","value":"messages.send"},{"key":"oauth","value":"1"},{"key":"peer_id","value":"2000000009"},{"key":"v","value":"5.103"},{"key":"random_id","value":"1278091976"}]}}
[Exception]: код ошибки: 5
[Exception]: файл: /home/f0457801/domains/f0457801.xsph.ru/public_html/simplevk-master/src/vk_api.php:223
[Exception]: путь ошибки: #0 /home/f0457801/domains/f0457801.xsph.ru/public_html/simplevk-master/src/vk_api.php(393): DigitalStar\vk_api\vk_api->request('messages.send', Array)
#1 /home/f0457801/domains/f0457801.xsph.ru/public_html/bot.php(361): DigitalStar\vk_api\vk_api->sendMessage(2000000009, '\xD0\x92\xD0\xB0\xD1\x88 \xD0\xBF\xD1\x80\xD0\xBE\xD1\x84...')
#2 {main}
[Exception]: возникла ошибка:
[Exception]: текст: {"error":{"error_code":5,"error_msg":"User authorization failed: invalid access_token (4).","request_params":[{"key":"method","value":"messages.send"},{"key":"oauth","value":"1"},{"key":"peer_id","value":"2000000009"},{"key":"keyboard","value":"{\"one_time\":false,\"buttons\":[[{\"action\":{\"type\":\"text\",\"payload\":\"{\\\"command\\\":\\\"kazik\\\"}\",\"label\":\"\ud83d\udcb4 \u041a\u0430\u0437\u0438\u043d\u043e\"},\"color\":\"primary\"}],[{\"action\":{\"type\":\"text\",\"payload\":\"{\\\"command\\\":\\\"cases\\\"}\",\"label\":\"\ud83d\udce6 \u041a\u0435\u0439\u0441\u044b\"},\"color\":\"positive\"}],[{\"action\":{\"type\":\"text\",\"payload\":\"{\\\"command\\\":\\\"nazad\\\"}\",\"label\":\"\u041d\u0430\u0437\u0430\u0434 \ud83c\udf99 \"},\"color\":\"default\"}]],\"inline\":false}"},{"key":"v","value":"5.103"},{"key":"random_id","value":"1277641061"}]}}
[Exception]: код ошибки: 5
[Exception]: файл: /home/f0457801/domains/f0457801.xsph.ru/public_html/simplevk-master/src/vk_api.php:223
[Exception]: путь ошибки: #0 /home/f0457801/domains/f0457801.xsph.ru/public_html/simplevk-master/src/vk_api.php(420): DigitalStar\vk_api\vk_api->request('messages.send', Array)
#1 /home/f0457801/domains/f0457801.xsph.ru/public_html/bot.php(374): DigitalStar\vk_api\vk_api->sendButton(2000000009, '\xD0\x92\xD1\x8B \xD0\xBF\xD0\xBE\xD0\xBF\xD0\xB0\xD0\xBB...', Array)
#2 {main}
[Exception]: возникла ошибка:
[Exception]: текст: {"error":{"error_code":5,"error_msg":"User authorization failed: invalid access_token (4).","request_params":[{"key":"method","value":"messages.send"},{"key":"oauth","value":"1"},{"key":"peer_id","value":"2000000009"},{"key":"keyboard","value":"{\"one_time\":false,\"buttons\":[[{\"action\":{\"type\":\"text\",\"payload\":\"{\\\"command\\\":\\\"prid\\\"}\",\"label\":\"\ud83d\udd25 \u041f\u0440\u043e\u043c\u043e\u043a\u043e\u0434\u044b\"},\"color\":\"negative\"}],[{\"action\":{\"type\":\"text\",\"payload\":\"{\\\"command\\\":\\\"helpme\\\"}\",\"label\":\"\u041f\u043e\u043c\u043e\u0449\u044c\"},\"color\":\"positive\"}],[{\"action\":{\"type\":\"text\",\"payload\":\"{\\\"command\\\":\\\"nazad\\\"}\",\"label\":\"\u041d\u0430\u0437\u0430\u0434 \ud83c\udf99 \"},\"color\":\"default\"}]],\"inline\":false}"},{"key":"v","value":"5.103"},{"key":"random_id","value":"-1286575730"}]}}
[Exception]: код ошибки: 5
[Exception]: файл: /home/f0457801/domains/f0457801.xsph.ru/public_html/simplevk-master/src/vk_api.php:223
[Exception]: путь ошибки: #0 /home/f0457801/domains/f0457801.xsph.ru/public_html/simplevk-master/src/vk_api.php(420): DigitalStar\vk_api\vk_api->request('messages.send', Array)
#1 /home/f0457801/domains/f0457801.xsph.ru/public_html/bot.php(187): DigitalStar\vk_api\vk_api->sendButton(2000000009, '\xD0\x92\xD1\x8B \xD0\xBF\xD0\xBE\xD0\xBF\xD0\xB0\xD0\xBB...', Array)
#2 {main}
[Exception]: возникла ошибка:
[Exception]: текст: {"error":{"error_code":5,"error_msg":"User authorization failed: invalid access_token (4).","request_params":[{"key":"method","value":"messages.send"},{"key":"oauth","value":"1"},{"key":"peer_id","value":"2000000009"},{"key":"v","value":"5.103"},{"key":"random_id","value":"-604674064"}]}}
[Exception]: код ошибки: 5
[Exception]: файл: /home/f0457801/domains/f0457801.xsph.ru/public_html/simplevk-master/src/vk_api.php:223
[Exception]: путь ошибки: #0 /home/f0457801/domains/f0457801.xsph.ru/public_html/simplevk-master/src/vk_api.php(393): DigitalStar\vk_api\vk_api->request('messages.send', Array)
#1 /home/f0457801/domains/f0457801.xsph.ru/public_html/bot.php(361): DigitalStar\vk_api\vk_api->sendMessage(2000000009, '\xD0\x92\xD0\xB0\xD1\x88 \xD0\xBF\xD1\x80\xD0\xBE\xD1\x84...')
#2 {main}
[Exception]: возникла ошибка:
[Exception]: текст: {"error":{"error_code":5,"error_msg":"User authorization failed: invalid access_token (4).","request_params":[{"key":"method","value":"messages.send"},{"key":"oauth","value":"1"},{"key":"peer_id","value":"2000000009"},{"key":"v","value":"5.103"},{"key":"random_id","value":"2013467000"}]}}
[Exception]: код ошибки: 5
[Exception]: файл: /home/f0457801/domains/f0457801.xsph.ru/public_html/simplevk-master/src/vk_api.php:223
[Exception]: путь ошибки: #0 /home/f0457801/domains/f0457801.xsph.ru/public_html/simplevk-master/src/vk_api.php(393): DigitalStar\vk_api\vk_api->request('messages.send', Array)
#1 /home/f0457801/domains/f0457801.xsph.ru/public_html/bot.php(181): DigitalStar\vk_api\vk_api->sendMessage(2000000009, '\xD0\x92\xD1\x8B \xD1\x83\xD0\xB6\xD0\xB5 \xD0\xB1\xD1...')
#2 {main}
[Exception]: возникла ошибка:
[Exception]: текст: {"error":{"error_code":5,"error_msg":"User authorization failed: invalid access_token (4).","request_params":[{"key":"method","value":"messages.send"},{"key":"oauth","value":"1"},{"key":"peer_id","value":"2000000009"},{"key":"keyboard","value":"{\"one_time\":false,\"buttons\":[[{\"action\":{\"type\":\"text\",\"payload\":\"{\\\"command\\\":\\\"vivod\\\"}\",\"label\":\"\u0412\u044b\u0432\u043e\u0434 EFM Coins \u043d\u0430 \u041b\u041a - 1000 EFM Coins\"},\"color\":\"positive\"}],[{\"action\":{\"type\":\"text\",\"payload\":\"{\\\"command\\\":\\\"nazad\\\"}\",\"label\":\"\u041d\u0430\u0437\u0430\u0434 \ud83c\udf99 \"},\"color\":\"default\"}]],\"inline\":false}"},{"key":"v","value":"5.103"},{"key":"random_id","value":"-1690171360"}]}}
[Exception]: код ошибки: 5
[Exception]: файл: /home/f0457801/domains/f0457801.xsph.ru/public_html/simplevk-master/src/vk_api.php:223
[Exception]: путь ошибки: #0 /home/f0457801/domains/f0457801.xsph.ru/public_html/simplevk-master/src/vk_api.php(420): DigitalStar\vk_api\vk_api->request('messages.send', Array)
#1 /home/f0457801/domains/f0457801.xsph.ru/public_html/bot.php(495): DigitalStar\vk_api\vk_api->sendButton(2000000009, '\xD0\x92\xD1\x8B\xD0\xB1\xD0\xB5\xD1\x80\xD0\xB8\xD1\x82\xD0...', Array)
#2 {main}
[Exception]: возникла ошибка:
[Exception]: текст: {"error":{"error_code":5,"error_msg":"User authorization failed: invalid access_token (4).","request_params":[{"key":"method","value":"messages.send"},{"key":"oauth","value":"1"},{"key":"peer_id","value":"2000000009"},{"key":"v","value":"5.103"},{"key":"random_id","value":"1888333767"}]}}
[Exception]: код ошибки: 5
[Exception]: файл: /home/f0457801/domains/f0457801.xsph.ru/public_html/simplevk-master/src/vk_api.php:223
[Exception]: путь ошибки: #0 /home/f0457801/domains/f0457801.xsph.ru/public_html/simplevk-master/src/vk_api.php(393): DigitalStar\vk_api\vk_api->request('messages.send', Array)
#1 /home/f0457801/domains/f0457801.xsph.ru/public_html/bot.php(361): DigitalStar\vk_api\vk_api->sendMessage(2000000009, '\xD0\x92\xD0\xB0\xD1\x88 \xD0\xBF\xD1\x80\xD0\xBE\xD1\x84...')
#2 {main}
[Exception]: возникла ошибка:
[Exception]: текст: {"error":{"error_code":5,"error_msg":"User authorization failed: invalid access_token (4).","request_params":[{"key":"method","value":"messages.send"},{"key":"oauth","value":"1"},{"key":"peer_id","value":"2000000009"},{"key":"keyboard","value":"{\"one_time\":false,\"buttons\":[[{\"action\":{\"type\":\"text\",\"payload\":\"{\\\"command\\\":\\\"vivod\\\"}\",\"label\":\"\u0412\u044b\u0432\u043e\u0434 EFM Coins \u043d\u0430 \u041b\u041a - 1000 EFM Coins\"},\"color\":\"positive\"}],[{\"action\":{\"type\":\"text\",\"payload\":\"{\\\"command\\\":\\\"nazad\\\"}\",\"label\":\"\u041d\u0430\u0437\u0430\u0434 \ud83c\udf99 \"},\"color\":\"default\"}]],\"inline\":false}"},{"key":"v","value":"5.103"},{"key":"random_id","value":"-588475388"}]}}
[Exception]: код ошибки: 5
[Exception]: файл: /home/f0457801/domains/f0457801.xsph.ru/public_html/simplevk-master/src/vk_api.php:223
[Exception]: путь ошибки: #0 /home/f0457801/domains/f0457801.xsph.ru/public_html/simplevk-master/src/vk_api.php(420): DigitalStar\vk_api\vk_api->request('messages.send', Array)
#1 /home/f0457801/domains/f0457801.xsph.ru/public_html/bot.php(495): DigitalStar\vk_api\vk_api->sendButton(2000000009, '\xD0\x92\xD1\x8B\xD0\xB1\xD0\xB5\xD1\x80\xD0\xB8\xD1\x82\xD0...', Array)
#2 {main}
[Exception]: возникла ошибка:
[Exception]: текст: {"error":{"error_code":5,"error_msg":"User authorization failed: invalid access_token (4).","request_params":[{"key":"method","value":"messages.send"},{"key":"oauth","value":"1"},{"key":"peer_id","value":"2000000009"},{"key":"v","value":"5.103"},{"key":"random_id","value":"-959541052"}]}}
[Exception]: код ошибки: 5
[Exception]: файл: /home/f0457801/domains/f0457801.xsph.ru/public_html/simplevk-master/src/vk_api.php:223
[Exception]: путь ошибки: #0 /home/f0457801/domains/f0457801.xsph.ru/public_html/simplevk-master/src/vk_api.php(393): DigitalStar\vk_api\vk_api->request('messages.send', Array)
#1 /home/f0457801/domains/f0457801.xsph.ru/public_html/bot.php(181): DigitalStar\vk_api\vk_api->sendMessage(2000000009, '\xD0\x92\xD1\x8B \xD1\x83\xD0\xB6\xD0\xB5 \xD0\xB1\xD1...')
#2 {main}
[Exception]: возникла ошибка:
[Exception]: текст: {"error":{"error_code":5,"error_msg":"User authorization failed: invalid access_token (4).","request_params":[{"key":"method","value":"messages.send"},{"key":"oauth","value":"1"},{"key":"peer_id","value":"2000000009"},{"key":"v","value":"5.103"},{"key":"random_id","value":"-993410573"}]}}
[Exception]: код ошибки: 5
[Exception]: файл: /home/f0457801/domains/f0457801.xsph.ru/public_html/simplevk-master/src/vk_api.php:223
[Exception]: путь ошибки: #0 /home/f0457801/domains/f0457801.xsph.ru/public_html/simplevk-master/src/vk_api.php(393): DigitalStar\vk_api\vk_api->request('messages.send', Array)
#1 /home/f0457801/domains/f0457801.xsph.ru/public_html/bot.php(361): DigitalStar\vk_api\vk_api->sendMessage(2000000009, '\xD0\x92\xD0\xB0\xD1\x88 \xD0\xBF\xD1\x80\xD0\xBE\xD1\x84...')
#2 {main}
[Exception]: возникла ошибка:
[Exception]: текст: {"error":{"error_code":5,"error_msg":"User authorization failed: invalid access_token (4).","request_params":[{"key":"method","value":"messages.send"},{"key":"oauth","value":"1"},{"key":"peer_id","value":"2000000009"},{"key":"v","value":"5.103"},{"key":"random_id","value":"420080079"}]}}
[Exception]: код ошибки: 5
[Exception]: файл: /home/f0457801/domains/f0457801.xsph.ru/public_html/simplevk-master/src/vk_api.php:223
[Exception]: путь ошибки: #0 /home/f0457801/domains/f0457801.xsph.ru/public_html/simplevk-master/src/vk_api.php(393): DigitalStar\vk_api\vk_api->request('messages.send', Array)
#1 /home/f0457801/domains/f0457801.xsph.ru/public_html/bot.php(181): DigitalStar\vk_api\vk_api->sendMessage(2000000009, '\xD0\x92\xD1\x8B \xD1\x83\xD0\xB6\xD0\xB5 \xD0\xB1\xD1...')
#2 {main}
[Exception]: возникла ошибка:
[Exception]: текст: {"error":{"error_code":5,"error_msg":"User authorization failed: invalid access_token (4).","request_params":[{"key":"method","value":"messages.send"},{"key":"oauth","value":"1"},{"key":"peer_id","value":"2000000009"},{"key":"keyboard","value":"{\"one_time\":false,\"buttons\":[[{\"action\":{\"type\":\"text\",\"payload\":\"{\\\"command\\\":\\\"prid\\\"}\",\"label\":\"\ud83d\udd25 \u041f\u0440\u043e\u043c\u043e\u043a\u043e\u0434\u044b\"},\"color\":\"negative\"}],[{\"action\":{\"type\":\"text\",\"payload\":\"{\\\"command\\\":\\\"helpme\\\"}\",\"label\":\"\u041f\u043e\u043c\u043e\u0449\u044c\"},\"color\":\"positive\"}],[{\"action\":{\"type\":\"text\",\"payload\":\"{\\\"command\\\":\\\"nazad\\\"}\",\"label\":\"\u041d\u0430\u0437\u0430\u0434 \ud83c\udf99 \"},\"color\":\"default\"}]],\"inline\":false}"},{"key":"v","value":"5.103"},{"key":"random_id","value":"152650311"}]}}
[Exception]: код ошибки: 5
[Exception]: файл: /home/f0457801/domains/f0457801.xsph.ru/public_html/simplevk-master/src/vk_api.php:223
[Exception]: путь ошибки: #0 /home/f0457801/domains/f0457801.xsph.ru/public_html/simplevk-master/src/vk_api.php(420): DigitalStar\vk_api\vk_api->request('messages.send', Array)
#1 /home/f0457801/domains/f0457801.xsph.ru/public_html/bot.php(187): DigitalStar\vk_api\vk_api->sendButton(2000000009, '\xD0\x92\xD1\x8B \xD0\xBF\xD0\xBE\xD0\xBF\xD0\xB0\xD0\xBB...', Array)
#2 {main}
[Exception]: возникла ошибка:
[Exception]: текст: {"error":{"error_code":5,"error_msg":"User authorization failed: invalid access_token (4).","request_params":[{"key":"method","value":"messages.send"},{"key":"oauth","value":"1"},{"key":"peer_id","value":"2000000009"},{"key":"v","value":"5.103"},{"key":"random_id","value":"-2023262475"}]}}
[Exception]: код ошибки: 5
[Exception]: файл: /home/f0457801/domains/f0457801.xsph.ru/public_html/simplevk-master/src/vk_api.php:223
[Exception]: путь ошибки: #0 /home/f0457801/domains/f0457801.xsph.ru/public_html/simplevk-master/src/vk_api.php(393): DigitalStar\vk_api\vk_api->request('messages.send', Array)
#1 /home/f0457801/domains/f0457801.xsph.ru/public_html/bot.php(361): DigitalStar\vk_api\vk_api->sendMessage(2000000009, '\xD0\x92\xD0\xB0\xD1\x88 \xD0\xBF\xD1\x80\xD0\xBE\xD1\x84...')
#2 {main}
[Exception]: возникла ошибка:
[Exception]: текст: {"error":{"error_code":5,"error_msg":"User authorization failed: invalid access_token (4).","request_params":[{"key":"method","value":"messages.send"},{"key":"oauth","value":"1"},{"key":"peer_id","value":"2000000009"},{"key":"keyboard","value":"{\"one_time\":false,\"buttons\":[[{\"action\":{\"type\":\"text\",\"payload\":\"{\\\"command\\\":\\\"kazik\\\"}\",\"label\":\"\ud83d\udcb4 \u041a\u0430\u0437\u0438\u043d\u043e\"},\"color\":\"primary\"}],[{\"action\":{\"type\":\"text\",\"payload\":\"{\\\"command\\\":\\\"cases\\\"}\",\"label\":\"\ud83d\udce6 \u041a\u0435\u0439\u0441\u044b\"},\"color\":\"positive\"}],[{\"action\":{\"type\":\"text\",\"payload\":\"{\\\"command\\\":\\\"nazad\\\"}\",\"label\":\"\u041d\u0430\u0437\u0430\u0434 \ud83c\udf99 \"},\"color\":\"default\"}]],\"inline\":false}"},{"key":"v","value":"5.103"},{"key":"random_id","value":"1208372877"}]}}
[Exception]: код ошибки: 5
[Exception]: файл: /home/f0457801/domains/f0457801.xsph.ru/public_html/simplevk-master/src/vk_api.php:223
[Exception]: путь ошибки: #0 /home/f0457801/domains/f0457801.xsph.ru/public_html/simplevk-master/src/vk_api.php(420): DigitalStar\vk_api\vk_api->request('messages.send', Array)
#1 /home/f0457801/domains/f0457801.xsph.ru/public_html/bot.php(374): DigitalStar\vk_api\vk_api->sendButton(2000000009, '\xD0\x92\xD1\x8B \xD0\xBF\xD0\xBE\xD0\xBF\xD0\xB0\xD0\xBB...', Array)
#2 {main}
[Exception]: возникла ошибка:
[Exception]: текст: {"error":{"error_code":5,"error_msg":"User authorization failed: invalid access_token (4).","request_params":[{"key":"method","value":"messages.send"},{"key":"oauth","value":"1"},{"key":"peer_id","value":"2000000009"},{"key":"keyboard","value":"{\"one_time\":false,\"buttons\":[[{\"action\":{\"type\":\"text\",\"payload\":\"{\\\"command\\\":\\\"prid\\\"}\",\"label\":\"\ud83d\udd25 \u041f\u0440\u043e\u043c\u043e\u043a\u043e\u0434\u044b\"},\"color\":\"negative\"}],[{\"action\":{\"type\":\"text\",\"payload\":\"{\\\"command\\\":\\\"helpme\\\"}\",\"label\":\"\u041f\u043e\u043c\u043e\u0449\u044c\"},\"color\":\"positive\"}],[{\"action\":{\"type\":\"text\",\"payload\":\"{\\\"command\\\":\\\"nazad\\\"}\",\"label\":\"\u041d\u0430\u0437\u0430\u0434 \ud83c\udf99 \"},\"color\":\"default\"}]],\"inline\":false}"},{"key":"v","value":"5.103"},{"key":"random_id","value":"1448682034"}]}}
[Exception]: код ошибки: 5
[Exception]: файл: /home/f0457801/domains/f0457801.xsph.ru/public_html/simplevk-master/src/vk_api.php:223
[Exception]: путь ошибки: #0 /home/f0457801/domains/f0457801.xsph.ru/public_html/simplevk-master/src/vk_api.php(420): DigitalStar\vk_api\vk_api->request('messages.send', Array)
#1 /home/f0457801/domains/f0457801.xsph.ru/public_html/bot.php(187): DigitalStar\vk_api\vk_api->sendButton(2000000009, '\xD0\x92\xD1\x8B \xD0\xBF\xD0\xBE\xD0\xBF\xD0\xB0\xD0\xBB...', Array)
#2 {main}
[Exception]: возникла ошибка:
[Exception]: текст: {"error":{"error_code":5,"error_msg":"User authorization failed: invalid access_token (4).","request_params":[{"key":"method","value":"messages.send"},{"key":"oauth","value":"1"},{"key":"peer_id","value":"2000000009"},{"key":"v","value":"5.103"},{"key":"random_id","value":"-1887385225"}]}}
[Exception]: код ошибки: 5
[Exception]: файл: /home/f0457801/domains/f0457801.xsph.ru/public_html/simplevk-master/src/vk_api.php:223
[Exception]: путь ошибки: #0 /home/f0457801/domains/f0457801.xsph.ru/public_html/simplevk-master/src/vk_api.php(393): DigitalStar\vk_api\vk_api->request('messages.send', Array)
#1 /home/f0457801/domains/f0457801.xsph.ru/public_html/bot.php(361): DigitalStar\vk_api\vk_api->sendMessage(2000000009, '\xD0\x92\xD0\xB0\xD1\x88 \xD0\xBF\xD1\x80\xD0\xBE\xD1\x84...')
#2 {main}
[Exception]: возникла ошибка:
[Exception]: текст: {"error":{"error_code":5,"error_msg":"User authorization failed: invalid access_token (4).","request_params":[{"key":"method","value":"messages.send"},{"key":"oauth","value":"1"},{"key":"peer_id","value":"2000000009"},{"key":"v","value":"5.103"},{"key":"random_id","value":"-1786419786"}]}}
[Exception]: код ошибки: 5
[Exception]: файл: /home/f0457801/domains/f0457801.xsph.ru/public_html/simplevk-master/src/vk_api.php:223
[Exception]: путь ошибки: #0 /home/f0457801/domains/f0457801.xsph.ru/public_html/simplevk-master/src/vk_api.php(393): DigitalStar\vk_api\vk_api->request('messages.send', Array)
#1 /home/f0457801/domains/f0457801.xsph.ru/public_html/bot.php(181): DigitalStar\vk_api\vk_api->sendMessage(2000000009, '\xD0\x92\xD1\x8B \xD1\x83\xD0\xB6\xD0\xB5 \xD0\xB1\xD1...')
#2 {main}
[Exception]: возникла ошибка:
[Exception]: текст: {"error":{"error_code":5,"error_msg":"User authorization failed: invalid access_token (4).","request_params":[{"key":"method","value":"messages.send"},{"key":"oauth","value":"1"},{"key":"peer_id","value":"2000000009"},{"key":"keyboard","value":"{\"one_time\":false,\"buttons\":[[{\"action\":{\"type\":\"text\",\"payload\":\"{\\\"command\\\":\\\"vivod\\\"}\",\"label\":\"\u0412\u044b\u0432\u043e\u0434 EFM Coins \u043d\u0430 \u041b\u041a - 1000 EFM Coins\"},\"color\":\"positive\"}],[{\"action\":{\"type\":\"text\",\"payload\":\"{\\\"command\\\":\\\"nazad\\\"}\",\"label\":\"\u041d\u0430\u0437\u0430\u0434 \ud83c\udf99 \"},\"color\":\"default\"}]],\"inline\":false}"},{"key":"v","value":"5.103"},{"key":"random_id","value":"-401598917"}]}}
[Exception]: код ошибки: 5
[Exception]: файл: /home/f0457801/domains/f0457801.xsph.ru/public_html/simplevk-master/src/vk_api.php:223
[Exception]: путь ошибки: #0 /home/f0457801/domains/f0457801.xsph.ru/public_html/simplevk-master/src/vk_api.php(420): DigitalStar\vk_api\vk_api->request('messages.send', Array)
#1 /home/f0457801/domains/f0457801.xsph.ru/public_html/bot.php(495): DigitalStar\vk_api\vk_api->sendButton(2000000009, '\xD0\x92\xD1\x8B\xD0\xB1\xD0\xB5\xD1\x80\xD0\xB8\xD1\x82\xD0...', Array)
#2 {main}
[Exception]: возникла ошибка:
[Exception]: текст: {"error":{"error_code":5,"error_msg":"User authorization failed: invalid access_token (4).","request_params":[{"key":"method","value":"messages.send"},{"key":"oauth","value":"1"},{"key":"peer_id","value":"2000000009"},{"key":"keyboard","value":"{\"one_time\":false,\"buttons\":[[{\"action\":{\"type\":\"text\",\"payload\":\"{\\\"command\\\":\\\"vivod\\\"}\",\"label\":\"\u0412\u044b\u0432\u043e\u0434 EFM Coins \u043d\u0430 \u041b\u041a - 1000 EFM Coins\"},\"color\":\"positive\"}],[{\"action\":{\"type\":\"text\",\"payload\":\"{\\\"command\\\":\\\"nazad\\\"}\",\"label\":\"\u041d\u0430\u0437\u0430\u0434 \ud83c\udf99 \"},\"color\":\"default\"}]],\"inline\":false}"},{"key":"v","value":"5.103"},{"key":"random_id","value":"-1816077670"}]}}
[Exception]: код ошибки: 5
[Exception]: файл: /home/f0457801/domains/f0457801.xsph.ru/public_html/simplevk-master/src/vk_api.php:223
[Exception]: путь ошибки: #0 /home/f0457801/domains/f0457801.xsph.ru/public_html/simplevk-master/src/vk_api.php(420): DigitalStar\vk_api\vk_api->request('messages.send', Array)
#1 /home/f0457801/domains/f0457801.xsph.ru/public_html/bot.php(495): DigitalStar\vk_api\vk_api->sendButton(2000000009, '\xD0\x92\xD1\x8B\xD0\xB1\xD0\xB5\xD1\x80\xD0\xB8\xD1\x82\xD0...', Array)
#2 {main}
[Exception]: возникла ошибка:
[Exception]: текст: {"error":{"error_code":5,"error_msg":"User authorization failed: invalid access_token (4).","request_params":[{"key":"method","value":"messages.send"},{"key":"oauth","value":"1"},{"key":"peer_id","value":"2000000009"},{"key":"v","value":"5.103"},{"key":"random_id","value":"-663586695"}]}}
[Exception]: код ошибки: 5
[Exception]: файл: /home/f0457801/domains/f0457801.xsph.ru/public_html/simplevk-master/src/vk_api.php:223
[Exception]: путь ошибки: #0 /home/f0457801/domains/f0457801.xsph.ru/public_html/simplevk-master/src/vk_api.php(393): DigitalStar\vk_api\vk_api->request('messages.send', Array)
#1 /home/f0457801/domains/f0457801.xsph.ru/public_html/bot.php(361): DigitalStar\vk_api\vk_api->sendMessage(2000000009, '\xD0\x92\xD0\xB0\xD1\x88 \xD0\xBF\xD1\x80\xD0\xBE\xD1\x84...')
#2 {main}
[Exception]: возникла ошибка:
[Exception]: текст: {"error":{"error_code":5,"error_msg":"User authorization failed: invalid access_token (4).","request_params":[{"key":"method","value":"messages.send"},{"key":"oauth","value":"1"},{"key":"peer_id","value":"2000000009"},{"key":"v","value":"5.103"},{"key":"random_id","value":"2132269565"}]}}
[Exception]: код ошибки: 5
[Exception]: файл: /home/f0457801/domains/f0457801.xsph.ru/public_html/simplevk-master/src/vk_api.php:223
[Exception]: путь ошибки: #0 /home/f0457801/domains/f0457801.xsph.ru/public_html/simplevk-master/src/vk_api.php(393): DigitalStar\vk_api\vk_api->request('messages.send', Array)
#1 /home/f0457801/domains/f0457801.xsph.ru/public_html/bot.php(361): DigitalStar\vk_api\vk_api->sendMessage(2000000009, '\xD0\x92\xD0\xB0\xD1\x88 \xD0\xBF\xD1\x80\xD0\xBE\xD1\x84...')
#2 {main}
[Exception]: возникла ошибка:
[Exception]: текст: {"error":{"error_code":5,"error_msg":"User authorization failed: invalid access_token (4).","request_params":[{"key":"method","value":"messages.send"},{"key":"oauth","value":"1"},{"key":"peer_id","value":"2000000009"},{"key":"v","value":"5.103"},{"key":"random_id","value":"-1651822092"}]}}
[Exception]: код ошибки: 5
[Exception]: файл: /home/f0457801/domains/f0457801.xsph.ru/public_html/simplevk-master/src/vk_api.php:223
[Exception]: путь ошибки: #0 /home/f0457801/domains/f0457801.xsph.ru/public_html/simplevk-master/src/vk_api.php(393): DigitalStar\vk_api\vk_api->request('messages.send', Array)
#1 /home/f0457801/domains/f0457801.xsph.ru/public_html/bot.php(361): DigitalStar\vk_api\vk_api->sendMessage(2000000009, '\xD0\x92\xD0\xB0\xD1\x88 \xD0\xBF\xD1\x80\xD0\xBE\xD1\x84...')
#2 {main}
[Exception]: возникла ошибка:
[Exception]: текст: {"error":{"error_code":5,"error_msg":"User authorization failed: invalid access_token (4).","request_params":[{"key":"method","value":"messages.send"},{"key":"oauth","value":"1"},{"key":"peer_id","value":"2000000009"},{"key":"v","value":"5.103"},{"key":"random_id","value":"-1862933873"}]}}
[Exception]: код ошибки: 5
[Exception]: файл: /home/f0457801/domains/f0457801.xsph.ru/public_html/simplevk-master/src/vk_api.php:223
[Exception]: путь ошибки: #0 /home/f0457801/domains/f0457801.xsph.ru/public_html/simplevk-master/src/vk_api.php(393): DigitalStar\vk_api\vk_api->request('messages.send', Array)
#1 /home/f0457801/domains/f0457801.xsph.ru/public_html/bot.php(181): DigitalStar\vk_api\vk_api->sendMessage(2000000009, '\xD0\x92\xD1\x8B \xD1\x83\xD0\xB6\xD0\xB5 \xD0\xB1\xD1...')
#2 {main}
[Exception]: возникла ошибка:
[Exception]: текст: {"error":{"error_code":5,"error_msg":"User authorization failed: invalid access_token (4).","request_params":[{"key":"method","value":"messages.send"},{"key":"oauth","value":"1"},{"key":"peer_id","value":"2000000009"},{"key":"v","value":"5.103"},{"key":"random_id","value":"-1817639343"}]}}
[Exception]: код ошибки: 5
[Exception]: файл: /home/f0457801/domains/f0457801.xsph.ru/public_html/simplevk-master/src/vk_api.php:223
[Exception]: путь ошибки: #0 /home/f0457801/domains/f0457801.xsph.ru/public_html/simplevk-master/src/vk_api.php(393): DigitalStar\vk_api\vk_api->request('messages.send', Array)
#1 /home/f0457801/domains/f0457801.xsph.ru/public_html/bot.php(181): DigitalStar\vk_api\vk_api->sendMessage(2000000009, '\xD0\x92\xD1\x8B \xD1\x83\xD0\xB6\xD0\xB5 \xD0\xB1\xD1...')
#2 {main}
[Exception]: возникла ошибка:
[Exception]: текст: {"error":{"error_code":5,"error_msg":"User authorization failed: invalid access_token (4).","request_params":[{"key":"method","value":"messages.send"},{"key":"oauth","value":"1"},{"key":"peer_id","value":"2000000009"},{"key":"v","value":"5.103"},{"key":"random_id","value":"-1492066388"}]}}
[Exception]: код ошибки: 5
[Exception]: файл: /home/f0457801/domains/f0457801.xsph.ru/public_html/simplevk-master/src/vk_api.php:223
[Exception]: путь ошибки: #0 /home/f0457801/domains/f0457801.xsph.ru/public_html/simplevk-master/src/vk_api.php(393): DigitalStar\vk_api\vk_api->request('messages.send', Array)
#1 /home/f0457801/domains/f0457801.xsph.ru/public_html/bot.php(361): DigitalStar\vk_api\vk_api->sendMessage(2000000009, '\xD0\x92\xD0\xB0\xD1\x88 \xD0\xBF\xD1\x80\xD0\xBE\xD1\x84...')
#2 {main}
[Exception]: возникла ошибка:
[Exception]: текст: {"error":{"error_code":5,"error_msg":"User authorization failed: invalid access_token (4).","request_params":[{"key":"method","value":"messages.send"},{"key":"oauth","value":"1"},{"key":"peer_id","value":"2000000009"},{"key":"v","value":"5.103"},{"key":"random_id","value":"1626760714"}]}}
[Exception]: код ошибки: 5
[Exception]: файл: /home/f0457801/domains/f0457801.xsph.ru/public_html/simplevk-master/src/vk_api.php:223
[Exception]: путь ошибки: #0 /home/f0457801/domains/f0457801.xsph.ru/public_html/simplevk-master/src/vk_api.php(393): DigitalStar\vk_api\vk_api->request('messages.send', Array)
#1 /home/f0457801/domains/f0457801.xsph.ru/public_html/bot.php(181): DigitalStar\vk_api\vk_api->sendMessage(2000000009, '\xD0\x92\xD1\x8B \xD1\x83\xD0\xB6\xD0\xB5 \xD0\xB1\xD1...')
#2 {main}
[Exception]: возникла ошибка:
[Exception]: текст: {"error":{"error_code":5,"error_msg":"User authorization failed: invalid access_token (4).","request_params":[{"key":"method","value":"messages.send"},{"key":"oauth","value":"1"},{"key":"peer_id","value":"2000000009"},{"key":"v","value":"5.103"},{"key":"random_id","value":"-1149047068"}]}}
[Exception]: код ошибки: 5
[Exception]: файл: /home/f0457801/domains/f0457801.xsph.ru/public_html/simplevk-master/src/vk_api.php:223
[Exception]: путь ошибки: #0 /home/f0457801/domains/f0457801.xsph.ru/public_html/simplevk-master/src/vk_api.php(393): DigitalStar\vk_api\vk_api->request('messages.send', Array)
#1 /home/f0457801/domains/f0457801.xsph.ru/public_html/bot.php(181): DigitalStar\vk_api\vk_api->sendMessage(2000000009, '\xD0\x92\xD1\x8B \xD1\x83\xD0\xB6\xD0\xB5 \xD0\xB1\xD1...')
#2 {main}
[Exception]: возникла ошибка:
[Exception]: текст: {"error":{"error_code":5,"error_msg":"User authorization failed: invalid access_token (4).","request_params":[{"key":"method","value":"messages.send"},{"key":"oauth","value":"1"},{"key":"peer_id","value":"2000000009"},{"key":"v","value":"5.103"},{"key":"random_id","value":"957448656"}]}}
[Exception]: код ошибки: 5
[Exception]: файл: /home/f0457801/domains/f0457801.xsph.ru/public_html/simplevk-master/src/vk_api.php:223
[Exception]: путь ошибки: #0 /home/f0457801/domains/f0457801.xsph.ru/public_html/simplevk-master/src/vk_api.php(393): DigitalStar\vk_api\vk_api->request('messages.send', Array)
#1 /home/f0457801/domains/f0457801.xsph.ru/public_html/bot.php(361): DigitalStar\vk_api\vk_api->sendMessage(2000000009, '\xD0\x92\xD0\xB0\xD1\x88 \xD0\xBF\xD1\x80\xD0\xBE\xD1\x84...')
#2 {main}
[Exception]: возникла ошибка:
[Exception]: текст: {"error":{"error_code":5,"error_msg":"User authorization failed: invalid access_token (4).","request_params":[{"key":"method","value":"messages.send"},{"key":"oauth","value":"1"},{"key":"peer_id","value":"2000000009"},{"key":"v","value":"5.103"},{"key":"random_id","value":"-865542932"}]}}
[Exception]: код ошибки: 5
[Exception]: файл: /home/f0457801/domains/f0457801.xsph.ru/public_html/simplevk-master/src/vk_api.php:223
[Exception]: путь ошибки: #0 /home/f0457801/domains/f0457801.xsph.ru/public_html/simplevk-master/src/vk_api.php(393): DigitalStar\vk_api\vk_api->request('messages.send', Array)
#1 /home/f0457801/domains/f0457801.xsph.ru/public_html/bot.php(181): DigitalStar\vk_api\vk_api->sendMessage(2000000009, '\xD0\x92\xD1\x8B \xD1\x83\xD0\xB6\xD0\xB5 \xD0\xB1\xD1...')
#2 {main}
[Exception]: возникла ошибка:
[Exception]: текст: {"error":{"error_code":5,"error_msg":"User authorization failed: invalid access_token (4).","request_params":[{"key":"method","value":"messages.send"},{"key":"oauth","value":"1"},{"key":"peer_id","value":"2000000009"},{"key":"keyboard","value":"{\"one_time\":false,\"buttons\":[[{\"action\":{\"type\":\"text\",\"payload\":\"{\\\"command\\\":\\\"prid\\\"}\",\"label\":\"\ud83d\udd25 \u041f\u0440\u043e\u043c\u043e\u043a\u043e\u0434\u044b\"},\"color\":\"negative\"}],[{\"action\":{\"type\":\"text\",\"payload\":\"{\\\"command\\\":\\\"helpme\\\"}\",\"label\":\"\u041f\u043e\u043c\u043e\u0449\u044c\"},\"color\":\"positive\"}],[{\"action\":{\"type\":\"text\",\"payload\":\"{\\\"command\\\":\\\"nazad\\\"}\",\"label\":\"\u041d\u0430\u0437\u0430\u0434 \ud83c\udf99 \"},\"color\":\"default\"}]],\"inline\":false}"},{"key":"v","value":"5.103"},{"key":"random_id","value":"-840053243"}]}}
[Exception]: код ошибки: 5
[Exception]: файл: /home/f0457801/domains/f0457801.xsph.ru/public_html/simplevk-master/src/vk_api.php:223
[Exception]: путь ошибки: #0 /home/f0457801/domains/f0457801.xsph.ru/public_html/simplevk-master/src/vk_api.php(420): DigitalStar\vk_api\vk_api->request('messages.send', Array)
#1 /home/f0457801/domains/f0457801.xsph.ru/public_html/bot.php(187): DigitalStar\vk_api\vk_api->sendButton(2000000009, '\xD0\x92\xD1\x8B \xD0\xBF\xD0\xBE\xD0\xBF\xD0\xB0\xD0\xBB...', Array)
#2 {main}
[Exception]: возникла ошибка:
[Exception]: текст: {"error":{"error_code":5,"error_msg":"User authorization failed: invalid access_token (4).","request_params":[{"key":"method","value":"messages.send"},{"key":"oauth","value":"1"},{"key":"peer_id","value":"2000000009"},{"key":"keyboard","value":"{\"one_time\":false,\"buttons\":[[{\"action\":{\"type\":\"text\",\"payload\":\"{\\\"command\\\":\\\"kazik\\\"}\",\"label\":\"\ud83d\udcb4 \u041a\u0430\u0437\u0438\u043d\u043e\"},\"color\":\"primary\"}],[{\"action\":{\"type\":\"text\",\"payload\":\"{\\\"command\\\":\\\"cases\\\"}\",\"label\":\"\ud83d\udce6 \u041a\u0435\u0439\u0441\u044b\"},\"color\":\"positive\"}],[{\"action\":{\"type\":\"text\",\"payload\":\"{\\\"command\\\":\\\"nazad\\\"}\",\"label\":\"\u041d\u0430\u0437\u0430\u0434 \ud83c\udf99 \"},\"color\":\"default\"}]],\"inline\":false}"},{"key":"v","value":"5.103"},{"key":"random_id","value":"-587464677"}]}}
[Exception]: код ошибки: 5
[Exception]: файл: /home/f0457801/domains/f0457801.xsph.ru/public_html/simplevk-master/src/vk_api.php:223
[Exception]: путь ошибки: #0 /home/f0457801/domains/f0457801.xsph.ru/public_html/simplevk-master/src/vk_api.php(420): DigitalStar\vk_api\vk_api->request('messages.send', Array)
#1 /home/f0457801/domains/f0457801.xsph.ru/public_html/bot.php(374): DigitalStar\vk_api\vk_api->sendButton(2000000009, '\xD0\x92\xD1\x8B \xD0\xBF\xD0\xBE\xD0\xBF\xD0\xB0\xD0\xBB...', Array)
#2 {main}
[Exception]: возникла ошибка:
[Exception]: текст: {"error":{"error_code":5,"error_msg":"User authorization failed: invalid access_token (4).","request_params":[{"key":"method","value":"messages.send"},{"key":"oauth","value":"1"},{"key":"peer_id","value":"2000000009"},{"key":"v","value":"5.103"},{"key":"random_id","value":"1299798510"}]}}
[Exception]: код ошибки: 5
[Exception]: файл: /home/f0457801/domains/f0457801.xsph.ru/public_html/simplevk-master/src/vk_api.php:223
[Exception]: путь ошибки: #0 /home/f0457801/domains/f0457801.xsph.ru/public_html/simplevk-master/src/vk_api.php(393): DigitalStar\vk_api\vk_api->request('messages.send', Array)
#1 /home/f0457801/domains/f0457801.xsph.ru/public_html/bot.php(361): DigitalStar\vk_api\vk_api->sendMessage(2000000009, '\xD0\x92\xD0\xB0\xD1\x88 \xD0\xBF\xD1\x80\xD0\xBE\xD1\x84...')
#2 {main}
[Exception]: возникла ошибка:
[Exception]: текст: {"error":{"error_code":5,"error_msg":"User authorization failed: invalid access_token (4).","request_params":[{"key":"method","value":"messages.send"},{"key":"oauth","value":"1"},{"key":"peer_id","value":"2000000009"},{"key":"keyboard","value":"{\"one_time\":false,\"buttons\":[[{\"action\":{\"type\":\"text\",\"payload\":\"{\\\"command\\\":\\\"prid\\\"}\",\"label\":\"\ud83d\udd25 \u041f\u0440\u043e\u043c\u043e\u043a\u043e\u0434\u044b\"},\"color\":\"negative\"}],[{\"action\":{\"type\":\"text\",\"payload\":\"{\\\"command\\\":\\\"helpme\\\"}\",\"label\":\"\u041f\u043e\u043c\u043e\u0449\u044c\"},\"color\":\"positive\"}],[{\"action\":{\"type\":\"text\",\"payload\":\"{\\\"command\\\":\\\"nazad\\\"}\",\"label\":\"\u041d\u0430\u0437\u0430\u0434 \ud83c\udf99 \"},\"color\":\"default\"}]],\"inline\":false}"},{"key":"v","value":"5.103"},{"key":"random_id","value":"113793810"}]}}
[Exception]: код ошибки: 5
[Exception]: файл: /home/f0457801/domains/f0457801.xsph.ru/public_html/simplevk-master/src/vk_api.php:223
[Exception]: путь ошибки: #0 /home/f0457801/domains/f0457801.xsph.ru/public_html/simplevk-master/src/vk_api.php(420): DigitalStar\vk_api\vk_api->request('messages.send', Array)
#1 /home/f0457801/domains/f0457801.xsph.ru/public_html/bot.php(187): DigitalStar\vk_api\vk_api->sendButton(2000000009, '\xD0\x92\xD1\x8B \xD0\xBF\xD0\xBE\xD0\xBF\xD0\xB0\xD0\xBB...', Array)
#2 {main}
[Exception]: возникла ошибка:
[Exception]: текст: {"error":{"error_code":5,"error_msg":"User authorization failed: invalid access_token (4).","request_params":[{"key":"method","value":"messages.send"},{"key":"oauth","value":"1"},{"key":"peer_id","value":"2000000009"},{"key":"v","value":"5.103"},{"key":"random_id","value":"-886231343"}]}}
[Exception]: код ошибки: 5
[Exception]: файл: /home/f0457801/domains/f0457801.xsph.ru/public_html/simplevk-master/src/vk_api.php:223
[Exception]: путь ошибки: #0 /home/f0457801/domains/f0457801.xsph.ru/public_html/simplevk-master/src/vk_api.php(393): DigitalStar\vk_api\vk_api->request('messages.send', Array)
#1 /home/f0457801/domains/f0457801.xsph.ru/public_html/bot.php(361): DigitalStar\vk_api\vk_api->sendMessage(2000000009, '\xD0\x92\xD0\xB0\xD1\x88 \xD0\xBF\xD1\x80\xD0\xBE\xD1\x84...')
#2 {main}
[Exception]: возникла ошибка:
[Exception]: текст: {"error":{"error_code":5,"error_msg":"User authorization failed: invalid access_token (4).","request_params":[{"key":"method","value":"messages.send"},{"key":"oauth","value":"1"},{"key":"peer_id","value":"2000000009"},{"key":"keyboard","value":"{\"one_time\":false,\"buttons\":[[{\"action\":{\"type\":\"text\",\"payload\":\"{\\\"command\\\":\\\"vivod\\\"}\",\"label\":\"\u0412\u044b\u0432\u043e\u0434 EFM Coins \u043d\u0430 \u041b\u041a - 1000 EFM Coins\"},\"color\":\"positive\"}],[{\"action\":{\"type\":\"text\",\"payload\":\"{\\\"command\\\":\\\"nazad\\\"}\",\"label\":\"\u041d\u0430\u0437\u0430\u0434 \ud83c\udf99 \"},\"color\":\"default\"}]],\"inline\":false}"},{"key":"v","value":"5.103"},{"key":"random_id","value":"-2081567712"}]}}
[Exception]: код ошибки: 5
[Exception]: файл: /home/f0457801/domains/f0457801.xsph.ru/public_html/simplevk-master/src/vk_api.php:223
[Exception]: путь ошибки: #0 /home/f0457801/domains/f0457801.xsph.ru/public_html/simplevk-master/src/vk_api.php(420): DigitalStar\vk_api\vk_api->request('messages.send', Array)
#1 /home/f0457801/domains/f0457801.xsph.ru/public_html/bot.php(495): DigitalStar\vk_api\vk_api->sendButton(2000000009, '\xD0\x92\xD1\x8B\xD0\xB1\xD0\xB5\xD1\x80\xD0\xB8\xD1\x82\xD0...', Array)
#2 {main}
[Exception]: возникла ошибка:
[Exception]: текст: {"error":{"error_code":5,"error_msg":"User authorization failed: invalid access_token (4).","request_params":[{"key":"method","value":"messages.send"},{"key":"oauth","value":"1"},{"key":"peer_id","value":"2000000009"},{"key":"v","value":"5.103"},{"key":"random_id","value":"297003694"}]}}
[Exception]: код ошибки: 5
[Exception]: файл: /home/f0457801/domains/f0457801.xsph.ru/public_html/simplevk-master/src/vk_api.php:223
[Exception]: путь ошибки: #0 /home/f0457801/domains/f0457801.xsph.ru/public_html/simplevk-master/src/vk_api.php(393): DigitalStar\vk_api\vk_api->request('messages.send', Array)
#1 /home/f0457801/domains/f0457801.xsph.ru/public_html/bot.php(181): DigitalStar\vk_api\vk_api->sendMessage(2000000009, '\xD0\x92\xD1\x8B \xD1\x83\xD0\xB6\xD0\xB5 \xD0\xB1\xD1...')
#2 {main}
[Exception]: возникла ошибка:
[Exception]: текст: {"error":{"error_code":5,"error_msg":"User authorization failed: invalid access_token (4).","request_params":[{"key":"method","value":"messages.send"},{"key":"oauth","value":"1"},{"key":"peer_id","value":"2000000009"},{"key":"keyboard","value":"{\"one_time\":false,\"buttons\":[[{\"action\":{\"type\":\"text\",\"payload\":\"{\\\"command\\\":\\\"vivod\\\"}\",\"label\":\"\u0412\u044b\u0432\u043e\u0434 EFM Coins \u043d\u0430 \u041b\u041a - 1000 EFM Coins\"},\"color\":\"positive\"}],[{\"action\":{\"type\":\"text\",\"payload\":\"{\\\"command\\\":\\\"nazad\\\"}\",\"label\":\"\u041d\u0430\u0437\u0430\u0434 \ud83c\udf99 \"},\"color\":\"default\"}]],\"inline\":false}"},{"key":"v","value":"5.103"},{"key":"random_id","value":"-710678819"}]}}
[Exception]: код ошибки: 5
[Exception]: файл: /home/f0457801/domains/f0457801.xsph.ru/public_html/simplevk-master/src/vk_api.php:223
[Exception]: путь ошибки: #0 /home/f0457801/domains/f0457801.xsph.ru/public_html/simplevk-master/src/vk_api.php(420): DigitalStar\vk_api\vk_api->request('messages.send', Array)
#1 /home/f0457801/domains/f0457801.xsph.ru/public_html/bot.php(495): DigitalStar\vk_api\vk_api->sendButton(2000000009, '\xD0\x92\xD1\x8B\xD0\xB1\xD0\xB5\xD1\x80\xD0\xB8\xD1\x82\xD0...', Array)
#2 {main}
[Exception]: возникла ошибка:
[Exception]: текст: {"error":{"error_code":5,"error_msg":"User authorization failed: invalid access_token (4).","request_params":[{"key":"method","value":"messages.send"},{"key":"oauth","value":"1"},{"key":"peer_id","value":"2000000009"},{"key":"v","value":"5.103"},{"key":"random_id","value":"-72807831"}]}}
[Exception]: код ошибки: 5
[Exception]: файл: /home/f0457801/domains/f0457801.xsph.ru/public_html/simplevk-master/src/vk_api.php:223
[Exception]: путь ошибки: #0 /home/f0457801/domains/f0457801.xsph.ru/public_html/simplevk-master/src/vk_api.php(393): DigitalStar\vk_api\vk_api->request('messages.send', Array)
#1 /home/f0457801/domains/f0457801.xsph.ru/public_html/bot.php(361): DigitalStar\vk_api\vk_api->sendMessage(2000000009, '\xD0\x92\xD0\xB0\xD1\x88 \xD0\xBF\xD1\x80\xD0\xBE\xD1\x84...')
#2 {main}
[Exception]: возникла ошибка:
[Exception]: текст: {"error":{"error_code":5,"error_msg":"User authorization failed: invalid access_token (4).","request_params":[{"key":"method","value":"messages.send"},{"key":"oauth","value":"1"},{"key":"peer_id","value":"2000000009"},{"key":"v","value":"5.103"},{"key":"random_id","value":"44838960"}]}}
[Exception]: код ошибки: 5
[Exception]: файл: /home/f0457801/domains/f0457801.xsph.ru/public_html/simplevk-master/src/vk_api.php:223
[Exception]: путь ошибки: #0 /home/f0457801/domains/f0457801.xsph.ru/public_html/simplevk-master/src/vk_api.php(393): DigitalStar\vk_api\vk_api->request('messages.send', Array)
#1 /home/f0457801/domains/f0457801.xsph.ru/public_html/bot.php(361): DigitalStar\vk_api\vk_api->sendMessage(2000000009, '\xD0\x92\xD0\xB0\xD1\x88 \xD0\xBF\xD1\x80\xD0\xBE\xD1\x84...')
#2 {main}
[Exception]: возникла ошибка:
[Exception]: текст: {"error":{"error_code":5,"error_msg":"User authorization failed: invalid access_token (4).","request_params":[{"key":"method","value":"messages.send"},{"key":"oauth","value":"1"},{"key":"peer_id","value":"2000000009"},{"key":"v","value":"5.103"},{"key":"random_id","value":"-1016382452"}]}}
[Exception]: код ошибки: 5
[Exception]: файл: /home/f0457801/domains/f0457801.xsph.ru/public_html/simplevk-master/src/vk_api.php:223
[Exception]: путь ошибки: #0 /home/f0457801/domains/f0457801.xsph.ru/public_html/simplevk-master/src/vk_api.php(393): DigitalStar\vk_api\vk_api->request('messages.send', Array)
#1 /home/f0457801/domains/f0457801.xsph.ru/public_html/bot.php(181): DigitalStar\vk_api\vk_api->sendMessage(2000000009, '\xD0\x92\xD1\x8B \xD1\x83\xD0\xB6\xD0\xB5 \xD0\xB1\xD1...')
#2 {main}
