[Exception]: возникла ошибка:
[Exception]: текст: {"error":{"error_code":911,"error_msg":"Keyboard format is invalid: button [3][0] has invalid type","request_params":[{"key":"method","value":"messages.send"},{"key":"oauth","value":"1"},{"key":"peer_id","value":"273767575"},{"key":"keyboard","value":"{\"one_time\":false,\"buttons\":[[{\"action\":{\"type\":\"text\",\"payload\":\"{\\\"command\\\":\\\"zavka\\\"}\",\"label\":\"\u0413\u0434\u0435 \u0437\u0430\u043a\u0430\u0437\u0430\u0442\u044c \u0442\u0440\u0435\u043a? \ud83c\udfb5 \"},\"color\":\"positive\"}],[{\"action\":{\"type\":\"text\",\"payload\":\"{\\\"command\\\":\\\"zavka2\\\"}\",\"label\":\"\u041a\u0430\u043a \u043f\u043e\u043b\u0443\u0447\u0438\u0442\u044c 100 \u0440\u0443\u0431\u043b\u0435\u0439? \ud83d\udcb2 \"},\"color\":\"positive\"}],[{\"action\":{\"type\":\"text\",\"payload\":\"{\\\"command\\\":\\\"zavka3\\\"}\",\"label\":\"\u0417\u0430\u044f\u0432\u043b\u0435\u043d\u0438\u0435 \u043d\u0430 rDJ \ud83d\udcbc\"},\"color\":\"positive\"}],[{\"action\":{\"type\":null}}],[{\"action\":{\"type\":\"text\",\"payload\":\"{\\\"command\\\":\\\"nazad\\\"}\",\"label\":\"\u041d\u0430\u0437\u0430\u0434 \ud83c\udf99 \"},\"color\":\"default\"}]],\"inline\":false}"},{"key":"v","value":"5.103"},{"key":"random_id","value":"-1298161242"}]}}
[Exception]: код ошибки: 911
[Exception]: файл: /var/www/lm_1121/data/www/boom-vk.tk/simplevk-master/src/vk_api.php:223
[Exception]: путь ошибки: #0 /var/www/lm_1121/data/www/boom-vk.tk/simplevk-master/src/vk_api.php(420): DigitalStar\vk_api\vk_api->request('messages.send', Array)
#1 /var/www/lm_1121/data/www/boom-vk.tk/bot.php(206): DigitalStar\vk_api\vk_api->sendButton(273767575, '\xD0\x9D\xD0\xB8\xD0\xBA\xD0\xBE\xD0\xBB\xD0\xB0\xD0\xB9,...', Array)
#2 {main}
[Exception]: возникла ошибка:
[Exception]: текст: {"error":{"error_code":911,"error_msg":"Keyboard format is invalid: button [3][0] has invalid type","request_params":[{"key":"method","value":"messages.send"},{"key":"oauth","value":"1"},{"key":"peer_id","value":"273767575"},{"key":"keyboard","value":"{\"one_time\":false,\"buttons\":[[{\"action\":{\"type\":\"text\",\"payload\":\"{\\\"command\\\":\\\"zavka\\\"}\",\"label\":\"\u0413\u0434\u0435 \u0437\u0430\u043a\u0430\u0437\u0430\u0442\u044c \u0442\u0440\u0435\u043a? \ud83c\udfb5 \"},\"color\":\"positive\"}],[{\"action\":{\"type\":\"text\",\"payload\":\"{\\\"command\\\":\\\"zavka2\\\"}\",\"label\":\"\u041a\u0430\u043a \u043f\u043e\u043b\u0443\u0447\u0438\u0442\u044c 100 \u0440\u0443\u0431\u043b\u0435\u0439? \ud83d\udcb2 \"},\"color\":\"positive\"}],[{\"action\":{\"type\":\"text\",\"payload\":\"{\\\"command\\\":\\\"zavka3\\\"}\",\"label\":\"\u0417\u0430\u044f\u0432\u043b\u0435\u043d\u0438\u0435 \u043d\u0430 rDJ \ud83d\udcbc\"},\"color\":\"positive\"}],[{\"action\":{\"type\":null}}],[{\"action\":{\"type\":\"text\",\"payload\":\"{\\\"command\\\":\\\"nazad\\\"}\",\"label\":\"\u041d\u0430\u0437\u0430\u0434 \ud83c\udf99 \"},\"color\":\"default\"}]],\"inline\":false}"},{"key":"v","value":"5.103"},{"key":"random_id","value":"-800297860"}]}}
[Exception]: код ошибки: 911
[Exception]: файл: /var/www/lm_1121/data/www/boom-vk.tk/simplevk-master/src/vk_api.php:223
[Exception]: путь ошибки: #0 /var/www/lm_1121/data/www/boom-vk.tk/simplevk-master/src/vk_api.php(420): DigitalStar\vk_api\vk_api->request('messages.send', Array)
#1 /var/www/lm_1121/data/www/boom-vk.tk/bot.php(206): DigitalStar\vk_api\vk_api->sendButton(273767575, '\xD0\x9D\xD0\xB8\xD0\xBA\xD0\xBE\xD0\xBB\xD0\xB0\xD0\xB9,...', Array)
#2 {main}
[Exception]: возникла ошибка:
[Exception]: текст: {"error":{"error_code":911,"error_msg":"Keyboard format is invalid: button [3][0] has invalid type","request_params":[{"key":"method","value":"messages.send"},{"key":"oauth","value":"1"},{"key":"peer_id","value":"273767575"},{"key":"keyboard","value":"{\"one_time\":false,\"buttons\":[[{\"action\":{\"type\":\"text\",\"payload\":\"{\\\"command\\\":\\\"zavka\\\"}\",\"label\":\"\u0413\u0434\u0435 \u0437\u0430\u043a\u0430\u0437\u0430\u0442\u044c \u0442\u0440\u0435\u043a? \ud83c\udfb5 \"},\"color\":\"positive\"}],[{\"action\":{\"type\":\"text\",\"payload\":\"{\\\"command\\\":\\\"zavka2\\\"}\",\"label\":\"\u041a\u0430\u043a \u043f\u043e\u043b\u0443\u0447\u0438\u0442\u044c 100 \u0440\u0443\u0431\u043b\u0435\u0439? \ud83d\udcb2 \"},\"color\":\"positive\"}],[{\"action\":{\"type\":\"text\",\"payload\":\"{\\\"command\\\":\\\"zavka3\\\"}\",\"label\":\"\u0417\u0430\u044f\u0432\u043b\u0435\u043d\u0438\u0435 \u043d\u0430 rDJ \ud83d\udcbc\"},\"color\":\"positive\"}],[{\"action\":{\"type\":null}}],[{\"action\":{\"type\":\"text\",\"payload\":\"{\\\"command\\\":\\\"nazad\\\"}\",\"label\":\"\u041d\u0430\u0437\u0430\u0434 \ud83c\udf99 \"},\"color\":\"default\"}]],\"inline\":false}"},{"key":"v","value":"5.103"},{"key":"random_id","value":"298198426"}]}}
[Exception]: код ошибки: 911
[Exception]: файл: /var/www/lm_1121/data/www/boom-vk.tk/simplevk-master/src/vk_api.php:223
[Exception]: путь ошибки: #0 /var/www/lm_1121/data/www/boom-vk.tk/simplevk-master/src/vk_api.php(420): DigitalStar\vk_api\vk_api->request('messages.send', Array)
#1 /var/www/lm_1121/data/www/boom-vk.tk/bot.php(206): DigitalStar\vk_api\vk_api->sendButton(273767575, '\xD0\x9D\xD0\xB8\xD0\xBA\xD0\xBE\xD0\xBB\xD0\xB0\xD0\xB9,...', Array)
#2 {main}
[Exception]: возникла ошибка:
[Exception]: текст: {"error":{"error_code":911,"error_msg":"Keyboard format is invalid: button [3][0] has invalid type","request_params":[{"key":"method","value":"messages.send"},{"key":"oauth","value":"1"},{"key":"peer_id","value":"273767575"},{"key":"keyboard","value":"{\"one_time\":false,\"buttons\":[[{\"action\":{\"type\":\"text\",\"payload\":\"{\\\"command\\\":\\\"zavka\\\"}\",\"label\":\"\u0413\u0434\u0435 \u0437\u0430\u043a\u0430\u0437\u0430\u0442\u044c \u0442\u0440\u0435\u043a? \ud83c\udfb5 \"},\"color\":\"positive\"}],[{\"action\":{\"type\":\"text\",\"payload\":\"{\\\"command\\\":\\\"zavka2\\\"}\",\"label\":\"\u041a\u0430\u043a \u043f\u043e\u043b\u0443\u0447\u0438\u0442\u044c 100 \u0440\u0443\u0431\u043b\u0435\u0439? \ud83d\udcb2 \"},\"color\":\"positive\"}],[{\"action\":{\"type\":\"text\",\"payload\":\"{\\\"command\\\":\\\"zavka3\\\"}\",\"label\":\"\u0417\u0430\u044f\u0432\u043b\u0435\u043d\u0438\u0435 \u043d\u0430 rDJ \ud83d\udcbc\"},\"color\":\"positive\"}],[{\"action\":{\"type\":null}}],[{\"action\":{\"type\":\"text\",\"payload\":\"{\\\"command\\\":\\\"nazad\\\"}\",\"label\":\"\u041d\u0430\u0437\u0430\u0434 \ud83c\udf99 \"},\"color\":\"default\"}]],\"inline\":false}"},{"key":"v","value":"5.103"},{"key":"random_id","value":"1068038158"}]}}
[Exception]: код ошибки: 911
[Exception]: файл: /var/www/lm_1121/data/www/boom-vk.tk/simplevk-master/src/vk_api.php:223
[Exception]: путь ошибки: #0 /var/www/lm_1121/data/www/boom-vk.tk/simplevk-master/src/vk_api.php(420): DigitalStar\vk_api\vk_api->request('messages.send', Array)
#1 /var/www/lm_1121/data/www/boom-vk.tk/bot.php(204): DigitalStar\vk_api\vk_api->sendButton(273767575, '\xD0\x9D\xD0\xB8\xD0\xBA\xD0\xBE\xD0\xBB\xD0\xB0\xD0\xB9,...', Array)
#2 {main}
[Exception]: возникла ошибка:
[Exception]: текст: {"error":{"error_code":911,"error_msg":"Keyboard format is invalid: button [3][0] has invalid type","request_params":[{"key":"method","value":"messages.send"},{"key":"oauth","value":"1"},{"key":"peer_id","value":"564375596"},{"key":"keyboard","value":"{\"one_time\":false,\"buttons\":[[{\"action\":{\"type\":\"text\",\"payload\":\"{\\\"command\\\":\\\"zavka\\\"}\",\"label\":\"\u0413\u0434\u0435 \u0437\u0430\u043a\u0430\u0437\u0430\u0442\u044c \u0442\u0440\u0435\u043a? \ud83c\udfb5 \"},\"color\":\"positive\"}],[{\"action\":{\"type\":\"text\",\"payload\":\"{\\\"command\\\":\\\"zavka2\\\"}\",\"label\":\"\u041a\u0430\u043a \u043f\u043e\u043b\u0443\u0447\u0438\u0442\u044c 100 \u0440\u0443\u0431\u043b\u0435\u0439? \ud83d\udcb2 \"},\"color\":\"positive\"}],[{\"action\":{\"type\":\"text\",\"payload\":\"{\\\"command\\\":\\\"zavka3\\\"}\",\"label\":\"\u0417\u0430\u044f\u0432\u043b\u0435\u043d\u0438\u0435 \u043d\u0430 rDJ \ud83d\udcbc\"},\"color\":\"positive\"}],[{\"action\":{\"type\":null}}],[{\"action\":{\"type\":\"text\",\"payload\":\"{\\\"command\\\":\\\"nazad\\\"}\",\"label\":\"\u041d\u0430\u0437\u0430\u0434 \ud83c\udf99 \"},\"color\":\"default\"}]],\"inline\":false}"},{"key":"v","value":"5.103"},{"key":"random_id","value":"1241237695"}]}}
[Exception]: код ошибки: 911
[Exception]: файл: /home/f0457801/domains/f0457801.xsph.ru/public_html/simplevk-master/src/vk_api.php:223
[Exception]: путь ошибки: #0 /home/f0457801/domains/f0457801.xsph.ru/public_html/simplevk-master/src/vk_api.php(420): DigitalStar\vk_api\vk_api->request('messages.send', Array)
#1 /home/f0457801/domains/f0457801.xsph.ru/public_html/bot.php(204): DigitalStar\vk_api\vk_api->sendButton(564375596, '\xD0\x90\xD0\xBB\xD0\xB5\xD0\xBA\xD1\x81\xD0\xB0\xD0\xBD\xD0...', Array)
#2 {main}
[Exception]: возникла ошибка:
[Exception]: текст: {"error":{"error_code":911,"error_msg":"Keyboard format is invalid: button [3][0] has invalid type","request_params":[{"key":"method","value":"messages.send"},{"key":"oauth","value":"1"},{"key":"peer_id","value":"564375596"},{"key":"keyboard","value":"{\"one_time\":false,\"buttons\":[[{\"action\":{\"type\":\"text\",\"payload\":\"{\\\"command\\\":\\\"zavka\\\"}\",\"label\":\"\u0413\u0434\u0435 \u0437\u0430\u043a\u0430\u0437\u0430\u0442\u044c \u0442\u0440\u0435\u043a? \ud83c\udfb5 \"},\"color\":\"positive\"}],[{\"action\":{\"type\":\"text\",\"payload\":\"{\\\"command\\\":\\\"zavka2\\\"}\",\"label\":\"\u041a\u0430\u043a \u043f\u043e\u043b\u0443\u0447\u0438\u0442\u044c 100 \u0440\u0443\u0431\u043b\u0435\u0439? \ud83d\udcb2 \"},\"color\":\"positive\"}],[{\"action\":{\"type\":\"text\",\"payload\":\"{\\\"command\\\":\\\"zavka3\\\"}\",\"label\":\"\u0417\u0430\u044f\u0432\u043b\u0435\u043d\u0438\u0435 \u043d\u0430 rDJ \ud83d\udcbc\"},\"color\":\"positive\"}],[{\"action\":{\"type\":null}}],[{\"action\":{\"type\":\"text\",\"payload\":\"{\\\"command\\\":\\\"nazad\\\"}\",\"label\":\"\u041d\u0430\u0437\u0430\u0434 \ud83c\udf99 \"},\"color\":\"default\"}]],\"inline\":false}"},{"key":"v","value":"5.103"},{"key":"random_id","value":"626341423"}]}}
[Exception]: код ошибки: 911
[Exception]: файл: /home/f0457801/domains/f0457801.xsph.ru/public_html/simplevk-master/src/vk_api.php:223
[Exception]: путь ошибки: #0 /home/f0457801/domains/f0457801.xsph.ru/public_html/simplevk-master/src/vk_api.php(420): DigitalStar\vk_api\vk_api->request('messages.send', Array)
#1 /home/f0457801/domains/f0457801.xsph.ru/public_html/bot.php(204): DigitalStar\vk_api\vk_api->sendButton(564375596, '\xD0\x90\xD0\xBB\xD0\xB5\xD0\xBA\xD1\x81\xD0\xB0\xD0\xBD\xD0...', Array)
#2 {main}
