[Exception]: возникла ошибка:
[Exception]: текст: {"error":{"error_code":911,"error_msg":"Keyboard format is invalid: button [4][0] has invalid type","request_params":[{"key":"method","value":"messages.send"},{"key":"oauth","value":"1"},{"key":"peer_id","value":"564375596"},{"key":"keyboard","value":"{\"one_time\":false,\"buttons\":[[{\"action\":{\"type\":\"text\",\"payload\":\"{\\\"command\\\":\\\"profile\\\"}\",\"label\":\"\ud83c\udf97 \u041f\u0440\u043e\u0444\u0438\u043b\u044c\"},\"color\":\"positive\"}],[{\"action\":{\"type\":\"text\",\"payload\":\"{\\\"command\\\":\\\"kazik\\\"}\",\"label\":\"\ud83d\udcb4 \u041a\u0430\u0437\u0438\u043d\u043e\"},\"color\":\"primary\"},{\"action\":{\"type\":\"text\",\"payload\":\"{\\\"command\\\":\\\"magaz\\\"}\",\"label\":\"\ud83d\udcb0 \u041c\u0430\u0433\u0430\u0437\u0438\u043d\"},\"color\":\"primary\"}],[{\"action\":{\"type\":\"text\",\"payload\":\"{\\\"command\\\":\\\"bonus\\\"}\",\"label\":\"\u23f0 \u0415\u0436\u0435\u0434\u043d\u0435\u0432\u043d\u044b\u0439 \u0411\u043e\u043d\u0443\u0441\"},\"color\":\"primary\"}],[{\"action\":{\"type\":\"text\",\"payload\":\"{\\\"command\\\":\\\"prid\\\"}\",\"label\":\"\ud83d\udd25 \u041f\u0440\u043e\u043c\u043e\u043a\u043e\u0434\u044b\"},\"color\":\"primary\"}],[{\"action\":{\"type\":null}}]],\"inline\":false}"},{"key":"v","value":"5.103"},{"key":"random_id","value":"-2100659503"}]}}
[Exception]: код ошибки: 911
[Exception]: файл: /home/f0457801/domains/f0457801.xsph.ru/public_html/simplevk-master/src/vk_api.php:223
[Exception]: путь ошибки: #0 /home/f0457801/domains/f0457801.xsph.ru/public_html/simplevk-master/src/vk_api.php(420): DigitalStar\vk_api\vk_api->request('messages.send', Array)
#1 /home/f0457801/domains/f0457801.xsph.ru/public_html/bot.php(64): DigitalStar\vk_api\vk_api->sendButton(564375596, '\xD0\x90\xD0\xBB\xD0\xB5\xD0\xBA\xD1\x81\xD0\xB0\xD0\xBD\xD0...', Array)
#2 {main}
[Exception]: возникла ошибка:
[Exception]: текст: {"error":{"error_code":911,"error_msg":"Keyboard format is invalid: button [4][0] has invalid type","request_params":[{"key":"method","value":"messages.send"},{"key":"oauth","value":"1"},{"key":"peer_id","value":"564375596"},{"key":"keyboard","value":"{\"one_time\":false,\"buttons\":[[{\"action\":{\"type\":\"text\",\"payload\":\"{\\\"command\\\":\\\"profile\\\"}\",\"label\":\"\ud83c\udf97 \u041f\u0440\u043e\u0444\u0438\u043b\u044c\"},\"color\":\"positive\"}],[{\"action\":{\"type\":\"text\",\"payload\":\"{\\\"command\\\":\\\"kazik\\\"}\",\"label\":\"\ud83d\udcb4 \u041a\u0430\u0437\u0438\u043d\u043e\"},\"color\":\"primary\"},{\"action\":{\"type\":\"text\",\"payload\":\"{\\\"command\\\":\\\"magaz\\\"}\",\"label\":\"\ud83d\udcb0 \u041c\u0430\u0433\u0430\u0437\u0438\u043d\"},\"color\":\"primary\"}],[{\"action\":{\"type\":\"text\",\"payload\":\"{\\\"command\\\":\\\"bonus\\\"}\",\"label\":\"\u23f0 \u0415\u0436\u0435\u0434\u043d\u0435\u0432\u043d\u044b\u0439 \u0411\u043e\u043d\u0443\u0441\"},\"color\":\"primary\"}],[{\"action\":{\"type\":\"text\",\"payload\":\"{\\\"command\\\":\\\"prid\\\"}\",\"label\":\"\ud83d\udd25 \u041f\u0440\u043e\u043c\u043e\u043a\u043e\u0434\u044b\"},\"color\":\"primary\"}],[{\"action\":{\"type\":null}}]],\"inline\":false}"},{"key":"v","value":"5.103"},{"key":"random_id","value":"-1919978301"}]}}
[Exception]: код ошибки: 911
[Exception]: файл: /home/f0457801/domains/f0457801.xsph.ru/public_html/simplevk-master/src/vk_api.php:223
[Exception]: путь ошибки: #0 /home/f0457801/domains/f0457801.xsph.ru/public_html/simplevk-master/src/vk_api.php(420): DigitalStar\vk_api\vk_api->request('messages.send', Array)
#1 /home/f0457801/domains/f0457801.xsph.ru/public_html/bot.php(64): DigitalStar\vk_api\vk_api->sendButton(564375596, '\xD0\x90\xD0\xBB\xD0\xB5\xD0\xBA\xD1\x81\xD0\xB0\xD0\xBD\xD0...', Array)
#2 {main}
[Exception]: возникла ошибка:
[Exception]: текст: {"error":{"error_code":911,"error_msg":"Keyboard format is invalid: button [4][0] has invalid type","request_params":[{"key":"method","value":"messages.send"},{"key":"oauth","value":"1"},{"key":"peer_id","value":"564375596"},{"key":"keyboard","value":"{\"one_time\":false,\"buttons\":[[{\"action\":{\"type\":\"text\",\"payload\":\"{\\\"command\\\":\\\"profile\\\"}\",\"label\":\"\ud83c\udf97 \u041f\u0440\u043e\u0444\u0438\u043b\u044c\"},\"color\":\"positive\"}],[{\"action\":{\"type\":\"text\",\"payload\":\"{\\\"command\\\":\\\"kazik\\\"}\",\"label\":\"\ud83d\udcb4 \u041a\u0430\u0437\u0438\u043d\u043e\"},\"color\":\"primary\"},{\"action\":{\"type\":\"text\",\"payload\":\"{\\\"command\\\":\\\"magaz\\\"}\",\"label\":\"\ud83d\udcb0 \u041c\u0430\u0433\u0430\u0437\u0438\u043d\"},\"color\":\"primary\"}],[{\"action\":{\"type\":\"text\",\"payload\":\"{\\\"command\\\":\\\"bonus\\\"}\",\"label\":\"\u23f0 \u0415\u0436\u0435\u0434\u043d\u0435\u0432\u043d\u044b\u0439 \u0411\u043e\u043d\u0443\u0441\"},\"color\":\"primary\"}],[{\"action\":{\"type\":\"text\",\"payload\":\"{\\\"command\\\":\\\"prid\\\"}\",\"label\":\"\ud83d\udd25 \u041f\u0440\u043e\u043c\u043e\u043a\u043e\u0434\u044b\"},\"color\":\"primary\"}],[{\"action\":{\"type\":null}}]],\"inline\":false}"},{"key":"v","value":"5.103"},{"key":"random_id","value":"-613198961"}]}}
[Exception]: код ошибки: 911
[Exception]: файл: /home/f0457801/domains/f0457801.xsph.ru/public_html/simplevk-master/src/vk_api.php:223
[Exception]: путь ошибки: #0 /home/f0457801/domains/f0457801.xsph.ru/public_html/simplevk-master/src/vk_api.php(420): DigitalStar\vk_api\vk_api->request('messages.send', Array)
#1 /home/f0457801/domains/f0457801.xsph.ru/public_html/bot.php(226): DigitalStar\vk_api\vk_api->sendButton(564375596, '\xD0\x92\xD1\x8B \xD0\xB2\xD0\xB5\xD1\x80\xD0\xBD\xD1\x83...', Array)
#2 {main}
[Exception]: возникла ошибка:
[Exception]: текст: {"error":{"error_code":911,"error_msg":"Keyboard format is invalid: button [4][0] has invalid type","request_params":[{"key":"method","value":"messages.send"},{"key":"oauth","value":"1"},{"key":"peer_id","value":"564375596"},{"key":"keyboard","value":"{\"one_time\":false,\"buttons\":[[{\"action\":{\"type\":\"text\",\"payload\":\"{\\\"command\\\":\\\"profile\\\"}\",\"label\":\"\ud83c\udf97 \u041f\u0440\u043e\u0444\u0438\u043b\u044c\"},\"color\":\"positive\"}],[{\"action\":{\"type\":\"text\",\"payload\":\"{\\\"command\\\":\\\"kazik\\\"}\",\"label\":\"\ud83d\udcb4 \u041a\u0430\u0437\u0438\u043d\u043e\"},\"color\":\"primary\"},{\"action\":{\"type\":\"text\",\"payload\":\"{\\\"command\\\":\\\"magaz\\\"}\",\"label\":\"\ud83d\udcb0 \u041c\u0430\u0433\u0430\u0437\u0438\u043d\"},\"color\":\"primary\"}],[{\"action\":{\"type\":\"text\",\"payload\":\"{\\\"command\\\":\\\"bonus\\\"}\",\"label\":\"\u23f0 \u0415\u0436\u0435\u0434\u043d\u0435\u0432\u043d\u044b\u0439 \u0411\u043e\u043d\u0443\u0441\"},\"color\":\"primary\"}],[{\"action\":{\"type\":\"text\",\"payload\":\"{\\\"command\\\":\\\"prid\\\"}\",\"label\":\"\ud83d\udd25 \u041f\u0440\u043e\u043c\u043e\u043a\u043e\u0434\u044b\"},\"color\":\"primary\"}],[{\"action\":{\"type\":null}}]],\"inline\":false}"},{"key":"v","value":"5.103"},{"key":"random_id","value":"541280766"}]}}
[Exception]: код ошибки: 911
[Exception]: файл: /home/f0457801/domains/f0457801.xsph.ru/public_html/simplevk-master/src/vk_api.php:223
[Exception]: путь ошибки: #0 /home/f0457801/domains/f0457801.xsph.ru/public_html/simplevk-master/src/vk_api.php(420): DigitalStar\vk_api\vk_api->request('messages.send', Array)
#1 /home/f0457801/domains/f0457801.xsph.ru/public_html/bot.php(226): DigitalStar\vk_api\vk_api->sendButton(564375596, '\xD0\x92\xD1\x8B \xD0\xB2\xD0\xB5\xD1\x80\xD0\xBD\xD1\x83...', Array)
#2 {main}
[Exception]: возникла ошибка:
[Exception]: текст: {"error":{"error_code":911,"error_msg":"Keyboard format is invalid: button [4][0] has invalid type","request_params":[{"key":"method","value":"messages.send"},{"key":"oauth","value":"1"},{"key":"peer_id","value":"564375596"},{"key":"keyboard","value":"{\"one_time\":false,\"buttons\":[[{\"action\":{\"type\":\"text\",\"payload\":\"{\\\"command\\\":\\\"profile\\\"}\",\"label\":\"\ud83c\udf97 \u041f\u0440\u043e\u0444\u0438\u043b\u044c\"},\"color\":\"positive\"}],[{\"action\":{\"type\":\"text\",\"payload\":\"{\\\"command\\\":\\\"kazik\\\"}\",\"label\":\"\ud83d\udcb4 \u041a\u0430\u0437\u0438\u043d\u043e\"},\"color\":\"primary\"},{\"action\":{\"type\":\"text\",\"payload\":\"{\\\"command\\\":\\\"magaz\\\"}\",\"label\":\"\ud83d\udcb0 \u041c\u0430\u0433\u0430\u0437\u0438\u043d\"},\"color\":\"primary\"}],[{\"action\":{\"type\":\"text\",\"payload\":\"{\\\"command\\\":\\\"bonus\\\"}\",\"label\":\"\u23f0 \u0415\u0436\u0435\u0434\u043d\u0435\u0432\u043d\u044b\u0439 \u0411\u043e\u043d\u0443\u0441\"},\"color\":\"primary\"}],[{\"action\":{\"type\":\"text\",\"payload\":\"{\\\"command\\\":\\\"prid\\\"}\",\"label\":\"\ud83d\udd25 \u041f\u0440\u043e\u043c\u043e\u043a\u043e\u0434\u044b\"},\"color\":\"primary\"}],[{\"action\":{\"type\":null}}]],\"inline\":false}"},{"key":"v","value":"5.103"},{"key":"random_id","value":"-854131410"}]}}
[Exception]: код ошибки: 911
[Exception]: файл: /home/f0457801/domains/f0457801.xsph.ru/public_html/simplevk-master/src/vk_api.php:223
[Exception]: путь ошибки: #0 /home/f0457801/domains/f0457801.xsph.ru/public_html/simplevk-master/src/vk_api.php(420): DigitalStar\vk_api\vk_api->request('messages.send', Array)
#1 /home/f0457801/domains/f0457801.xsph.ru/public_html/bot.php(226): DigitalStar\vk_api\vk_api->sendButton(564375596, '\xD0\x92\xD1\x8B \xD0\xB2\xD0\xB5\xD1\x80\xD0\xBD\xD1\x83...', Array)
#2 {main}
[Exception]: возникла ошибка:
[Exception]: текст: {"error":{"error_code":911,"error_msg":"Keyboard format is invalid: button [4][0] has invalid type","request_params":[{"key":"method","value":"messages.send"},{"key":"oauth","value":"1"},{"key":"peer_id","value":"564375596"},{"key":"keyboard","value":"{\"one_time\":false,\"buttons\":[[{\"action\":{\"type\":\"text\",\"payload\":\"{\\\"command\\\":\\\"profile\\\"}\",\"label\":\"\ud83c\udf97 \u041f\u0440\u043e\u0444\u0438\u043b\u044c\"},\"color\":\"positive\"}],[{\"action\":{\"type\":\"text\",\"payload\":\"{\\\"command\\\":\\\"kazik\\\"}\",\"label\":\"\ud83d\udcb4 \u041a\u0430\u0437\u0438\u043d\u043e\"},\"color\":\"primary\"},{\"action\":{\"type\":\"text\",\"payload\":\"{\\\"command\\\":\\\"magaz\\\"}\",\"label\":\"\ud83d\udcb0 \u041c\u0430\u0433\u0430\u0437\u0438\u043d\"},\"color\":\"primary\"}],[{\"action\":{\"type\":\"text\",\"payload\":\"{\\\"command\\\":\\\"bonus\\\"}\",\"label\":\"\u23f0 \u0415\u0436\u0435\u0434\u043d\u0435\u0432\u043d\u044b\u0439 \u0411\u043e\u043d\u0443\u0441\"},\"color\":\"primary\"}],[{\"action\":{\"type\":\"text\",\"payload\":\"{\\\"command\\\":\\\"prid\\\"}\",\"label\":\"\ud83d\udd25 \u041f\u0440\u043e\u043c\u043e\u043a\u043e\u0434\u044b\"},\"color\":\"primary\"}],[{\"action\":{\"type\":null}}]],\"inline\":false}"},{"key":"v","value":"5.103"},{"key":"random_id","value":"-715482672"}]}}
[Exception]: код ошибки: 911
[Exception]: файл: /home/f0457801/domains/f0457801.xsph.ru/public_html/simplevk-master/src/vk_api.php:223
[Exception]: путь ошибки: #0 /home/f0457801/domains/f0457801.xsph.ru/public_html/simplevk-master/src/vk_api.php(420): DigitalStar\vk_api\vk_api->request('messages.send', Array)
#1 /home/f0457801/domains/f0457801.xsph.ru/public_html/bot.php(226): DigitalStar\vk_api\vk_api->sendButton(564375596, '\xD0\x92\xD1\x8B \xD0\xB2\xD0\xB5\xD1\x80\xD0\xBD\xD1\x83...', Array)
#2 {main}
[Exception]: возникла ошибка:
[Exception]: текст: {"error":{"error_code":911,"error_msg":"Keyboard format is invalid: button [4][0] has invalid type","request_params":[{"key":"method","value":"messages.send"},{"key":"oauth","value":"1"},{"key":"peer_id","value":"564375596"},{"key":"keyboard","value":"{\"one_time\":false,\"buttons\":[[{\"action\":{\"type\":\"text\",\"payload\":\"{\\\"command\\\":\\\"profile\\\"}\",\"label\":\"\ud83c\udf97 \u041f\u0440\u043e\u0444\u0438\u043b\u044c\"},\"color\":\"positive\"}],[{\"action\":{\"type\":\"text\",\"payload\":\"{\\\"command\\\":\\\"kazik\\\"}\",\"label\":\"\ud83d\udcb4 \u041a\u0430\u0437\u0438\u043d\u043e\"},\"color\":\"primary\"},{\"action\":{\"type\":\"text\",\"payload\":\"{\\\"command\\\":\\\"magaz\\\"}\",\"label\":\"\ud83d\udcb0 \u041c\u0430\u0433\u0430\u0437\u0438\u043d\"},\"color\":\"primary\"}],[{\"action\":{\"type\":\"text\",\"payload\":\"{\\\"command\\\":\\\"bonus\\\"}\",\"label\":\"\u23f0 \u0415\u0436\u0435\u0434\u043d\u0435\u0432\u043d\u044b\u0439 \u0411\u043e\u043d\u0443\u0441\"},\"color\":\"primary\"}],[{\"action\":{\"type\":\"text\",\"payload\":\"{\\\"command\\\":\\\"prid\\\"}\",\"label\":\"\ud83d\udd25 \u041f\u0440\u043e\u043c\u043e\u043a\u043e\u0434\u044b\"},\"color\":\"primary\"}],[{\"action\":{\"type\":null}}]],\"inline\":false}"},{"key":"v","value":"5.103"},{"key":"random_id","value":"-362587962"}]}}
[Exception]: код ошибки: 911
[Exception]: файл: /home/f0457801/domains/f0457801.xsph.ru/public_html/simplevk-master/src/vk_api.php:223
[Exception]: путь ошибки: #0 /home/f0457801/domains/f0457801.xsph.ru/public_html/simplevk-master/src/vk_api.php(420): DigitalStar\vk_api\vk_api->request('messages.send', Array)
#1 /home/f0457801/domains/f0457801.xsph.ru/public_html/bot.php(226): DigitalStar\vk_api\vk_api->sendButton(564375596, '\xD0\x92\xD1\x8B \xD0\xB2\xD0\xB5\xD1\x80\xD0\xBD\xD1\x83...', Array)
#2 {main}
[Exception]: возникла ошибка:
[Exception]: текст: {"error":{"error_code":911,"error_msg":"Keyboard format is invalid: button [4][0] has invalid type","request_params":[{"key":"method","value":"messages.send"},{"key":"oauth","value":"1"},{"key":"peer_id","value":"564375596"},{"key":"keyboard","value":"{\"one_time\":false,\"buttons\":[[{\"action\":{\"type\":\"text\",\"payload\":\"{\\\"command\\\":\\\"profile\\\"}\",\"label\":\"\ud83c\udf97 \u041f\u0440\u043e\u0444\u0438\u043b\u044c\"},\"color\":\"positive\"}],[{\"action\":{\"type\":\"text\",\"payload\":\"{\\\"command\\\":\\\"kazik\\\"}\",\"label\":\"\ud83d\udcb4 \u041a\u0430\u0437\u0438\u043d\u043e\"},\"color\":\"primary\"},{\"action\":{\"type\":\"text\",\"payload\":\"{\\\"command\\\":\\\"magaz\\\"}\",\"label\":\"\ud83d\udcb0 \u041c\u0430\u0433\u0430\u0437\u0438\u043d\"},\"color\":\"primary\"}],[{\"action\":{\"type\":\"text\",\"payload\":\"{\\\"command\\\":\\\"bonus\\\"}\",\"label\":\"\u23f0 \u0415\u0436\u0435\u0434\u043d\u0435\u0432\u043d\u044b\u0439 \u0411\u043e\u043d\u0443\u0441\"},\"color\":\"primary\"}],[{\"action\":{\"type\":\"text\",\"payload\":\"{\\\"command\\\":\\\"prid\\\"}\",\"label\":\"\ud83d\udd25 \u041f\u0440\u043e\u043c\u043e\u043a\u043e\u0434\u044b\"},\"color\":\"primary\"}],[{\"action\":{\"type\":null}}]],\"inline\":false}"},{"key":"v","value":"5.103"},{"key":"random_id","value":"1088233436"}]}}
[Exception]: код ошибки: 911
[Exception]: файл: /home/f0457801/domains/f0457801.xsph.ru/public_html/simplevk-master/src/vk_api.php:223
[Exception]: путь ошибки: #0 /home/f0457801/domains/f0457801.xsph.ru/public_html/simplevk-master/src/vk_api.php(420): DigitalStar\vk_api\vk_api->request('messages.send', Array)
#1 /home/f0457801/domains/f0457801.xsph.ru/public_html/bot.php(226): DigitalStar\vk_api\vk_api->sendButton(564375596, '\xD0\x92\xD1\x8B \xD0\xB2\xD0\xB5\xD1\x80\xD0\xBD\xD1\x83...', Array)
#2 {main}
[Exception]: возникла ошибка:
[Exception]: текст: {"error":{"error_code":911,"error_msg":"Keyboard format is invalid: button [4][0] has invalid type","request_params":[{"key":"method","value":"messages.send"},{"key":"oauth","value":"1"},{"key":"peer_id","value":"564375596"},{"key":"keyboard","value":"{\"one_time\":false,\"buttons\":[[{\"action\":{\"type\":\"text\",\"payload\":\"{\\\"command\\\":\\\"profile\\\"}\",\"label\":\"\ud83c\udf97 \u041f\u0440\u043e\u0444\u0438\u043b\u044c\"},\"color\":\"positive\"}],[{\"action\":{\"type\":\"text\",\"payload\":\"{\\\"command\\\":\\\"kazik\\\"}\",\"label\":\"\ud83d\udcb4 \u041a\u0430\u0437\u0438\u043d\u043e\"},\"color\":\"primary\"},{\"action\":{\"type\":\"text\",\"payload\":\"{\\\"command\\\":\\\"magaz\\\"}\",\"label\":\"\ud83d\udcb0 \u041c\u0430\u0433\u0430\u0437\u0438\u043d\"},\"color\":\"primary\"}],[{\"action\":{\"type\":\"text\",\"payload\":\"{\\\"command\\\":\\\"bonus\\\"}\",\"label\":\"\u23f0 \u0415\u0436\u0435\u0434\u043d\u0435\u0432\u043d\u044b\u0439 \u0411\u043e\u043d\u0443\u0441\"},\"color\":\"primary\"}],[{\"action\":{\"type\":\"text\",\"payload\":\"{\\\"command\\\":\\\"prid\\\"}\",\"label\":\"\ud83d\udd25 \u041f\u0440\u043e\u043c\u043e\u043a\u043e\u0434\u044b\"},\"color\":\"primary\"}],[{\"action\":{\"type\":null}}]],\"inline\":false}"},{"key":"v","value":"5.103"},{"key":"random_id","value":"136453191"}]}}
[Exception]: код ошибки: 911
[Exception]: файл: /home/f0457801/domains/f0457801.xsph.ru/public_html/simplevk-master/src/vk_api.php:223
[Exception]: путь ошибки: #0 /home/f0457801/domains/f0457801.xsph.ru/public_html/simplevk-master/src/vk_api.php(420): DigitalStar\vk_api\vk_api->request('messages.send', Array)
#1 /home/f0457801/domains/f0457801.xsph.ru/public_html/bot.php(226): DigitalStar\vk_api\vk_api->sendButton(564375596, '\xD0\x92\xD1\x8B \xD0\xB2\xD0\xB5\xD1\x80\xD0\xBD\xD1\x83...', Array)
#2 {main}
[Exception]: возникла ошибка:
[Exception]: текст: {"error":{"error_code":911,"error_msg":"Keyboard format is invalid: button [4][0] has invalid type","request_params":[{"key":"method","value":"messages.send"},{"key":"oauth","value":"1"},{"key":"peer_id","value":"564375596"},{"key":"keyboard","value":"{\"one_time\":false,\"buttons\":[[{\"action\":{\"type\":\"text\",\"payload\":\"{\\\"command\\\":\\\"profile\\\"}\",\"label\":\"\ud83c\udf97 \u041f\u0440\u043e\u0444\u0438\u043b\u044c\"},\"color\":\"positive\"}],[{\"action\":{\"type\":\"text\",\"payload\":\"{\\\"command\\\":\\\"kazik\\\"}\",\"label\":\"\ud83d\udcb4 \u041a\u0430\u0437\u0438\u043d\u043e\"},\"color\":\"primary\"},{\"action\":{\"type\":\"text\",\"payload\":\"{\\\"command\\\":\\\"magaz\\\"}\",\"label\":\"\ud83d\udcb0 \u041c\u0430\u0433\u0430\u0437\u0438\u043d\"},\"color\":\"primary\"}],[{\"action\":{\"type\":\"text\",\"payload\":\"{\\\"command\\\":\\\"bonus\\\"}\",\"label\":\"\u23f0 \u0415\u0436\u0435\u0434\u043d\u0435\u0432\u043d\u044b\u0439 \u0411\u043e\u043d\u0443\u0441\"},\"color\":\"primary\"}],[{\"action\":{\"type\":\"text\",\"payload\":\"{\\\"command\\\":\\\"prid\\\"}\",\"label\":\"\ud83d\udd25 \u041f\u0440\u043e\u043c\u043e\u043a\u043e\u0434\u044b\"},\"color\":\"primary\"}],[{\"action\":{\"type\":null}}]],\"inline\":false}"},{"key":"v","value":"5.103"},{"key":"random_id","value":"13457460"}]}}
[Exception]: код ошибки: 911
[Exception]: файл: /home/f0457801/domains/f0457801.xsph.ru/public_html/simplevk-master/src/vk_api.php:223
[Exception]: путь ошибки: #0 /home/f0457801/domains/f0457801.xsph.ru/public_html/simplevk-master/src/vk_api.php(420): DigitalStar\vk_api\vk_api->request('messages.send', Array)
#1 /home/f0457801/domains/f0457801.xsph.ru/public_html/bot.php(226): DigitalStar\vk_api\vk_api->sendButton(564375596, '\xD0\x92\xD1\x8B \xD0\xB2\xD0\xB5\xD1\x80\xD0\xBD\xD1\x83...', Array)
#2 {main}
[Exception]: возникла ошибка:
[Exception]: текст: {"error":{"error_code":911,"error_msg":"Keyboard format is invalid: button [4][0] has invalid type","request_params":[{"key":"method","value":"messages.send"},{"key":"oauth","value":"1"},{"key":"peer_id","value":"564375596"},{"key":"keyboard","value":"{\"one_time\":false,\"buttons\":[[{\"action\":{\"type\":\"text\",\"payload\":\"{\\\"command\\\":\\\"profile\\\"}\",\"label\":\"\ud83c\udf97 \u041f\u0440\u043e\u0444\u0438\u043b\u044c\"},\"color\":\"positive\"}],[{\"action\":{\"type\":\"text\",\"payload\":\"{\\\"command\\\":\\\"kazik\\\"}\",\"label\":\"\ud83d\udcb4 \u041a\u0430\u0437\u0438\u043d\u043e\"},\"color\":\"primary\"},{\"action\":{\"type\":\"text\",\"payload\":\"{\\\"command\\\":\\\"magaz\\\"}\",\"label\":\"\ud83d\udcb0 \u041c\u0430\u0433\u0430\u0437\u0438\u043d\"},\"color\":\"primary\"}],[{\"action\":{\"type\":\"text\",\"payload\":\"{\\\"command\\\":\\\"bonus\\\"}\",\"label\":\"\u23f0 \u0415\u0436\u0435\u0434\u043d\u0435\u0432\u043d\u044b\u0439 \u0411\u043e\u043d\u0443\u0441\"},\"color\":\"primary\"}],[{\"action\":{\"type\":\"text\",\"payload\":\"{\\\"command\\\":\\\"prid\\\"}\",\"label\":\"\ud83d\udd25 \u041f\u0440\u043e\u043c\u043e\u043a\u043e\u0434\u044b\"},\"color\":\"primary\"}],[{\"action\":{\"type\":null}}]],\"inline\":false}"},{"key":"v","value":"5.103"},{"key":"random_id","value":"-1124023511"}]}}
[Exception]: код ошибки: 911
[Exception]: файл: /home/f0457801/domains/f0457801.xsph.ru/public_html/simplevk-master/src/vk_api.php:223
[Exception]: путь ошибки: #0 /home/f0457801/domains/f0457801.xsph.ru/public_html/simplevk-master/src/vk_api.php(420): DigitalStar\vk_api\vk_api->request('messages.send', Array)
#1 /home/f0457801/domains/f0457801.xsph.ru/public_html/bot.php(226): DigitalStar\vk_api\vk_api->sendButton(564375596, '\xD0\x92\xD1\x8B \xD0\xB2\xD0\xB5\xD1\x80\xD0\xBD\xD1\x83...', Array)
#2 {main}
[Exception]: возникла ошибка:
[Exception]: текст: {"error":{"error_code":911,"error_msg":"Keyboard format is invalid: button [4][0] has invalid type","request_params":[{"key":"method","value":"messages.send"},{"key":"oauth","value":"1"},{"key":"peer_id","value":"564375596"},{"key":"keyboard","value":"{\"one_time\":false,\"buttons\":[[{\"action\":{\"type\":\"text\",\"payload\":\"{\\\"command\\\":\\\"profile\\\"}\",\"label\":\"\ud83c\udf97 \u041f\u0440\u043e\u0444\u0438\u043b\u044c\"},\"color\":\"positive\"}],[{\"action\":{\"type\":\"text\",\"payload\":\"{\\\"command\\\":\\\"kazik\\\"}\",\"label\":\"\ud83d\udcb4 \u041a\u0430\u0437\u0438\u043d\u043e\"},\"color\":\"primary\"},{\"action\":{\"type\":\"text\",\"payload\":\"{\\\"command\\\":\\\"magaz\\\"}\",\"label\":\"\ud83d\udcb0 \u041c\u0430\u0433\u0430\u0437\u0438\u043d\"},\"color\":\"primary\"}],[{\"action\":{\"type\":\"text\",\"payload\":\"{\\\"command\\\":\\\"bonus\\\"}\",\"label\":\"\u23f0 \u0415\u0436\u0435\u0434\u043d\u0435\u0432\u043d\u044b\u0439 \u0411\u043e\u043d\u0443\u0441\"},\"color\":\"primary\"}],[{\"action\":{\"type\":\"text\",\"payload\":\"{\\\"command\\\":\\\"prid\\\"}\",\"label\":\"\ud83d\udd25 \u041f\u0440\u043e\u043c\u043e\u043a\u043e\u0434\u044b\"},\"color\":\"primary\"}],[{\"action\":{\"type\":null}}]],\"inline\":false}"},{"key":"v","value":"5.103"},{"key":"random_id","value":"2021979055"}]}}
[Exception]: код ошибки: 911
[Exception]: файл: /home/f0457801/domains/f0457801.xsph.ru/public_html/simplevk-master/src/vk_api.php:223
[Exception]: путь ошибки: #0 /home/f0457801/domains/f0457801.xsph.ru/public_html/simplevk-master/src/vk_api.php(420): DigitalStar\vk_api\vk_api->request('messages.send', Array)
#1 /home/f0457801/domains/f0457801.xsph.ru/public_html/bot.php(64): DigitalStar\vk_api\vk_api->sendButton(564375596, '\xD0\x90\xD0\xBB\xD0\xB5\xD0\xBA\xD1\x81\xD0\xB0\xD0\xBD\xD0...', Array)
#2 {main}
[Exception]: возникла ошибка:
[Exception]: текст: {"error":{"error_code":911,"error_msg":"Keyboard format is invalid: button [4][0] has invalid type","request_params":[{"key":"method","value":"messages.send"},{"key":"oauth","value":"1"},{"key":"peer_id","value":"564375596"},{"key":"keyboard","value":"{\"one_time\":false,\"buttons\":[[{\"action\":{\"type\":\"text\",\"payload\":\"{\\\"command\\\":\\\"profile\\\"}\",\"label\":\"\ud83c\udf97 \u041f\u0440\u043e\u0444\u0438\u043b\u044c\"},\"color\":\"positive\"}],[{\"action\":{\"type\":\"text\",\"payload\":\"{\\\"command\\\":\\\"kazik\\\"}\",\"label\":\"\ud83d\udcb4 \u041a\u0430\u0437\u0438\u043d\u043e\"},\"color\":\"primary\"},{\"action\":{\"type\":\"text\",\"payload\":\"{\\\"command\\\":\\\"magaz\\\"}\",\"label\":\"\ud83d\udcb0 \u041c\u0430\u0433\u0430\u0437\u0438\u043d\"},\"color\":\"primary\"}],[{\"action\":{\"type\":\"text\",\"payload\":\"{\\\"command\\\":\\\"bonus\\\"}\",\"label\":\"\u23f0 \u0415\u0436\u0435\u0434\u043d\u0435\u0432\u043d\u044b\u0439 \u0411\u043e\u043d\u0443\u0441\"},\"color\":\"primary\"}],[{\"action\":{\"type\":\"text\",\"payload\":\"{\\\"command\\\":\\\"prid\\\"}\",\"label\":\"\ud83d\udd25 \u041f\u0440\u043e\u043c\u043e\u043a\u043e\u0434\u044b\"},\"color\":\"primary\"}],[{\"action\":{\"type\":null}}]],\"inline\":false}"},{"key":"v","value":"5.103"},{"key":"random_id","value":"246000823"}]}}
[Exception]: код ошибки: 911
[Exception]: файл: /home/f0457801/domains/f0457801.xsph.ru/public_html/simplevk-master/src/vk_api.php:223
[Exception]: путь ошибки: #0 /home/f0457801/domains/f0457801.xsph.ru/public_html/simplevk-master/src/vk_api.php(420): DigitalStar\vk_api\vk_api->request('messages.send', Array)
#1 /home/f0457801/domains/f0457801.xsph.ru/public_html/bot.php(64): DigitalStar\vk_api\vk_api->sendButton(564375596, '\xD0\x90\xD0\xBB\xD0\xB5\xD0\xBA\xD1\x81\xD0\xB0\xD0\xBD\xD0...', Array)
#2 {main}
[Exception]: возникла ошибка:
[Exception]: текст: {"error":{"error_code":911,"error_msg":"Keyboard format is invalid: button [4][0] has invalid type","request_params":[{"key":"method","value":"messages.send"},{"key":"oauth","value":"1"},{"key":"peer_id","value":"564375596"},{"key":"keyboard","value":"{\"one_time\":false,\"buttons\":[[{\"action\":{\"type\":\"text\",\"payload\":\"{\\\"command\\\":\\\"profile\\\"}\",\"label\":\"\ud83c\udf97 \u041f\u0440\u043e\u0444\u0438\u043b\u044c\"},\"color\":\"positive\"}],[{\"action\":{\"type\":\"text\",\"payload\":\"{\\\"command\\\":\\\"kazik\\\"}\",\"label\":\"\ud83d\udcb4 \u041a\u0430\u0437\u0438\u043d\u043e\"},\"color\":\"primary\"},{\"action\":{\"type\":\"text\",\"payload\":\"{\\\"command\\\":\\\"magaz\\\"}\",\"label\":\"\ud83d\udcb0 \u041c\u0430\u0433\u0430\u0437\u0438\u043d\"},\"color\":\"primary\"}],[{\"action\":{\"type\":\"text\",\"payload\":\"{\\\"command\\\":\\\"bonus\\\"}\",\"label\":\"\u23f0 \u0415\u0436\u0435\u0434\u043d\u0435\u0432\u043d\u044b\u0439 \u0411\u043e\u043d\u0443\u0441\"},\"color\":\"primary\"}],[{\"action\":{\"type\":\"text\",\"payload\":\"{\\\"command\\\":\\\"prid\\\"}\",\"label\":\"\ud83d\udd25 \u041f\u0440\u043e\u043c\u043e\u043a\u043e\u0434\u044b\"},\"color\":\"primary\"}],[{\"action\":{\"type\":null}}]],\"inline\":false}"},{"key":"v","value":"5.103"},{"key":"random_id","value":"-147685267"}]}}
[Exception]: код ошибки: 911
[Exception]: файл: /home/f0457801/domains/f0457801.xsph.ru/public_html/simplevk-master/src/vk_api.php:223
[Exception]: путь ошибки: #0 /home/f0457801/domains/f0457801.xsph.ru/public_html/simplevk-master/src/vk_api.php(420): DigitalStar\vk_api\vk_api->request('messages.send', Array)
#1 /home/f0457801/domains/f0457801.xsph.ru/public_html/bot.php(64): DigitalStar\vk_api\vk_api->sendButton(564375596, '\xD0\x90\xD0\xBB\xD0\xB5\xD0\xBA\xD1\x81\xD0\xB0\xD0\xBD\xD0...', Array)
#2 {main}
[Exception]: возникла ошибка:
[Exception]: текст: {"error":{"error_code":911,"error_msg":"Keyboard format is invalid: button [4][0] has invalid type","request_params":[{"key":"method","value":"messages.send"},{"key":"oauth","value":"1"},{"key":"peer_id","value":"564375596"},{"key":"keyboard","value":"{\"one_time\":false,\"buttons\":[[{\"action\":{\"type\":\"text\",\"payload\":\"{\\\"command\\\":\\\"profile\\\"}\",\"label\":\"\ud83c\udf97 \u041f\u0440\u043e\u0444\u0438\u043b\u044c\"},\"color\":\"positive\"}],[{\"action\":{\"type\":\"text\",\"payload\":\"{\\\"command\\\":\\\"kazik\\\"}\",\"label\":\"\ud83d\udcb4 \u041a\u0430\u0437\u0438\u043d\u043e\"},\"color\":\"primary\"},{\"action\":{\"type\":\"text\",\"payload\":\"{\\\"command\\\":\\\"magaz\\\"}\",\"label\":\"\ud83d\udcb0 \u041c\u0430\u0433\u0430\u0437\u0438\u043d\"},\"color\":\"primary\"}],[{\"action\":{\"type\":\"text\",\"payload\":\"{\\\"command\\\":\\\"bonus\\\"}\",\"label\":\"\u23f0 \u0415\u0436\u0435\u0434\u043d\u0435\u0432\u043d\u044b\u0439 \u0411\u043e\u043d\u0443\u0441\"},\"color\":\"primary\"}],[{\"action\":{\"type\":\"text\",\"payload\":\"{\\\"command\\\":\\\"prid\\\"}\",\"label\":\"\ud83d\udd25 \u041f\u0440\u043e\u043c\u043e\u043a\u043e\u0434\u044b\"},\"color\":\"primary\"}],[{\"action\":{\"type\":null}}]],\"inline\":false}"},{"key":"v","value":"5.103"},{"key":"random_id","value":"1156030186"}]}}
[Exception]: код ошибки: 911
[Exception]: файл: /home/f0457801/domains/f0457801.xsph.ru/public_html/simplevk-master/src/vk_api.php:223
[Exception]: путь ошибки: #0 /home/f0457801/domains/f0457801.xsph.ru/public_html/simplevk-master/src/vk_api.php(420): DigitalStar\vk_api\vk_api->request('messages.send', Array)
#1 /home/f0457801/domains/f0457801.xsph.ru/public_html/bot.php(226): DigitalStar\vk_api\vk_api->sendButton(564375596, '\xD0\x92\xD1\x8B \xD0\xB2\xD0\xB5\xD1\x80\xD0\xBD\xD1\x83...', Array)
#2 {main}
[Exception]: возникла ошибка:
[Exception]: текст: {"error":{"error_code":911,"error_msg":"Keyboard format is invalid: button [4][0] has invalid type","request_params":[{"key":"method","value":"messages.send"},{"key":"oauth","value":"1"},{"key":"peer_id","value":"564375596"},{"key":"keyboard","value":"{\"one_time\":false,\"buttons\":[[{\"action\":{\"type\":\"text\",\"payload\":\"{\\\"command\\\":\\\"profile\\\"}\",\"label\":\"\ud83c\udf97 \u041f\u0440\u043e\u0444\u0438\u043b\u044c\"},\"color\":\"positive\"}],[{\"action\":{\"type\":\"text\",\"payload\":\"{\\\"command\\\":\\\"kazik\\\"}\",\"label\":\"\ud83d\udcb4 \u041a\u0430\u0437\u0438\u043d\u043e\"},\"color\":\"primary\"},{\"action\":{\"type\":\"text\",\"payload\":\"{\\\"command\\\":\\\"magaz\\\"}\",\"label\":\"\ud83d\udcb0 \u041c\u0430\u0433\u0430\u0437\u0438\u043d\"},\"color\":\"primary\"}],[{\"action\":{\"type\":\"text\",\"payload\":\"{\\\"command\\\":\\\"bonus\\\"}\",\"label\":\"\u23f0 \u0415\u0436\u0435\u0434\u043d\u0435\u0432\u043d\u044b\u0439 \u0411\u043e\u043d\u0443\u0441\"},\"color\":\"primary\"}],[{\"action\":{\"type\":\"text\",\"payload\":\"{\\\"command\\\":\\\"prid\\\"}\",\"label\":\"\ud83d\udd25 \u041f\u0440\u043e\u043c\u043e\u043a\u043e\u0434\u044b\"},\"color\":\"primary\"}],[{\"action\":{\"type\":null}}]],\"inline\":false}"},{"key":"v","value":"5.103"},{"key":"random_id","value":"-1298402327"}]}}
[Exception]: код ошибки: 911
[Exception]: файл: /home/f0457801/domains/f0457801.xsph.ru/public_html/simplevk-master/src/vk_api.php:223
[Exception]: путь ошибки: #0 /home/f0457801/domains/f0457801.xsph.ru/public_html/simplevk-master/src/vk_api.php(420): DigitalStar\vk_api\vk_api->request('messages.send', Array)
#1 /home/f0457801/domains/f0457801.xsph.ru/public_html/bot.php(226): DigitalStar\vk_api\vk_api->sendButton(564375596, '\xD0\x92\xD1\x8B \xD0\xB2\xD0\xB5\xD1\x80\xD0\xBD\xD1\x83...', Array)
#2 {main}
[Exception]: возникла ошибка:
[Exception]: текст: {"error":{"error_code":911,"error_msg":"Keyboard format is invalid: button [4][0] has invalid type","request_params":[{"key":"method","value":"messages.send"},{"key":"oauth","value":"1"},{"key":"peer_id","value":"564375596"},{"key":"keyboard","value":"{\"one_time\":false,\"buttons\":[[{\"action\":{\"type\":\"text\",\"payload\":\"{\\\"command\\\":\\\"profile\\\"}\",\"label\":\"\ud83c\udf97 \u041f\u0440\u043e\u0444\u0438\u043b\u044c\"},\"color\":\"positive\"}],[{\"action\":{\"type\":\"text\",\"payload\":\"{\\\"command\\\":\\\"kazik\\\"}\",\"label\":\"\ud83d\udcb4 \u041a\u0430\u0437\u0438\u043d\u043e\"},\"color\":\"primary\"},{\"action\":{\"type\":\"text\",\"payload\":\"{\\\"command\\\":\\\"magaz\\\"}\",\"label\":\"\ud83d\udcb0 \u041c\u0430\u0433\u0430\u0437\u0438\u043d\"},\"color\":\"primary\"}],[{\"action\":{\"type\":\"text\",\"payload\":\"{\\\"command\\\":\\\"bonus\\\"}\",\"label\":\"\u23f0 \u0415\u0436\u0435\u0434\u043d\u0435\u0432\u043d\u044b\u0439 \u0411\u043e\u043d\u0443\u0441\"},\"color\":\"primary\"}],[{\"action\":{\"type\":\"text\",\"payload\":\"{\\\"command\\\":\\\"prid\\\"}\",\"label\":\"\ud83d\udd25 \u041f\u0440\u043e\u043c\u043e\u043a\u043e\u0434\u044b\"},\"color\":\"primary\"}],[{\"action\":{\"type\":null}}]],\"inline\":false}"},{"key":"v","value":"5.103"},{"key":"random_id","value":"-833153059"}]}}
[Exception]: код ошибки: 911
[Exception]: файл: /home/f0457801/domains/f0457801.xsph.ru/public_html/simplevk-master/src/vk_api.php:223
[Exception]: путь ошибки: #0 /home/f0457801/domains/f0457801.xsph.ru/public_html/simplevk-master/src/vk_api.php(420): DigitalStar\vk_api\vk_api->request('messages.send', Array)
#1 /home/f0457801/domains/f0457801.xsph.ru/public_html/bot.php(226): DigitalStar\vk_api\vk_api->sendButton(564375596, '\xD0\x92\xD1\x8B \xD0\xB2\xD0\xB5\xD1\x80\xD0\xBD\xD1\x83...', Array)
#2 {main}
[Exception]: возникла ошибка:
[Exception]: текст: {"error":{"error_code":911,"error_msg":"Keyboard format is invalid: button [4][0] has invalid type","request_params":[{"key":"method","value":"messages.send"},{"key":"oauth","value":"1"},{"key":"peer_id","value":"564375596"},{"key":"keyboard","value":"{\"one_time\":false,\"buttons\":[[{\"action\":{\"type\":\"text\",\"payload\":\"{\\\"command\\\":\\\"profile\\\"}\",\"label\":\"\ud83c\udf97 \u041f\u0440\u043e\u0444\u0438\u043b\u044c\"},\"color\":\"positive\"}],[{\"action\":{\"type\":\"text\",\"payload\":\"{\\\"command\\\":\\\"kazik\\\"}\",\"label\":\"\ud83d\udcb4 \u041a\u0430\u0437\u0438\u043d\u043e\"},\"color\":\"primary\"},{\"action\":{\"type\":\"text\",\"payload\":\"{\\\"command\\\":\\\"magaz\\\"}\",\"label\":\"\ud83d\udcb0 \u041c\u0430\u0433\u0430\u0437\u0438\u043d\"},\"color\":\"primary\"}],[{\"action\":{\"type\":\"text\",\"payload\":\"{\\\"command\\\":\\\"bonus\\\"}\",\"label\":\"\u23f0 \u0415\u0436\u0435\u0434\u043d\u0435\u0432\u043d\u044b\u0439 \u0411\u043e\u043d\u0443\u0441\"},\"color\":\"primary\"}],[{\"action\":{\"type\":\"text\",\"payload\":\"{\\\"command\\\":\\\"prid\\\"}\",\"label\":\"\ud83d\udd25 \u041f\u0440\u043e\u043c\u043e\u043a\u043e\u0434\u044b\"},\"color\":\"primary\"}],[{\"action\":{\"type\":null}}]],\"inline\":false}"},{"key":"v","value":"5.103"},{"key":"random_id","value":"-861743506"}]}}
[Exception]: код ошибки: 911
[Exception]: файл: /home/f0457801/domains/f0457801.xsph.ru/public_html/simplevk-master/src/vk_api.php:223
[Exception]: путь ошибки: #0 /home/f0457801/domains/f0457801.xsph.ru/public_html/simplevk-master/src/vk_api.php(420): DigitalStar\vk_api\vk_api->request('messages.send', Array)
#1 /home/f0457801/domains/f0457801.xsph.ru/public_html/bot.php(226): DigitalStar\vk_api\vk_api->sendButton(564375596, '\xD0\x92\xD1\x8B \xD0\xB2\xD0\xB5\xD1\x80\xD0\xBD\xD1\x83...', Array)
#2 {main}
[Exception]: возникла ошибка:
[Exception]: текст: {"error":{"error_code":911,"error_msg":"Keyboard format is invalid: button [4][0] has invalid type","request_params":[{"key":"method","value":"messages.send"},{"key":"oauth","value":"1"},{"key":"peer_id","value":"564375596"},{"key":"keyboard","value":"{\"one_time\":false,\"buttons\":[[{\"action\":{\"type\":\"text\",\"payload\":\"{\\\"command\\\":\\\"profile\\\"}\",\"label\":\"\ud83c\udf97 \u041f\u0440\u043e\u0444\u0438\u043b\u044c\"},\"color\":\"positive\"}],[{\"action\":{\"type\":\"text\",\"payload\":\"{\\\"command\\\":\\\"kazik\\\"}\",\"label\":\"\ud83d\udcb4 \u041a\u0430\u0437\u0438\u043d\u043e\"},\"color\":\"primary\"},{\"action\":{\"type\":\"text\",\"payload\":\"{\\\"command\\\":\\\"magaz\\\"}\",\"label\":\"\ud83d\udcb0 \u041c\u0430\u0433\u0430\u0437\u0438\u043d\"},\"color\":\"primary\"}],[{\"action\":{\"type\":\"text\",\"payload\":\"{\\\"command\\\":\\\"bonus\\\"}\",\"label\":\"\u23f0 \u0415\u0436\u0435\u0434\u043d\u0435\u0432\u043d\u044b\u0439 \u0411\u043e\u043d\u0443\u0441\"},\"color\":\"primary\"}],[{\"action\":{\"type\":\"text\",\"payload\":\"{\\\"command\\\":\\\"prid\\\"}\",\"label\":\"\ud83d\udd25 \u041f\u0440\u043e\u043c\u043e\u043a\u043e\u0434\u044b\"},\"color\":\"primary\"}],[{\"action\":{\"type\":null}}]],\"inline\":false}"},{"key":"v","value":"5.103"},{"key":"random_id","value":"-947655030"}]}}
[Exception]: код ошибки: 911
[Exception]: файл: /home/f0457801/domains/f0457801.xsph.ru/public_html/simplevk-master/src/vk_api.php:223
[Exception]: путь ошибки: #0 /home/f0457801/domains/f0457801.xsph.ru/public_html/simplevk-master/src/vk_api.php(420): DigitalStar\vk_api\vk_api->request('messages.send', Array)
#1 /home/f0457801/domains/f0457801.xsph.ru/public_html/bot.php(226): DigitalStar\vk_api\vk_api->sendButton(564375596, '\xD0\x92\xD1\x8B \xD0\xB2\xD0\xB5\xD1\x80\xD0\xBD\xD1\x83...', Array)
#2 {main}
[Exception]: возникла ошибка:
[Exception]: текст: {"error":{"error_code":911,"error_msg":"Keyboard format is invalid: button [4][0] has invalid type","request_params":[{"key":"method","value":"messages.send"},{"key":"oauth","value":"1"},{"key":"peer_id","value":"564375596"},{"key":"keyboard","value":"{\"one_time\":false,\"buttons\":[[{\"action\":{\"type\":\"text\",\"payload\":\"{\\\"command\\\":\\\"profile\\\"}\",\"label\":\"\ud83c\udf97 \u041f\u0440\u043e\u0444\u0438\u043b\u044c\"},\"color\":\"positive\"}],[{\"action\":{\"type\":\"text\",\"payload\":\"{\\\"command\\\":\\\"kazik\\\"}\",\"label\":\"\ud83d\udcb4 \u041a\u0430\u0437\u0438\u043d\u043e\"},\"color\":\"primary\"},{\"action\":{\"type\":\"text\",\"payload\":\"{\\\"command\\\":\\\"magaz\\\"}\",\"label\":\"\ud83d\udcb0 \u041c\u0430\u0433\u0430\u0437\u0438\u043d\"},\"color\":\"primary\"}],[{\"action\":{\"type\":\"text\",\"payload\":\"{\\\"command\\\":\\\"bonus\\\"}\",\"label\":\"\u23f0 \u0415\u0436\u0435\u0434\u043d\u0435\u0432\u043d\u044b\u0439 \u0411\u043e\u043d\u0443\u0441\"},\"color\":\"primary\"}],[{\"action\":{\"type\":\"text\",\"payload\":\"{\\\"command\\\":\\\"prid\\\"}\",\"label\":\"\ud83d\udd25 \u041f\u0440\u043e\u043c\u043e\u043a\u043e\u0434\u044b\"},\"color\":\"primary\"}],[{\"action\":{\"type\":null}}]],\"inline\":false}"},{"key":"v","value":"5.103"},{"key":"random_id","value":"1574893133"}]}}
[Exception]: код ошибки: 911
[Exception]: файл: /home/f0457801/domains/f0457801.xsph.ru/public_html/simplevk-master/src/vk_api.php:223
[Exception]: путь ошибки: #0 /home/f0457801/domains/f0457801.xsph.ru/public_html/simplevk-master/src/vk_api.php(420): DigitalStar\vk_api\vk_api->request('messages.send', Array)
#1 /home/f0457801/domains/f0457801.xsph.ru/public_html/bot.php(226): DigitalStar\vk_api\vk_api->sendButton(564375596, '\xD0\x92\xD1\x8B \xD0\xB2\xD0\xB5\xD1\x80\xD0\xBD\xD1\x83...', Array)
#2 {main}
[Exception]: возникла ошибка:
[Exception]: текст: {"error":{"error_code":911,"error_msg":"Keyboard format is invalid: button [4][0] has invalid type","request_params":[{"key":"method","value":"messages.send"},{"key":"oauth","value":"1"},{"key":"peer_id","value":"564375596"},{"key":"keyboard","value":"{\"one_time\":false,\"buttons\":[[{\"action\":{\"type\":\"text\",\"payload\":\"{\\\"command\\\":\\\"profile\\\"}\",\"label\":\"\ud83c\udf97 \u041f\u0440\u043e\u0444\u0438\u043b\u044c\"},\"color\":\"positive\"}],[{\"action\":{\"type\":\"text\",\"payload\":\"{\\\"command\\\":\\\"kazik\\\"}\",\"label\":\"\ud83d\udcb4 \u041a\u0430\u0437\u0438\u043d\u043e\"},\"color\":\"primary\"},{\"action\":{\"type\":\"text\",\"payload\":\"{\\\"command\\\":\\\"magaz\\\"}\",\"label\":\"\ud83d\udcb0 \u041c\u0430\u0433\u0430\u0437\u0438\u043d\"},\"color\":\"primary\"}],[{\"action\":{\"type\":\"text\",\"payload\":\"{\\\"command\\\":\\\"bonus\\\"}\",\"label\":\"\u23f0 \u0415\u0436\u0435\u0434\u043d\u0435\u0432\u043d\u044b\u0439 \u0411\u043e\u043d\u0443\u0441\"},\"color\":\"primary\"}],[{\"action\":{\"type\":\"text\",\"payload\":\"{\\\"command\\\":\\\"prid\\\"}\",\"label\":\"\ud83d\udd25 \u041f\u0440\u043e\u043c\u043e\u043a\u043e\u0434\u044b\"},\"color\":\"primary\"}],[{\"action\":{\"type\":null}}]],\"inline\":false}"},{"key":"v","value":"5.103"},{"key":"random_id","value":"377490640"}]}}
[Exception]: код ошибки: 911
[Exception]: файл: /home/f0457801/domains/f0457801.xsph.ru/public_html/simplevk-master/src/vk_api.php:223
[Exception]: путь ошибки: #0 /home/f0457801/domains/f0457801.xsph.ru/public_html/simplevk-master/src/vk_api.php(420): DigitalStar\vk_api\vk_api->request('messages.send', Array)
#1 /home/f0457801/domains/f0457801.xsph.ru/public_html/bot.php(226): DigitalStar\vk_api\vk_api->sendButton(564375596, '\xD0\x92\xD1\x8B \xD0\xB2\xD0\xB5\xD1\x80\xD0\xBD\xD1\x83...', Array)
#2 {main}
[Exception]: возникла ошибка:
[Exception]: текст: {"error":{"error_code":911,"error_msg":"Keyboard format is invalid: button [4][0] has invalid type","request_params":[{"key":"method","value":"messages.send"},{"key":"oauth","value":"1"},{"key":"peer_id","value":"564375596"},{"key":"keyboard","value":"{\"one_time\":false,\"buttons\":[[{\"action\":{\"type\":\"text\",\"payload\":\"{\\\"command\\\":\\\"profile\\\"}\",\"label\":\"\ud83c\udf97 \u041f\u0440\u043e\u0444\u0438\u043b\u044c\"},\"color\":\"positive\"}],[{\"action\":{\"type\":\"text\",\"payload\":\"{\\\"command\\\":\\\"kazik\\\"}\",\"label\":\"\ud83d\udcb4 \u041a\u0430\u0437\u0438\u043d\u043e\"},\"color\":\"primary\"},{\"action\":{\"type\":\"text\",\"payload\":\"{\\\"command\\\":\\\"magaz\\\"}\",\"label\":\"\ud83d\udcb0 \u041c\u0430\u0433\u0430\u0437\u0438\u043d\"},\"color\":\"primary\"}],[{\"action\":{\"type\":\"text\",\"payload\":\"{\\\"command\\\":\\\"bonus\\\"}\",\"label\":\"\u23f0 \u0415\u0436\u0435\u0434\u043d\u0435\u0432\u043d\u044b\u0439 \u0411\u043e\u043d\u0443\u0441\"},\"color\":\"primary\"}],[{\"action\":{\"type\":\"text\",\"payload\":\"{\\\"command\\\":\\\"prid\\\"}\",\"label\":\"\ud83d\udd25 \u041f\u0440\u043e\u043c\u043e\u043a\u043e\u0434\u044b\"},\"color\":\"primary\"}],[{\"action\":{\"type\":null}}]],\"inline\":false}"},{"key":"v","value":"5.103"},{"key":"random_id","value":"401069114"}]}}
[Exception]: код ошибки: 911
[Exception]: файл: /home/f0457801/domains/f0457801.xsph.ru/public_html/simplevk-master/src/vk_api.php:223
[Exception]: путь ошибки: #0 /home/f0457801/domains/f0457801.xsph.ru/public_html/simplevk-master/src/vk_api.php(420): DigitalStar\vk_api\vk_api->request('messages.send', Array)
#1 /home/f0457801/domains/f0457801.xsph.ru/public_html/bot.php(64): DigitalStar\vk_api\vk_api->sendButton(564375596, '\xD0\x90\xD0\xBB\xD0\xB5\xD0\xBA\xD1\x81\xD0\xB0\xD0\xBD\xD0...', Array)
#2 {main}
[Exception]: возникла ошибка:
[Exception]: текст: {"error":{"error_code":911,"error_msg":"Keyboard format is invalid: button [4][0] has invalid type","request_params":[{"key":"method","value":"messages.send"},{"key":"oauth","value":"1"},{"key":"peer_id","value":"564375596"},{"key":"keyboard","value":"{\"one_time\":false,\"buttons\":[[{\"action\":{\"type\":\"text\",\"payload\":\"{\\\"command\\\":\\\"profile\\\"}\",\"label\":\"\ud83c\udf97 \u041f\u0440\u043e\u0444\u0438\u043b\u044c\"},\"color\":\"positive\"}],[{\"action\":{\"type\":\"text\",\"payload\":\"{\\\"command\\\":\\\"kazik\\\"}\",\"label\":\"\ud83d\udcb4 \u041a\u0430\u0437\u0438\u043d\u043e\"},\"color\":\"primary\"},{\"action\":{\"type\":\"text\",\"payload\":\"{\\\"command\\\":\\\"magaz\\\"}\",\"label\":\"\ud83d\udcb0 \u041c\u0430\u0433\u0430\u0437\u0438\u043d\"},\"color\":\"primary\"}],[{\"action\":{\"type\":\"text\",\"payload\":\"{\\\"command\\\":\\\"bonus\\\"}\",\"label\":\"\u23f0 \u0415\u0436\u0435\u0434\u043d\u0435\u0432\u043d\u044b\u0439 \u0411\u043e\u043d\u0443\u0441\"},\"color\":\"primary\"}],[{\"action\":{\"type\":\"text\",\"payload\":\"{\\\"command\\\":\\\"prid\\\"}\",\"label\":\"\ud83d\udd25 \u041f\u0440\u043e\u043c\u043e\u043a\u043e\u0434\u044b\"},\"color\":\"primary\"}],[{\"action\":{\"type\":null}}]],\"inline\":false}"},{"key":"v","value":"5.103"},{"key":"random_id","value":"-1347623584"}]}}
[Exception]: код ошибки: 911
[Exception]: файл: /home/f0457801/domains/f0457801.xsph.ru/public_html/simplevk-master/src/vk_api.php:223
[Exception]: путь ошибки: #0 /home/f0457801/domains/f0457801.xsph.ru/public_html/simplevk-master/src/vk_api.php(420): DigitalStar\vk_api\vk_api->request('messages.send', Array)
#1 /home/f0457801/domains/f0457801.xsph.ru/public_html/bot.php(64): DigitalStar\vk_api\vk_api->sendButton(564375596, '\xD0\x90\xD0\xBB\xD0\xB5\xD0\xBA\xD1\x81\xD0\xB0\xD0\xBD\xD0...', Array)
#2 {main}
[Exception]: возникла ошибка:
[Exception]: текст: {"error":{"error_code":911,"error_msg":"Keyboard format is invalid: button [4][0] has invalid type","request_params":[{"key":"method","value":"messages.send"},{"key":"oauth","value":"1"},{"key":"peer_id","value":"564375596"},{"key":"keyboard","value":"{\"one_time\":false,\"buttons\":[[{\"action\":{\"type\":\"text\",\"payload\":\"{\\\"command\\\":\\\"profile\\\"}\",\"label\":\"\ud83c\udf97 \u041f\u0440\u043e\u0444\u0438\u043b\u044c\"},\"color\":\"positive\"}],[{\"action\":{\"type\":\"text\",\"payload\":\"{\\\"command\\\":\\\"kazik\\\"}\",\"label\":\"\ud83d\udcb4 \u041a\u0430\u0437\u0438\u043d\u043e\"},\"color\":\"primary\"},{\"action\":{\"type\":\"text\",\"payload\":\"{\\\"command\\\":\\\"magaz\\\"}\",\"label\":\"\ud83d\udcb0 \u041c\u0430\u0433\u0430\u0437\u0438\u043d\"},\"color\":\"primary\"}],[{\"action\":{\"type\":\"text\",\"payload\":\"{\\\"command\\\":\\\"bonus\\\"}\",\"label\":\"\u23f0 \u0415\u0436\u0435\u0434\u043d\u0435\u0432\u043d\u044b\u0439 \u0411\u043e\u043d\u0443\u0441\"},\"color\":\"primary\"}],[{\"action\":{\"type\":\"text\",\"payload\":\"{\\\"command\\\":\\\"prid\\\"}\",\"label\":\"\ud83d\udd25 \u041f\u0440\u043e\u043c\u043e\u043a\u043e\u0434\u044b\"},\"color\":\"primary\"}],[{\"action\":{\"type\":null}}]],\"inline\":false}"},{"key":"v","value":"5.103"},{"key":"random_id","value":"2060455113"}]}}
[Exception]: код ошибки: 911
[Exception]: файл: /home/f0457801/domains/f0457801.xsph.ru/public_html/simplevk-master/src/vk_api.php:223
[Exception]: путь ошибки: #0 /home/f0457801/domains/f0457801.xsph.ru/public_html/simplevk-master/src/vk_api.php(420): DigitalStar\vk_api\vk_api->request('messages.send', Array)
#1 /home/f0457801/domains/f0457801.xsph.ru/public_html/bot.php(64): DigitalStar\vk_api\vk_api->sendButton(564375596, '\xD0\x90\xD0\xBB\xD0\xB5\xD0\xBA\xD1\x81\xD0\xB0\xD0\xBD\xD0...', Array)
#2 {main}
[Exception]: возникла ошибка:
[Exception]: текст: {"error":{"error_code":911,"error_msg":"Keyboard format is invalid: button [4][0] has invalid type","request_params":[{"key":"method","value":"messages.send"},{"key":"oauth","value":"1"},{"key":"peer_id","value":"564375596"},{"key":"keyboard","value":"{\"one_time\":false,\"buttons\":[[{\"action\":{\"type\":\"text\",\"payload\":\"{\\\"command\\\":\\\"profile\\\"}\",\"label\":\"\ud83c\udf97 \u041f\u0440\u043e\u0444\u0438\u043b\u044c\"},\"color\":\"positive\"}],[{\"action\":{\"type\":\"text\",\"payload\":\"{\\\"command\\\":\\\"kazik\\\"}\",\"label\":\"\ud83d\udcb4 \u041a\u0430\u0437\u0438\u043d\u043e\"},\"color\":\"primary\"},{\"action\":{\"type\":\"text\",\"payload\":\"{\\\"command\\\":\\\"magaz\\\"}\",\"label\":\"\ud83d\udcb0 \u041c\u0430\u0433\u0430\u0437\u0438\u043d\"},\"color\":\"primary\"}],[{\"action\":{\"type\":\"text\",\"payload\":\"{\\\"command\\\":\\\"bonus\\\"}\",\"label\":\"\u23f0 \u0415\u0436\u0435\u0434\u043d\u0435\u0432\u043d\u044b\u0439 \u0411\u043e\u043d\u0443\u0441\"},\"color\":\"primary\"}],[{\"action\":{\"type\":\"text\",\"payload\":\"{\\\"command\\\":\\\"prid\\\"}\",\"label\":\"\ud83d\udd25 \u041f\u0440\u043e\u043c\u043e\u043a\u043e\u0434\u044b\"},\"color\":\"primary\"}],[{\"action\":{\"type\":null}}]],\"inline\":false}"},{"key":"v","value":"5.103"},{"key":"random_id","value":"-868572421"}]}}
[Exception]: код ошибки: 911
[Exception]: файл: /home/f0457801/domains/f0457801.xsph.ru/public_html/simplevk-master/src/vk_api.php:223
[Exception]: путь ошибки: #0 /home/f0457801/domains/f0457801.xsph.ru/public_html/simplevk-master/src/vk_api.php(420): DigitalStar\vk_api\vk_api->request('messages.send', Array)
#1 /home/f0457801/domains/f0457801.xsph.ru/public_html/bot.php(226): DigitalStar\vk_api\vk_api->sendButton(564375596, '\xD0\x92\xD1\x8B \xD0\xB2\xD0\xB5\xD1\x80\xD0\xBD\xD1\x83...', Array)
#2 {main}
[Exception]: возникла ошибка:
[Exception]: текст: {"error":{"error_code":911,"error_msg":"Keyboard format is invalid: button [4][0] has invalid type","request_params":[{"key":"method","value":"messages.send"},{"key":"oauth","value":"1"},{"key":"peer_id","value":"564375596"},{"key":"keyboard","value":"{\"one_time\":false,\"buttons\":[[{\"action\":{\"type\":\"text\",\"payload\":\"{\\\"command\\\":\\\"profile\\\"}\",\"label\":\"\ud83c\udf97 \u041f\u0440\u043e\u0444\u0438\u043b\u044c\"},\"color\":\"positive\"}],[{\"action\":{\"type\":\"text\",\"payload\":\"{\\\"command\\\":\\\"kazik\\\"}\",\"label\":\"\ud83d\udcb4 \u041a\u0430\u0437\u0438\u043d\u043e\"},\"color\":\"primary\"},{\"action\":{\"type\":\"text\",\"payload\":\"{\\\"command\\\":\\\"magaz\\\"}\",\"label\":\"\ud83d\udcb0 \u041c\u0430\u0433\u0430\u0437\u0438\u043d\"},\"color\":\"primary\"}],[{\"action\":{\"type\":\"text\",\"payload\":\"{\\\"command\\\":\\\"bonus\\\"}\",\"label\":\"\u23f0 \u0415\u0436\u0435\u0434\u043d\u0435\u0432\u043d\u044b\u0439 \u0411\u043e\u043d\u0443\u0441\"},\"color\":\"primary\"}],[{\"action\":{\"type\":\"text\",\"payload\":\"{\\\"command\\\":\\\"prid\\\"}\",\"label\":\"\ud83d\udd25 \u041f\u0440\u043e\u043c\u043e\u043a\u043e\u0434\u044b\"},\"color\":\"primary\"}],[{\"action\":{\"type\":null}}]],\"inline\":false}"},{"key":"v","value":"5.103"},{"key":"random_id","value":"1675737987"}]}}
[Exception]: код ошибки: 911
[Exception]: файл: /home/f0457801/domains/f0457801.xsph.ru/public_html/simplevk-master/src/vk_api.php:223
[Exception]: путь ошибки: #0 /home/f0457801/domains/f0457801.xsph.ru/public_html/simplevk-master/src/vk_api.php(420): DigitalStar\vk_api\vk_api->request('messages.send', Array)
#1 /home/f0457801/domains/f0457801.xsph.ru/public_html/bot.php(226): DigitalStar\vk_api\vk_api->sendButton(564375596, '\xD0\x92\xD1\x8B \xD0\xB2\xD0\xB5\xD1\x80\xD0\xBD\xD1\x83...', Array)
#2 {main}
[Exception]: возникла ошибка:
[Exception]: текст: {"error":{"error_code":911,"error_msg":"Keyboard format is invalid: button [4][0] has invalid type","request_params":[{"key":"method","value":"messages.send"},{"key":"oauth","value":"1"},{"key":"peer_id","value":"564375596"},{"key":"keyboard","value":"{\"one_time\":false,\"buttons\":[[{\"action\":{\"type\":\"text\",\"payload\":\"{\\\"command\\\":\\\"profile\\\"}\",\"label\":\"\ud83c\udf97 \u041f\u0440\u043e\u0444\u0438\u043b\u044c\"},\"color\":\"positive\"}],[{\"action\":{\"type\":\"text\",\"payload\":\"{\\\"command\\\":\\\"kazik\\\"}\",\"label\":\"\ud83d\udcb4 \u041a\u0430\u0437\u0438\u043d\u043e\"},\"color\":\"primary\"},{\"action\":{\"type\":\"text\",\"payload\":\"{\\\"command\\\":\\\"magaz\\\"}\",\"label\":\"\ud83d\udcb0 \u041c\u0430\u0433\u0430\u0437\u0438\u043d\"},\"color\":\"primary\"}],[{\"action\":{\"type\":\"text\",\"payload\":\"{\\\"command\\\":\\\"bonus\\\"}\",\"label\":\"\u23f0 \u0415\u0436\u0435\u0434\u043d\u0435\u0432\u043d\u044b\u0439 \u0411\u043e\u043d\u0443\u0441\"},\"color\":\"primary\"}],[{\"action\":{\"type\":\"text\",\"payload\":\"{\\\"command\\\":\\\"prid\\\"}\",\"label\":\"\ud83d\udd25 \u041f\u0440\u043e\u043c\u043e\u043a\u043e\u0434\u044b\"},\"color\":\"primary\"}],[{\"action\":{\"type\":null}}]],\"inline\":false}"},{"key":"v","value":"5.103"},{"key":"random_id","value":"-1743411521"}]}}
[Exception]: код ошибки: 911
[Exception]: файл: /home/f0457801/domains/f0457801.xsph.ru/public_html/simplevk-master/src/vk_api.php:223
[Exception]: путь ошибки: #0 /home/f0457801/domains/f0457801.xsph.ru/public_html/simplevk-master/src/vk_api.php(420): DigitalStar\vk_api\vk_api->request('messages.send', Array)
#1 /home/f0457801/domains/f0457801.xsph.ru/public_html/bot.php(226): DigitalStar\vk_api\vk_api->sendButton(564375596, '\xD0\x92\xD1\x8B \xD0\xB2\xD0\xB5\xD1\x80\xD0\xBD\xD1\x83...', Array)
#2 {main}
[Exception]: возникла ошибка:
[Exception]: текст: {"error":{"error_code":911,"error_msg":"Keyboard format is invalid: button [4][0] has invalid type","request_params":[{"key":"method","value":"messages.send"},{"key":"oauth","value":"1"},{"key":"peer_id","value":"564375596"},{"key":"keyboard","value":"{\"one_time\":false,\"buttons\":[[{\"action\":{\"type\":\"text\",\"payload\":\"{\\\"command\\\":\\\"profile\\\"}\",\"label\":\"\ud83c\udf97 \u041f\u0440\u043e\u0444\u0438\u043b\u044c\"},\"color\":\"positive\"}],[{\"action\":{\"type\":\"text\",\"payload\":\"{\\\"command\\\":\\\"kazik\\\"}\",\"label\":\"\ud83d\udcb4 \u041a\u0430\u0437\u0438\u043d\u043e\"},\"color\":\"primary\"},{\"action\":{\"type\":\"text\",\"payload\":\"{\\\"command\\\":\\\"magaz\\\"}\",\"label\":\"\ud83d\udcb0 \u041c\u0430\u0433\u0430\u0437\u0438\u043d\"},\"color\":\"primary\"}],[{\"action\":{\"type\":\"text\",\"payload\":\"{\\\"command\\\":\\\"bonus\\\"}\",\"label\":\"\u23f0 \u0415\u0436\u0435\u0434\u043d\u0435\u0432\u043d\u044b\u0439 \u0411\u043e\u043d\u0443\u0441\"},\"color\":\"primary\"}],[{\"action\":{\"type\":\"text\",\"payload\":\"{\\\"command\\\":\\\"prid\\\"}\",\"label\":\"\ud83d\udd25 \u041f\u0440\u043e\u043c\u043e\u043a\u043e\u0434\u044b\"},\"color\":\"primary\"}],[{\"action\":{\"type\":null}}]],\"inline\":false}"},{"key":"v","value":"5.103"},{"key":"random_id","value":"996355583"}]}}
[Exception]: код ошибки: 911
[Exception]: файл: /home/f0457801/domains/f0457801.xsph.ru/public_html/simplevk-master/src/vk_api.php:223
[Exception]: путь ошибки: #0 /home/f0457801/domains/f0457801.xsph.ru/public_html/simplevk-master/src/vk_api.php(420): DigitalStar\vk_api\vk_api->request('messages.send', Array)
#1 /home/f0457801/domains/f0457801.xsph.ru/public_html/bot.php(226): DigitalStar\vk_api\vk_api->sendButton(564375596, '\xD0\x92\xD1\x8B \xD0\xB2\xD0\xB5\xD1\x80\xD0\xBD\xD1\x83...', Array)
#2 {main}
